<?xml version="1.0" encoding="UTF-8"?>
<testsuite xmlns:xsi="http://www.w3.org/2001/XMLSchema-instance" xsi:noNamespaceSchemaLocation="https://maven.apache.org/surefire/maven-surefire-plugin/xsd/surefire-test-report-3.0.xsd" version="3.0" name="com.udacity.webcrawler.profiler.ProfilerImplTest" time="0.316" tests="7" errors="5" skipped="0" failures="1">
  <properties>
    <property name="java.specification.version" value="19"/>
    <property name="sun.cpu.isalist" value="amd64"/>
    <property name="sun.jnu.encoding" value="Cp1252"/>
    <property name="java.class.path" value="C:\Users\Monica Kumaran\Documents\Projects\parallel-web-crawler\parallel-web-crawler\target\test-classes;C:\Users\Monica Kumaran\Documents\Projects\parallel-web-crawler\parallel-web-crawler\target\classes;C:\Users\Monica Kumaran\.m2\repository\com\google\inject\guice\5.1.0\guice-5.1.0.jar;C:\Users\Monica Kumaran\.m2\repository\aopalliance\aopalliance\1.0\aopalliance-1.0.jar;C:\Users\Monica Kumaran\.m2\repository\com\google\guava\guava\30.1-jre\guava-30.1-jre.jar;C:\Users\Monica Kumaran\.m2\repository\com\google\guava\failureaccess\1.0.1\failureaccess-1.0.1.jar;C:\Users\Monica Kumaran\.m2\repository\com\google\guava\listenablefuture\9999.0-empty-to-avoid-conflict-with-guava\listenablefuture-9999.0-empty-to-avoid-conflict-with-guava.jar;C:\Users\Monica Kumaran\.m2\repository\com\google\code\findbugs\jsr305\3.0.2\jsr305-3.0.2.jar;C:\Users\Monica Kumaran\.m2\repository\com\google\j2objc\j2objc-annotations\1.3\j2objc-annotations-1.3.jar;C:\Users\Monica Kumaran\.m2\repository\javax\inject\javax.inject\1\javax.inject-1.jar;C:\Users\Monica Kumaran\.m2\repository\com\fasterxml\jackson\core\jackson-core\2.13.3\jackson-core-2.13.3.jar;C:\Users\Monica Kumaran\.m2\repository\com\fasterxml\jackson\core\jackson-databind\2.13.3\jackson-databind-2.13.3.jar;C:\Users\Monica Kumaran\.m2\repository\com\fasterxml\jackson\core\jackson-annotations\2.13.3\jackson-annotations-2.13.3.jar;C:\Users\Monica Kumaran\.m2\repository\org\jsoup\jsoup\1.14.3\jsoup-1.14.3.jar;C:\Users\Monica Kumaran\.m2\repository\com\google\truth\truth\1.1.3\truth-1.1.3.jar;C:\Users\Monica Kumaran\.m2\repository\org\checkerframework\checker-qual\3.13.0\checker-qual-3.13.0.jar;C:\Users\Monica Kumaran\.m2\repository\junit\junit\4.13.2\junit-4.13.2.jar;C:\Users\Monica Kumaran\.m2\repository\org\hamcrest\hamcrest-core\1.3\hamcrest-core-1.3.jar;C:\Users\Monica Kumaran\.m2\repository\com\google\auto\value\auto-value-annotations\1.8.1\auto-value-annotations-1.8.1.jar;C:\Users\Monica Kumaran\.m2\repository\com\google\errorprone\error_prone_annotations\2.7.1\error_prone_annotations-2.7.1.jar;C:\Users\Monica Kumaran\.m2\repository\org\ow2\asm\asm\9.1\asm-9.1.jar;C:\Users\Monica Kumaran\.m2\repository\org\junit\jupiter\junit-jupiter\5.8.2\junit-jupiter-5.8.2.jar;C:\Users\Monica Kumaran\.m2\repository\org\junit\jupiter\junit-jupiter-api\5.8.2\junit-jupiter-api-5.8.2.jar;C:\Users\Monica Kumaran\.m2\repository\org\opentest4j\opentest4j\1.2.0\opentest4j-1.2.0.jar;C:\Users\Monica Kumaran\.m2\repository\org\junit\platform\junit-platform-commons\1.8.2\junit-platform-commons-1.8.2.jar;C:\Users\Monica Kumaran\.m2\repository\org\apiguardian\apiguardian-api\1.1.2\apiguardian-api-1.1.2.jar;C:\Users\Monica Kumaran\.m2\repository\org\junit\jupiter\junit-jupiter-params\5.8.2\junit-jupiter-params-5.8.2.jar;C:\Users\Monica Kumaran\.m2\repository\org\junit\jupiter\junit-jupiter-engine\5.8.2\junit-jupiter-engine-5.8.2.jar;C:\Users\Monica Kumaran\.m2\repository\org\junit\platform\junit-platform-engine\1.8.2\junit-platform-engine-1.8.2.jar;"/>
    <property name="java.vm.vendor" value="Oracle Corporation"/>
    <property name="sun.arch.data.model" value="64"/>
    <property name="testDataDir" value="C:\Users\Monica Kumaran\Documents\Projects\parallel-web-crawler\parallel-web-crawler/src/test/data"/>
    <property name="user.variant" value=""/>
    <property name="java.vendor.url" value="https://java.oracle.com/"/>
    <property name="user.timezone" value="America/Los_Angeles"/>
    <property name="os.name" value="Windows 11"/>
    <property name="java.vm.specification.version" value="19"/>
    <property name="crawlerImplementations" value="com.udacity.webcrawler.SequentialWebCrawler&#10;                                com.udacity.webcrawler.ParallelWebCrawler"/>
    <property name="sun.java.launcher" value="SUN_STANDARD"/>
    <property name="user.country" value="US"/>
    <property name="sun.boot.library.path" value="C:\Program Files\Java\jdk-19\bin"/>
    <property name="sun.java.command" value="C:\Users\Monica Kumaran\AppData\Local\Temp\surefire9061202465249506815\surefirebooter12800662926000750784.jar C:\Users\Monica Kumaran\AppData\Local\Temp\surefire9061202465249506815 2023-01-15T21-27-05_033-jvmRun1 surefire4617255865305844346tmp surefire_03732661693230078348tmp"/>
    <property name="jdk.debug" value="release"/>
    <property name="test" value="ProfilerImplTest"/>
    <property name="surefire.test.class.path" value="C:\Users\Monica Kumaran\Documents\Projects\parallel-web-crawler\parallel-web-crawler\target\test-classes;C:\Users\Monica Kumaran\Documents\Projects\parallel-web-crawler\parallel-web-crawler\target\classes;C:\Users\Monica Kumaran\.m2\repository\com\google\inject\guice\5.1.0\guice-5.1.0.jar;C:\Users\Monica Kumaran\.m2\repository\aopalliance\aopalliance\1.0\aopalliance-1.0.jar;C:\Users\Monica Kumaran\.m2\repository\com\google\guava\guava\30.1-jre\guava-30.1-jre.jar;C:\Users\Monica Kumaran\.m2\repository\com\google\guava\failureaccess\1.0.1\failureaccess-1.0.1.jar;C:\Users\Monica Kumaran\.m2\repository\com\google\guava\listenablefuture\9999.0-empty-to-avoid-conflict-with-guava\listenablefuture-9999.0-empty-to-avoid-conflict-with-guava.jar;C:\Users\Monica Kumaran\.m2\repository\com\google\code\findbugs\jsr305\3.0.2\jsr305-3.0.2.jar;C:\Users\Monica Kumaran\.m2\repository\com\google\j2objc\j2objc-annotations\1.3\j2objc-annotations-1.3.jar;C:\Users\Monica Kumaran\.m2\repository\javax\inject\javax.inject\1\javax.inject-1.jar;C:\Users\Monica Kumaran\.m2\repository\com\fasterxml\jackson\core\jackson-core\2.13.3\jackson-core-2.13.3.jar;C:\Users\Monica Kumaran\.m2\repository\com\fasterxml\jackson\core\jackson-databind\2.13.3\jackson-databind-2.13.3.jar;C:\Users\Monica Kumaran\.m2\repository\com\fasterxml\jackson\core\jackson-annotations\2.13.3\jackson-annotations-2.13.3.jar;C:\Users\Monica Kumaran\.m2\repository\org\jsoup\jsoup\1.14.3\jsoup-1.14.3.jar;C:\Users\Monica Kumaran\.m2\repository\com\google\truth\truth\1.1.3\truth-1.1.3.jar;C:\Users\Monica Kumaran\.m2\repository\org\checkerframework\checker-qual\3.13.0\checker-qual-3.13.0.jar;C:\Users\Monica Kumaran\.m2\repository\junit\junit\4.13.2\junit-4.13.2.jar;C:\Users\Monica Kumaran\.m2\repository\org\hamcrest\hamcrest-core\1.3\hamcrest-core-1.3.jar;C:\Users\Monica Kumaran\.m2\repository\com\google\auto\value\auto-value-annotations\1.8.1\auto-value-annotations-1.8.1.jar;C:\Users\Monica Kumaran\.m2\repository\com\google\errorprone\error_prone_annotations\2.7.1\error_prone_annotations-2.7.1.jar;C:\Users\Monica Kumaran\.m2\repository\org\ow2\asm\asm\9.1\asm-9.1.jar;C:\Users\Monica Kumaran\.m2\repository\org\junit\jupiter\junit-jupiter\5.8.2\junit-jupiter-5.8.2.jar;C:\Users\Monica Kumaran\.m2\repository\org\junit\jupiter\junit-jupiter-api\5.8.2\junit-jupiter-api-5.8.2.jar;C:\Users\Monica Kumaran\.m2\repository\org\opentest4j\opentest4j\1.2.0\opentest4j-1.2.0.jar;C:\Users\Monica Kumaran\.m2\repository\org\junit\platform\junit-platform-commons\1.8.2\junit-platform-commons-1.8.2.jar;C:\Users\Monica Kumaran\.m2\repository\org\apiguardian\apiguardian-api\1.1.2\apiguardian-api-1.1.2.jar;C:\Users\Monica Kumaran\.m2\repository\org\junit\jupiter\junit-jupiter-params\5.8.2\junit-jupiter-params-5.8.2.jar;C:\Users\Monica Kumaran\.m2\repository\org\junit\jupiter\junit-jupiter-engine\5.8.2\junit-jupiter-engine-5.8.2.jar;C:\Users\Monica Kumaran\.m2\repository\org\junit\platform\junit-platform-engine\1.8.2\junit-platform-engine-1.8.2.jar;"/>
    <property name="sun.cpu.endian" value="little"/>
    <property name="user.home" value="C:\Users\Monica Kumaran"/>
    <property name="user.language" value="en"/>
    <property name="java.specification.vendor" value="Oracle Corporation"/>
    <property name="java.version.date" value="2022-10-18"/>
    <property name="java.home" value="C:\Program Files\Java\jdk-19"/>
    <property name="file.separator" value="\"/>
    <property name="basedir" value="C:\Users\Monica Kumaran\Documents\Projects\parallel-web-crawler\parallel-web-crawler"/>
    <property name="java.vm.compressedOopsMode" value="32-bit"/>
    <property name="line.separator" value="&#10;"/>
    <property name="java.vm.specification.vendor" value="Oracle Corporation"/>
    <property name="java.specification.name" value="Java Platform API Specification"/>
    <property name="surefire.real.class.path" value="C:\Users\Monica Kumaran\AppData\Local\Temp\surefire9061202465249506815\surefirebooter12800662926000750784.jar"/>
    <property name="user.script" value=""/>
    <property name="sun.management.compiler" value="HotSpot 64-Bit Tiered Compilers"/>
    <property name="java.runtime.version" value="19.0.1+10-21"/>
    <property name="user.name" value="Monica Kumaran"/>
    <property name="stdout.encoding" value="Cp1252"/>
    <property name="path.separator" value=";"/>
    <property name="os.version" value="10.0"/>
    <property name="java.runtime.name" value="Java(TM) SE Runtime Environment"/>
    <property name="file.encoding" value="UTF-8"/>
    <property name="java.vm.name" value="Java HotSpot(TM) 64-Bit Server VM"/>
    <property name="localRepository" value="C:\Users\Monica Kumaran\.m2\repository"/>
    <property name="java.vendor.url.bug" value="https://bugreport.java.com/bugreport/"/>
    <property name="java.io.tmpdir" value="C:\Users\MONICA~1\AppData\Local\Temp\"/>
    <property name="java.version" value="19.0.1"/>
    <property name="user.dir" value="C:\Users\Monica Kumaran\Documents\Projects\parallel-web-crawler\parallel-web-crawler"/>
    <property name="os.arch" value="amd64"/>
    <property name="java.vm.specification.name" value="Java Virtual Machine Specification"/>
    <property name="sun.os.patch.level" value=""/>
    <property name="native.encoding" value="Cp1252"/>
    <property name="java.library.path" value="C:\Program Files\Java\jdk-19\bin;C:\windows\Sun\Java\bin;C:\windows\system32;C:\windows;C:\Program Files\Common Files\Oracle\Java\javapath;C:\windows\system32;C:\windows;C:\windows\System32\Wbem;C:\windows\System32\WindowsPowerShell\v1.0\;C:\windows\System32\OpenSSH\;C:\Program Files\Go\bin;C:\Program Files\Git\cmd;C:\Program Files\nodejs\;C:\ProgramData\chocolatey\bin;;C:\Program Files\Docker\Docker\resources\bin;C:\Program Files\Amazon\AWSCLIV2\;C:\Users\Monica Kumaran\AppData\Local\Programs\Python\Python36\Scripts\;C:\Users\Monica Kumaran\AppData\Local\Programs\Python\Python36\;C:\Users\Monica Kumaran\AppData\Local\Programs\Python\Launcher\;C:\Users\Monica Kumaran\AppData\Local\Microsoft\WindowsApps;C:\Users\Monica Kumaran\AppData\Local\Programs\Microsoft VS Code\bin;C:\Users\Monica Kumaran\go\bin;C:\Users\Monica Kumaran\AppData\Roaming\npm;C:\Program Files\PostgreSQL\15\bin;C:\Program Files\PostgreSQL\15\lib;C:\Python311\Lib\site-packages\flask;C:\Python311\Lib\site-packages\flask_sqlalchemy;C:\Python311\;C:\Program Files\JetBrains\IntelliJ IDEA Community Edition 2022.3\bin;;C:\Program Files\Java\jdk-19\bin;C:\Program Files\apache-maven-3.8.6\bin;;."/>
    <property name="java.vm.info" value="mixed mode, sharing"/>
    <property name="stderr.encoding" value="Cp1252"/>
    <property name="java.vendor" value="Oracle Corporation"/>
    <property name="java.vm.version" value="19.0.1+10-21"/>
    <property name="sun.io.unicode.encoding" value="UnicodeLittle"/>
    <property name="java.class.version" value="63.0"/>
  </properties>
  <testcase name="delegateHasNoMethodsAnnotated" classname="com.udacity.webcrawler.profiler.ProfilerImplTest" time="0.02"/>
  <testcase name="testNonObjectEquals" classname="com.udacity.webcrawler.profiler.ProfilerImplTest" time="0.012">
    <error type="java.lang.IllegalArgumentException"><![CDATA[java.lang.IllegalArgumentException: Method is not annotated with @Profiled
	at com.udacity.webcrawler.profiler.ProfilingMethodInterceptor.invoke(ProfilingMethodInterceptor.java:43)
	at com.udacity.webcrawler.profiler.$Proxy9.equals(Unknown Source)
	at com.udacity.webcrawler.profiler.ProfilerImplTest.testNonObjectEquals(ProfilerImplTest.java:71)
	at java.base/jdk.internal.reflect.DirectMethodHandleAccessor.invoke(DirectMethodHandleAccessor.java:104)
	at java.base/java.lang.reflect.Method.invoke(Method.java:578)
	at org.junit.platform.commons.util.ReflectionUtils.invokeMethod(ReflectionUtils.java:725)
	at org.junit.jupiter.engine.execution.MethodInvocation.proceed(MethodInvocation.java:60)
	at org.junit.jupiter.engine.execution.InvocationInterceptorChain$ValidatingInvocation.proceed(InvocationInterceptorChain.java:131)
	at org.junit.jupiter.engine.extension.TimeoutExtension.intercept(TimeoutExtension.java:149)
	at org.junit.jupiter.engine.extension.TimeoutExtension.interceptTestableMethod(TimeoutExtension.java:140)
	at org.junit.jupiter.engine.extension.TimeoutExtension.interceptTestMethod(TimeoutExtension.java:84)
	at org.junit.jupiter.engine.execution.ExecutableInvoker$ReflectiveInterceptorCall.lambda$ofVoidMethod$0(ExecutableInvoker.java:115)
	at org.junit.jupiter.engine.execution.ExecutableInvoker.lambda$invoke$0(ExecutableInvoker.java:105)
	at org.junit.jupiter.engine.execution.InvocationInterceptorChain$InterceptedInvocation.proceed(InvocationInterceptorChain.java:106)
	at org.junit.jupiter.engine.execution.InvocationInterceptorChain.proceed(InvocationInterceptorChain.java:64)
	at org.junit.jupiter.engine.execution.InvocationInterceptorChain.chainAndInvoke(InvocationInterceptorChain.java:45)
	at org.junit.jupiter.engine.execution.InvocationInterceptorChain.invoke(InvocationInterceptorChain.java:37)
	at org.junit.jupiter.engine.execution.ExecutableInvoker.invoke(ExecutableInvoker.java:104)
	at org.junit.jupiter.engine.execution.ExecutableInvoker.invoke(ExecutableInvoker.java:98)
	at org.junit.jupiter.engine.descriptor.TestMethodTestDescriptor.lambda$invokeTestMethod$7(TestMethodTestDescriptor.java:214)
	at org.junit.platform.engine.support.hierarchical.ThrowableCollector.execute(ThrowableCollector.java:73)
	at org.junit.jupiter.engine.descriptor.TestMethodTestDescriptor.invokeTestMethod(TestMethodTestDescriptor.java:210)
	at org.junit.jupiter.engine.descriptor.TestMethodTestDescriptor.execute(TestMethodTestDescriptor.java:135)
	at org.junit.jupiter.engine.descriptor.TestMethodTestDescriptor.execute(TestMethodTestDescriptor.java:66)
	at org.junit.platform.engine.support.hierarchical.NodeTestTask.lambda$executeRecursively$6(NodeTestTask.java:151)
	at org.junit.platform.engine.support.hierarchical.ThrowableCollector.execute(ThrowableCollector.java:73)
	at org.junit.platform.engine.support.hierarchical.NodeTestTask.lambda$executeRecursively$8(NodeTestTask.java:141)
	at org.junit.platform.engine.support.hierarchical.Node.around(Node.java:137)
	at org.junit.platform.engine.support.hierarchical.NodeTestTask.lambda$executeRecursively$9(NodeTestTask.java:139)
	at org.junit.platform.engine.support.hierarchical.ThrowableCollector.execute(ThrowableCollector.java:73)
	at org.junit.platform.engine.support.hierarchical.NodeTestTask.executeRecursively(NodeTestTask.java:138)
	at org.junit.platform.engine.support.hierarchical.NodeTestTask.execute(NodeTestTask.java:95)
	at java.base/java.util.ArrayList.forEach(ArrayList.java:1511)
	at org.junit.platform.engine.support.hierarchical.SameThreadHierarchicalTestExecutorService.invokeAll(SameThreadHierarchicalTestExecutorService.java:41)
	at org.junit.platform.engine.support.hierarchical.NodeTestTask.lambda$executeRecursively$6(NodeTestTask.java:155)
	at org.junit.platform.engine.support.hierarchical.ThrowableCollector.execute(ThrowableCollector.java:73)
	at org.junit.platform.engine.support.hierarchical.NodeTestTask.lambda$executeRecursively$8(NodeTestTask.java:141)
	at org.junit.platform.engine.support.hierarchical.Node.around(Node.java:137)
	at org.junit.platform.engine.support.hierarchical.NodeTestTask.lambda$executeRecursively$9(NodeTestTask.java:139)
	at org.junit.platform.engine.support.hierarchical.ThrowableCollector.execute(ThrowableCollector.java:73)
	at org.junit.platform.engine.support.hierarchical.NodeTestTask.executeRecursively(NodeTestTask.java:138)
	at org.junit.platform.engine.support.hierarchical.NodeTestTask.execute(NodeTestTask.java:95)
	at java.base/java.util.ArrayList.forEach(ArrayList.java:1511)
	at org.junit.platform.engine.support.hierarchical.SameThreadHierarchicalTestExecutorService.invokeAll(SameThreadHierarchicalTestExecutorService.java:41)
	at org.junit.platform.engine.support.hierarchical.NodeTestTask.lambda$executeRecursively$6(NodeTestTask.java:155)
	at org.junit.platform.engine.support.hierarchical.ThrowableCollector.execute(ThrowableCollector.java:73)
	at org.junit.platform.engine.support.hierarchical.NodeTestTask.lambda$executeRecursively$8(NodeTestTask.java:141)
	at org.junit.platform.engine.support.hierarchical.Node.around(Node.java:137)
	at org.junit.platform.engine.support.hierarchical.NodeTestTask.lambda$executeRecursively$9(NodeTestTask.java:139)
	at org.junit.platform.engine.support.hierarchical.ThrowableCollector.execute(ThrowableCollector.java:73)
	at org.junit.platform.engine.support.hierarchical.NodeTestTask.executeRecursively(NodeTestTask.java:138)
	at org.junit.platform.engine.support.hierarchical.NodeTestTask.execute(NodeTestTask.java:95)
	at org.junit.platform.engine.support.hierarchical.SameThreadHierarchicalTestExecutorService.submit(SameThreadHierarchicalTestExecutorService.java:35)
	at org.junit.platform.engine.support.hierarchical.HierarchicalTestExecutor.execute(HierarchicalTestExecutor.java:57)
	at org.junit.platform.engine.support.hierarchical.HierarchicalTestEngine.execute(HierarchicalTestEngine.java:54)
	at org.junit.platform.launcher.core.DefaultLauncher.execute(DefaultLauncher.java:220)
	at org.junit.platform.launcher.core.DefaultLauncher.lambda$execute$6(DefaultLauncher.java:188)
	at org.junit.platform.launcher.core.DefaultLauncher.withInterceptedStreams(DefaultLauncher.java:202)
	at org.junit.platform.launcher.core.DefaultLauncher.execute(DefaultLauncher.java:181)
	at org.junit.platform.launcher.core.DefaultLauncher.execute(DefaultLauncher.java:128)
	at org.apache.maven.surefire.junitplatform.JUnitPlatformProvider.execute(JUnitPlatformProvider.java:188)
	at org.apache.maven.surefire.junitplatform.JUnitPlatformProvider.invokeAllTests(JUnitPlatformProvider.java:154)
	at org.apache.maven.surefire.junitplatform.JUnitPlatformProvider.invoke(JUnitPlatformProvider.java:128)
	at org.apache.maven.surefire.booter.ForkedBooter.runSuitesInProcess(ForkedBooter.java:428)
	at org.apache.maven.surefire.booter.ForkedBooter.execute(ForkedBooter.java:162)
	at org.apache.maven.surefire.booter.ForkedBooter.run(ForkedBooter.java:562)
	at org.apache.maven.surefire.booter.ForkedBooter.main(ForkedBooter.java:548)
]]></error>
  </testcase>
  <testcase name="testToString" classname="com.udacity.webcrawler.profiler.ProfilerImplTest" time="0.001">
    <error type="java.lang.IllegalArgumentException"><![CDATA[java.lang.IllegalArgumentException: Method is not annotated with @Profiled
	at com.udacity.webcrawler.profiler.ProfilingMethodInterceptor.invoke(ProfilingMethodInterceptor.java:43)
	at com.udacity.webcrawler.profiler.$Proxy9.toString(Unknown Source)
	at com.udacity.webcrawler.profiler.ProfilerImplTest.testToString(ProfilerImplTest.java:33)
	at java.base/jdk.internal.reflect.DirectMethodHandleAccessor.invoke(DirectMethodHandleAccessor.java:104)
	at java.base/java.lang.reflect.Method.invoke(Method.java:578)
	at org.junit.platform.commons.util.ReflectionUtils.invokeMethod(ReflectionUtils.java:725)
	at org.junit.jupiter.engine.execution.MethodInvocation.proceed(MethodInvocation.java:60)
	at org.junit.jupiter.engine.execution.InvocationInterceptorChain$ValidatingInvocation.proceed(InvocationInterceptorChain.java:131)
	at org.junit.jupiter.engine.extension.TimeoutExtension.intercept(TimeoutExtension.java:149)
	at org.junit.jupiter.engine.extension.TimeoutExtension.interceptTestableMethod(TimeoutExtension.java:140)
	at org.junit.jupiter.engine.extension.TimeoutExtension.interceptTestMethod(TimeoutExtension.java:84)
	at org.junit.jupiter.engine.execution.ExecutableInvoker$ReflectiveInterceptorCall.lambda$ofVoidMethod$0(ExecutableInvoker.java:115)
	at org.junit.jupiter.engine.execution.ExecutableInvoker.lambda$invoke$0(ExecutableInvoker.java:105)
	at org.junit.jupiter.engine.execution.InvocationInterceptorChain$InterceptedInvocation.proceed(InvocationInterceptorChain.java:106)
	at org.junit.jupiter.engine.execution.InvocationInterceptorChain.proceed(InvocationInterceptorChain.java:64)
	at org.junit.jupiter.engine.execution.InvocationInterceptorChain.chainAndInvoke(InvocationInterceptorChain.java:45)
	at org.junit.jupiter.engine.execution.InvocationInterceptorChain.invoke(InvocationInterceptorChain.java:37)
	at org.junit.jupiter.engine.execution.ExecutableInvoker.invoke(ExecutableInvoker.java:104)
	at org.junit.jupiter.engine.execution.ExecutableInvoker.invoke(ExecutableInvoker.java:98)
	at org.junit.jupiter.engine.descriptor.TestMethodTestDescriptor.lambda$invokeTestMethod$7(TestMethodTestDescriptor.java:214)
	at org.junit.platform.engine.support.hierarchical.ThrowableCollector.execute(ThrowableCollector.java:73)
	at org.junit.jupiter.engine.descriptor.TestMethodTestDescriptor.invokeTestMethod(TestMethodTestDescriptor.java:210)
	at org.junit.jupiter.engine.descriptor.TestMethodTestDescriptor.execute(TestMethodTestDescriptor.java:135)
	at org.junit.jupiter.engine.descriptor.TestMethodTestDescriptor.execute(TestMethodTestDescriptor.java:66)
	at org.junit.platform.engine.support.hierarchical.NodeTestTask.lambda$executeRecursively$6(NodeTestTask.java:151)
	at org.junit.platform.engine.support.hierarchical.ThrowableCollector.execute(ThrowableCollector.java:73)
	at org.junit.platform.engine.support.hierarchical.NodeTestTask.lambda$executeRecursively$8(NodeTestTask.java:141)
	at org.junit.platform.engine.support.hierarchical.Node.around(Node.java:137)
	at org.junit.platform.engine.support.hierarchical.NodeTestTask.lambda$executeRecursively$9(NodeTestTask.java:139)
	at org.junit.platform.engine.support.hierarchical.ThrowableCollector.execute(ThrowableCollector.java:73)
	at org.junit.platform.engine.support.hierarchical.NodeTestTask.executeRecursively(NodeTestTask.java:138)
	at org.junit.platform.engine.support.hierarchical.NodeTestTask.execute(NodeTestTask.java:95)
	at java.base/java.util.ArrayList.forEach(ArrayList.java:1511)
	at org.junit.platform.engine.support.hierarchical.SameThreadHierarchicalTestExecutorService.invokeAll(SameThreadHierarchicalTestExecutorService.java:41)
	at org.junit.platform.engine.support.hierarchical.NodeTestTask.lambda$executeRecursively$6(NodeTestTask.java:155)
	at org.junit.platform.engine.support.hierarchical.ThrowableCollector.execute(ThrowableCollector.java:73)
	at org.junit.platform.engine.support.hierarchical.NodeTestTask.lambda$executeRecursively$8(NodeTestTask.java:141)
	at org.junit.platform.engine.support.hierarchical.Node.around(Node.java:137)
	at org.junit.platform.engine.support.hierarchical.NodeTestTask.lambda$executeRecursively$9(NodeTestTask.java:139)
	at org.junit.platform.engine.support.hierarchical.ThrowableCollector.execute(ThrowableCollector.java:73)
	at org.junit.platform.engine.support.hierarchical.NodeTestTask.executeRecursively(NodeTestTask.java:138)
	at org.junit.platform.engine.support.hierarchical.NodeTestTask.execute(NodeTestTask.java:95)
	at java.base/java.util.ArrayList.forEach(ArrayList.java:1511)
	at org.junit.platform.engine.support.hierarchical.SameThreadHierarchicalTestExecutorService.invokeAll(SameThreadHierarchicalTestExecutorService.java:41)
	at org.junit.platform.engine.support.hierarchical.NodeTestTask.lambda$executeRecursively$6(NodeTestTask.java:155)
	at org.junit.platform.engine.support.hierarchical.ThrowableCollector.execute(ThrowableCollector.java:73)
	at org.junit.platform.engine.support.hierarchical.NodeTestTask.lambda$executeRecursively$8(NodeTestTask.java:141)
	at org.junit.platform.engine.support.hierarchical.Node.around(Node.java:137)
	at org.junit.platform.engine.support.hierarchical.NodeTestTask.lambda$executeRecursively$9(NodeTestTask.java:139)
	at org.junit.platform.engine.support.hierarchical.ThrowableCollector.execute(ThrowableCollector.java:73)
	at org.junit.platform.engine.support.hierarchical.NodeTestTask.executeRecursively(NodeTestTask.java:138)
	at org.junit.platform.engine.support.hierarchical.NodeTestTask.execute(NodeTestTask.java:95)
	at org.junit.platform.engine.support.hierarchical.SameThreadHierarchicalTestExecutorService.submit(SameThreadHierarchicalTestExecutorService.java:35)
	at org.junit.platform.engine.support.hierarchical.HierarchicalTestExecutor.execute(HierarchicalTestExecutor.java:57)
	at org.junit.platform.engine.support.hierarchical.HierarchicalTestEngine.execute(HierarchicalTestEngine.java:54)
	at org.junit.platform.launcher.core.DefaultLauncher.execute(DefaultLauncher.java:220)
	at org.junit.platform.launcher.core.DefaultLauncher.lambda$execute$6(DefaultLauncher.java:188)
	at org.junit.platform.launcher.core.DefaultLauncher.withInterceptedStreams(DefaultLauncher.java:202)
	at org.junit.platform.launcher.core.DefaultLauncher.execute(DefaultLauncher.java:181)
	at org.junit.platform.launcher.core.DefaultLauncher.execute(DefaultLauncher.java:128)
	at org.apache.maven.surefire.junitplatform.JUnitPlatformProvider.execute(JUnitPlatformProvider.java:188)
	at org.apache.maven.surefire.junitplatform.JUnitPlatformProvider.invokeAllTests(JUnitPlatformProvider.java:154)
	at org.apache.maven.surefire.junitplatform.JUnitPlatformProvider.invoke(JUnitPlatformProvider.java:128)
	at org.apache.maven.surefire.booter.ForkedBooter.runSuitesInProcess(ForkedBooter.java:428)
	at org.apache.maven.surefire.booter.ForkedBooter.execute(ForkedBooter.java:162)
	at org.apache.maven.surefire.booter.ForkedBooter.run(ForkedBooter.java:562)
	at org.apache.maven.surefire.booter.ForkedBooter.main(ForkedBooter.java:548)
]]></error>
  </testcase>
  <testcase name="testBasicProfiling" classname="com.udacity.webcrawler.profiler.ProfilerImplTest" time="0.099">
    <error type="java.lang.StackOverflowError"><![CDATA[java.lang.StackOverflowError
	at java.base/sun.invoke.util.VerifyAccess.isClassAccessible(VerifyAccess.java:195)
	at java.base/sun.invoke.util.VerifyAccess.isMemberAccessible(VerifyAccess.java:104)
	at java.base/java.lang.invoke.MethodHandles$Lookup.checkAccess(MethodHandles.java:3888)
	at java.base/java.lang.invoke.MethodHandles$Lookup.checkMethod(MethodHandles.java:3837)
	at java.base/java.lang.invoke.MethodHandles$Lookup.getDirectMethodCommon(MethodHandles.java:3982)
	at java.base/java.lang.invoke.MethodHandles$Lookup.getDirectMethodNoSecurityManager(MethodHandles.java:3975)
	at java.base/java.lang.invoke.MethodHandles$Lookup.getDirectMethodForConstant(MethodHandles.java:4219)
	at java.base/java.lang.invoke.MethodHandles$Lookup.linkMethodHandleConstant(MethodHandles.java:4167)
	at java.base/java.lang.invoke.MethodHandleNatives.linkMethodHandleConstant(MethodHandleNatives.java:612)
	at com.udacity.webcrawler.profiler.ProfilingState.record(ProfilingState.java:34)
	at com.udacity.webcrawler.profiler.ProfilingMethodInterceptor.invoke(ProfilingMethodInterceptor.java:39)
	at com.udacity.webcrawler.profiler.$Proxy9.profiled(Unknown Source)
	at java.base/jdk.internal.reflect.DirectMethodHandleAccessor.invoke(DirectMethodHandleAccessor.java:104)
	at java.base/java.lang.reflect.Method.invoke(Method.java:578)
	at com.udacity.webcrawler.profiler.ProfilingMethodInterceptor.invoke(ProfilingMethodInterceptor.java:33)
	at com.udacity.webcrawler.profiler.$Proxy9.profiled(Unknown Source)
	at java.base/jdk.internal.reflect.DirectMethodHandleAccessor.invoke(DirectMethodHandleAccessor.java:104)
	at java.base/java.lang.reflect.Method.invoke(Method.java:578)
	at com.udacity.webcrawler.profiler.ProfilingMethodInterceptor.invoke(ProfilingMethodInterceptor.java:33)
	at com.udacity.webcrawler.profiler.$Proxy9.profiled(Unknown Source)
	at java.base/jdk.internal.reflect.DirectMethodHandleAccessor.invoke(DirectMethodHandleAccessor.java:104)
	at java.base/java.lang.reflect.Method.invoke(Method.java:578)
	at com.udacity.webcrawler.profiler.ProfilingMethodInterceptor.invoke(ProfilingMethodInterceptor.java:33)
	at com.udacity.webcrawler.profiler.$Proxy9.profiled(Unknown Source)
	at java.base/jdk.internal.reflect.DirectMethodHandleAccessor.invoke(DirectMethodHandleAccessor.java:104)
	at java.base/java.lang.reflect.Method.invoke(Method.java:578)
	at com.udacity.webcrawler.profiler.ProfilingMethodInterceptor.invoke(ProfilingMethodInterceptor.java:33)
	at com.udacity.webcrawler.profiler.$Proxy9.profiled(Unknown Source)
	at java.base/jdk.internal.reflect.DirectMethodHandleAccessor.invoke(DirectMethodHandleAccessor.java:104)
	at java.base/java.lang.reflect.Method.invoke(Method.java:578)
	at com.udacity.webcrawler.profiler.ProfilingMethodInterceptor.invoke(ProfilingMethodInterceptor.java:33)
	at com.udacity.webcrawler.profiler.$Proxy9.profiled(Unknown Source)
	at java.base/jdk.internal.reflect.DirectMethodHandleAccessor.invoke(DirectMethodHandleAccessor.java:104)
	at java.base/java.lang.reflect.Method.invoke(Method.java:578)
	at com.udacity.webcrawler.profiler.ProfilingMethodInterceptor.invoke(ProfilingMethodInterceptor.java:33)
	at com.udacity.webcrawler.profiler.$Proxy9.profiled(Unknown Source)
	at java.base/jdk.internal.reflect.DirectMethodHandleAccessor.invoke(DirectMethodHandleAccessor.java:104)
	at java.base/java.lang.reflect.Method.invoke(Method.java:578)
	at com.udacity.webcrawler.profiler.ProfilingMethodInterceptor.invoke(ProfilingMethodInterceptor.java:33)
	at com.udacity.webcrawler.profiler.$Proxy9.profiled(Unknown Source)
	at java.base/jdk.internal.reflect.DirectMethodHandleAccessor.invoke(DirectMethodHandleAccessor.java:104)
	at java.base/java.lang.reflect.Method.invoke(Method.java:578)
	at com.udacity.webcrawler.profiler.ProfilingMethodInterceptor.invoke(ProfilingMethodInterceptor.java:33)
	at com.udacity.webcrawler.profiler.$Proxy9.profiled(Unknown Source)
	at java.base/jdk.internal.reflect.DirectMethodHandleAccessor.invoke(DirectMethodHandleAccessor.java:104)
	at java.base/java.lang.reflect.Method.invoke(Method.java:578)
	at com.udacity.webcrawler.profiler.ProfilingMethodInterceptor.invoke(ProfilingMethodInterceptor.java:33)
	at com.udacity.webcrawler.profiler.$Proxy9.profiled(Unknown Source)
	at java.base/jdk.internal.reflect.DirectMethodHandleAccessor.invoke(DirectMethodHandleAccessor.java:104)
	at java.base/java.lang.reflect.Method.invoke(Method.java:578)
	at com.udacity.webcrawler.profiler.ProfilingMethodInterceptor.invoke(ProfilingMethodInterceptor.java:33)
	at com.udacity.webcrawler.profiler.$Proxy9.profiled(Unknown Source)
	at java.base/jdk.internal.reflect.DirectMethodHandleAccessor.invoke(DirectMethodHandleAccessor.java:104)
	at java.base/java.lang.reflect.Method.invoke(Method.java:578)
	at com.udacity.webcrawler.profiler.ProfilingMethodInterceptor.invoke(ProfilingMethodInterceptor.java:33)
	at com.udacity.webcrawler.profiler.$Proxy9.profiled(Unknown Source)
	at java.base/jdk.internal.reflect.DirectMethodHandleAccessor.invoke(DirectMethodHandleAccessor.java:104)
	at java.base/java.lang.reflect.Method.invoke(Method.java:578)
	at com.udacity.webcrawler.profiler.ProfilingMethodInterceptor.invoke(ProfilingMethodInterceptor.java:33)
	at com.udacity.webcrawler.profiler.$Proxy9.profiled(Unknown Source)
	at java.base/jdk.internal.reflect.DirectMethodHandleAccessor.invoke(DirectMethodHandleAccessor.java:104)
	at java.base/java.lang.reflect.Method.invoke(Method.java:578)
	at com.udacity.webcrawler.profiler.ProfilingMethodInterceptor.invoke(ProfilingMethodInterceptor.java:33)
	at com.udacity.webcrawler.profiler.$Proxy9.profiled(Unknown Source)
	at java.base/jdk.internal.reflect.DirectMethodHandleAccessor.invoke(DirectMethodHandleAccessor.java:104)
	at java.base/java.lang.reflect.Method.invoke(Method.java:578)
	at com.udacity.webcrawler.profiler.ProfilingMethodInterceptor.invoke(ProfilingMethodInterceptor.java:33)
	at com.udacity.webcrawler.profiler.$Proxy9.profiled(Unknown Source)
	at java.base/jdk.internal.reflect.DirectMethodHandleAccessor.invoke(DirectMethodHandleAccessor.java:104)
	at java.base/java.lang.reflect.Method.invoke(Method.java:578)
	at com.udacity.webcrawler.profiler.ProfilingMethodInterceptor.invoke(ProfilingMethodInterceptor.java:33)
	at com.udacity.webcrawler.profiler.$Proxy9.profiled(Unknown Source)
	at java.base/jdk.internal.reflect.DirectMethodHandleAccessor.invoke(DirectMethodHandleAccessor.java:104)
	at java.base/java.lang.reflect.Method.invoke(Method.java:578)
	at com.udacity.webcrawler.profiler.ProfilingMethodInterceptor.invoke(ProfilingMethodInterceptor.java:33)
	at com.udacity.webcrawler.profiler.$Proxy9.profiled(Unknown Source)
	at java.base/jdk.internal.reflect.DirectMethodHandleAccessor.invoke(DirectMethodHandleAccessor.java:104)
	at java.base/java.lang.reflect.Method.invoke(Method.java:578)
	at com.udacity.webcrawler.profiler.ProfilingMethodInterceptor.invoke(ProfilingMethodInterceptor.java:33)
	at com.udacity.webcrawler.profiler.$Proxy9.profiled(Unknown Source)
	at java.base/jdk.internal.reflect.DirectMethodHandleAccessor.invoke(DirectMethodHandleAccessor.java:104)
	at java.base/java.lang.reflect.Method.invoke(Method.java:578)
	at com.udacity.webcrawler.profiler.ProfilingMethodInterceptor.invoke(ProfilingMethodInterceptor.java:33)
	at com.udacity.webcrawler.profiler.$Proxy9.profiled(Unknown Source)
	at java.base/jdk.internal.reflect.DirectMethodHandleAccessor.invoke(DirectMethodHandleAccessor.java:104)
	at java.base/java.lang.reflect.Method.invoke(Method.java:578)
	at com.udacity.webcrawler.profiler.ProfilingMethodInterceptor.invoke(ProfilingMethodInterceptor.java:33)
	at com.udacity.webcrawler.profiler.$Proxy9.profiled(Unknown Source)
	at java.base/jdk.internal.reflect.DirectMethodHandleAccessor.invoke(DirectMethodHandleAccessor.java:104)
	at java.base/java.lang.reflect.Method.invoke(Method.java:578)
	at com.udacity.webcrawler.profiler.ProfilingMethodInterceptor.invoke(ProfilingMethodInterceptor.java:33)
	at com.udacity.webcrawler.profiler.$Proxy9.profiled(Unknown Source)
	at java.base/jdk.internal.reflect.DirectMethodHandleAccessor.invoke(DirectMethodHandleAccessor.java:104)
	at java.base/java.lang.reflect.Method.invoke(Method.java:578)
	at com.udacity.webcrawler.profiler.ProfilingMethodInterceptor.invoke(ProfilingMethodInterceptor.java:33)
	at com.udacity.webcrawler.profiler.$Proxy9.profiled(Unknown Source)
	at java.base/jdk.internal.reflect.DirectMethodHandleAccessor.invoke(DirectMethodHandleAccessor.java:104)
	at java.base/java.lang.reflect.Method.invoke(Method.java:578)
	at com.udacity.webcrawler.profiler.ProfilingMethodInterceptor.invoke(ProfilingMethodInterceptor.java:33)
	at com.udacity.webcrawler.profiler.$Proxy9.profiled(Unknown Source)
	at java.base/jdk.internal.reflect.DirectMethodHandleAccessor.invoke(DirectMethodHandleAccessor.java:104)
	at java.base/java.lang.reflect.Method.invoke(Method.java:578)
	at com.udacity.webcrawler.profiler.ProfilingMethodInterceptor.invoke(ProfilingMethodInterceptor.java:33)
	at com.udacity.webcrawler.profiler.$Proxy9.profiled(Unknown Source)
	at java.base/jdk.internal.reflect.DirectMethodHandleAccessor.invoke(DirectMethodHandleAccessor.java:104)
	at java.base/java.lang.reflect.Method.invoke(Method.java:578)
	at com.udacity.webcrawler.profiler.ProfilingMethodInterceptor.invoke(ProfilingMethodInterceptor.java:33)
	at com.udacity.webcrawler.profiler.$Proxy9.profiled(Unknown Source)
	at java.base/jdk.internal.reflect.DirectMethodHandleAccessor.invoke(DirectMethodHandleAccessor.java:104)
	at java.base/java.lang.reflect.Method.invoke(Method.java:578)
	at com.udacity.webcrawler.profiler.ProfilingMethodInterceptor.invoke(ProfilingMethodInterceptor.java:33)
	at com.udacity.webcrawler.profiler.$Proxy9.profiled(Unknown Source)
	at java.base/jdk.internal.reflect.DirectMethodHandleAccessor.invoke(DirectMethodHandleAccessor.java:104)
	at java.base/java.lang.reflect.Method.invoke(Method.java:578)
	at com.udacity.webcrawler.profiler.ProfilingMethodInterceptor.invoke(ProfilingMethodInterceptor.java:33)
	at com.udacity.webcrawler.profiler.$Proxy9.profiled(Unknown Source)
	at java.base/jdk.internal.reflect.DirectMethodHandleAccessor.invoke(DirectMethodHandleAccessor.java:104)
	at java.base/java.lang.reflect.Method.invoke(Method.java:578)
	at com.udacity.webcrawler.profiler.ProfilingMethodInterceptor.invoke(ProfilingMethodInterceptor.java:33)
	at com.udacity.webcrawler.profiler.$Proxy9.profiled(Unknown Source)
	at java.base/jdk.internal.reflect.DirectMethodHandleAccessor.invoke(DirectMethodHandleAccessor.java:104)
	at java.base/java.lang.reflect.Method.invoke(Method.java:578)
	at com.udacity.webcrawler.profiler.ProfilingMethodInterceptor.invoke(ProfilingMethodInterceptor.java:33)
	at com.udacity.webcrawler.profiler.$Proxy9.profiled(Unknown Source)
	at java.base/jdk.internal.reflect.DirectMethodHandleAccessor.invoke(DirectMethodHandleAccessor.java:104)
	at java.base/java.lang.reflect.Method.invoke(Method.java:578)
	at com.udacity.webcrawler.profiler.ProfilingMethodInterceptor.invoke(ProfilingMethodInterceptor.java:33)
	at com.udacity.webcrawler.profiler.$Proxy9.profiled(Unknown Source)
	at java.base/jdk.internal.reflect.DirectMethodHandleAccessor.invoke(DirectMethodHandleAccessor.java:104)
	at java.base/java.lang.reflect.Method.invoke(Method.java:578)
	at com.udacity.webcrawler.profiler.ProfilingMethodInterceptor.invoke(ProfilingMethodInterceptor.java:33)
	at com.udacity.webcrawler.profiler.$Proxy9.profiled(Unknown Source)
	at java.base/jdk.internal.reflect.DirectMethodHandleAccessor.invoke(DirectMethodHandleAccessor.java:104)
	at java.base/java.lang.reflect.Method.invoke(Method.java:578)
	at com.udacity.webcrawler.profiler.ProfilingMethodInterceptor.invoke(ProfilingMethodInterceptor.java:33)
	at com.udacity.webcrawler.profiler.$Proxy9.profiled(Unknown Source)
	at java.base/jdk.internal.reflect.DirectMethodHandleAccessor.invoke(DirectMethodHandleAccessor.java:104)
	at java.base/java.lang.reflect.Method.invoke(Method.java:578)
	at com.udacity.webcrawler.profiler.ProfilingMethodInterceptor.invoke(ProfilingMethodInterceptor.java:33)
	at com.udacity.webcrawler.profiler.$Proxy9.profiled(Unknown Source)
	at java.base/jdk.internal.reflect.DirectMethodHandleAccessor.invoke(DirectMethodHandleAccessor.java:104)
	at java.base/java.lang.reflect.Method.invoke(Method.java:578)
	at com.udacity.webcrawler.profiler.ProfilingMethodInterceptor.invoke(ProfilingMethodInterceptor.java:33)
	at com.udacity.webcrawler.profiler.$Proxy9.profiled(Unknown Source)
	at java.base/jdk.internal.reflect.DirectMethodHandleAccessor.invoke(DirectMethodHandleAccessor.java:104)
	at java.base/java.lang.reflect.Method.invoke(Method.java:578)
	at com.udacity.webcrawler.profiler.ProfilingMethodInterceptor.invoke(ProfilingMethodInterceptor.java:33)
	at com.udacity.webcrawler.profiler.$Proxy9.profiled(Unknown Source)
	at java.base/jdk.internal.reflect.DirectMethodHandleAccessor.invoke(DirectMethodHandleAccessor.java:104)
	at java.base/java.lang.reflect.Method.invoke(Method.java:578)
	at com.udacity.webcrawler.profiler.ProfilingMethodInterceptor.invoke(ProfilingMethodInterceptor.java:33)
	at com.udacity.webcrawler.profiler.$Proxy9.profiled(Unknown Source)
	at java.base/jdk.internal.reflect.DirectMethodHandleAccessor.invoke(DirectMethodHandleAccessor.java:104)
	at java.base/java.lang.reflect.Method.invoke(Method.java:578)
	at com.udacity.webcrawler.profiler.ProfilingMethodInterceptor.invoke(ProfilingMethodInterceptor.java:33)
	at com.udacity.webcrawler.profiler.$Proxy9.profiled(Unknown Source)
	at java.base/jdk.internal.reflect.DirectMethodHandleAccessor.invoke(DirectMethodHandleAccessor.java:104)
	at java.base/java.lang.reflect.Method.invoke(Method.java:578)
	at com.udacity.webcrawler.profiler.ProfilingMethodInterceptor.invoke(ProfilingMethodInterceptor.java:33)
	at com.udacity.webcrawler.profiler.$Proxy9.profiled(Unknown Source)
	at java.base/jdk.internal.reflect.DirectMethodHandleAccessor.invoke(DirectMethodHandleAccessor.java:104)
	at java.base/java.lang.reflect.Method.invoke(Method.java:578)
	at com.udacity.webcrawler.profiler.ProfilingMethodInterceptor.invoke(ProfilingMethodInterceptor.java:33)
	at com.udacity.webcrawler.profiler.$Proxy9.profiled(Unknown Source)
	at java.base/jdk.internal.reflect.DirectMethodHandleAccessor.invoke(DirectMethodHandleAccessor.java:104)
	at java.base/java.lang.reflect.Method.invoke(Method.java:578)
	at com.udacity.webcrawler.profiler.ProfilingMethodInterceptor.invoke(ProfilingMethodInterceptor.java:33)
	at com.udacity.webcrawler.profiler.$Proxy9.profiled(Unknown Source)
	at java.base/jdk.internal.reflect.DirectMethodHandleAccessor.invoke(DirectMethodHandleAccessor.java:104)
	at java.base/java.lang.reflect.Method.invoke(Method.java:578)
	at com.udacity.webcrawler.profiler.ProfilingMethodInterceptor.invoke(ProfilingMethodInterceptor.java:33)
	at com.udacity.webcrawler.profiler.$Proxy9.profiled(Unknown Source)
	at java.base/jdk.internal.reflect.DirectMethodHandleAccessor.invoke(DirectMethodHandleAccessor.java:104)
	at java.base/java.lang.reflect.Method.invoke(Method.java:578)
	at com.udacity.webcrawler.profiler.ProfilingMethodInterceptor.invoke(ProfilingMethodInterceptor.java:33)
	at com.udacity.webcrawler.profiler.$Proxy9.profiled(Unknown Source)
	at java.base/jdk.internal.reflect.DirectMethodHandleAccessor.invoke(DirectMethodHandleAccessor.java:104)
	at java.base/java.lang.reflect.Method.invoke(Method.java:578)
	at com.udacity.webcrawler.profiler.ProfilingMethodInterceptor.invoke(ProfilingMethodInterceptor.java:33)
	at com.udacity.webcrawler.profiler.$Proxy9.profiled(Unknown Source)
	at java.base/jdk.internal.reflect.DirectMethodHandleAccessor.invoke(DirectMethodHandleAccessor.java:104)
	at java.base/java.lang.reflect.Method.invoke(Method.java:578)
	at com.udacity.webcrawler.profiler.ProfilingMethodInterceptor.invoke(ProfilingMethodInterceptor.java:33)
	at com.udacity.webcrawler.profiler.$Proxy9.profiled(Unknown Source)
	at java.base/jdk.internal.reflect.DirectMethodHandleAccessor.invoke(DirectMethodHandleAccessor.java:104)
	at java.base/java.lang.reflect.Method.invoke(Method.java:578)
	at com.udacity.webcrawler.profiler.ProfilingMethodInterceptor.invoke(ProfilingMethodInterceptor.java:33)
	at com.udacity.webcrawler.profiler.$Proxy9.profiled(Unknown Source)
	at java.base/jdk.internal.reflect.DirectMethodHandleAccessor.invoke(DirectMethodHandleAccessor.java:104)
	at java.base/java.lang.reflect.Method.invoke(Method.java:578)
	at com.udacity.webcrawler.profiler.ProfilingMethodInterceptor.invoke(ProfilingMethodInterceptor.java:33)
	at com.udacity.webcrawler.profiler.$Proxy9.profiled(Unknown Source)
	at java.base/jdk.internal.reflect.DirectMethodHandleAccessor.invoke(DirectMethodHandleAccessor.java:104)
	at java.base/java.lang.reflect.Method.invoke(Method.java:578)
	at com.udacity.webcrawler.profiler.ProfilingMethodInterceptor.invoke(ProfilingMethodInterceptor.java:33)
	at com.udacity.webcrawler.profiler.$Proxy9.profiled(Unknown Source)
	at java.base/jdk.internal.reflect.DirectMethodHandleAccessor.invoke(DirectMethodHandleAccessor.java:104)
	at java.base/java.lang.reflect.Method.invoke(Method.java:578)
	at com.udacity.webcrawler.profiler.ProfilingMethodInterceptor.invoke(ProfilingMethodInterceptor.java:33)
	at com.udacity.webcrawler.profiler.$Proxy9.profiled(Unknown Source)
	at java.base/jdk.internal.reflect.DirectMethodHandleAccessor.invoke(DirectMethodHandleAccessor.java:104)
	at java.base/java.lang.reflect.Method.invoke(Method.java:578)
	at com.udacity.webcrawler.profiler.ProfilingMethodInterceptor.invoke(ProfilingMethodInterceptor.java:33)
	at com.udacity.webcrawler.profiler.$Proxy9.profiled(Unknown Source)
	at java.base/jdk.internal.reflect.DirectMethodHandleAccessor.invoke(DirectMethodHandleAccessor.java:104)
	at java.base/java.lang.reflect.Method.invoke(Method.java:578)
	at com.udacity.webcrawler.profiler.ProfilingMethodInterceptor.invoke(ProfilingMethodInterceptor.java:33)
	at com.udacity.webcrawler.profiler.$Proxy9.profiled(Unknown Source)
	at java.base/jdk.internal.reflect.DirectMethodHandleAccessor.invoke(DirectMethodHandleAccessor.java:104)
	at java.base/java.lang.reflect.Method.invoke(Method.java:578)
	at com.udacity.webcrawler.profiler.ProfilingMethodInterceptor.invoke(ProfilingMethodInterceptor.java:33)
	at com.udacity.webcrawler.profiler.$Proxy9.profiled(Unknown Source)
	at java.base/jdk.internal.reflect.DirectMethodHandleAccessor.invoke(DirectMethodHandleAccessor.java:104)
	at java.base/java.lang.reflect.Method.invoke(Method.java:578)
	at com.udacity.webcrawler.profiler.ProfilingMethodInterceptor.invoke(ProfilingMethodInterceptor.java:33)
	at com.udacity.webcrawler.profiler.$Proxy9.profiled(Unknown Source)
	at java.base/jdk.internal.reflect.DirectMethodHandleAccessor.invoke(DirectMethodHandleAccessor.java:104)
	at java.base/java.lang.reflect.Method.invoke(Method.java:578)
	at com.udacity.webcrawler.profiler.ProfilingMethodInterceptor.invoke(ProfilingMethodInterceptor.java:33)
	at com.udacity.webcrawler.profiler.$Proxy9.profiled(Unknown Source)
	at java.base/jdk.internal.reflect.DirectMethodHandleAccessor.invoke(DirectMethodHandleAccessor.java:104)
	at java.base/java.lang.reflect.Method.invoke(Method.java:578)
	at com.udacity.webcrawler.profiler.ProfilingMethodInterceptor.invoke(ProfilingMethodInterceptor.java:33)
	at com.udacity.webcrawler.profiler.$Proxy9.profiled(Unknown Source)
	at java.base/jdk.internal.reflect.DirectMethodHandleAccessor.invoke(DirectMethodHandleAccessor.java:104)
	at java.base/java.lang.reflect.Method.invoke(Method.java:578)
	at com.udacity.webcrawler.profiler.ProfilingMethodInterceptor.invoke(ProfilingMethodInterceptor.java:33)
	at com.udacity.webcrawler.profiler.$Proxy9.profiled(Unknown Source)
	at java.base/jdk.internal.reflect.DirectMethodHandleAccessor.invoke(DirectMethodHandleAccessor.java:104)
	at java.base/java.lang.reflect.Method.invoke(Method.java:578)
	at com.udacity.webcrawler.profiler.ProfilingMethodInterceptor.invoke(ProfilingMethodInterceptor.java:33)
	at com.udacity.webcrawler.profiler.$Proxy9.profiled(Unknown Source)
	at java.base/jdk.internal.reflect.DirectMethodHandleAccessor.invoke(DirectMethodHandleAccessor.java:104)
	at java.base/java.lang.reflect.Method.invoke(Method.java:578)
	at com.udacity.webcrawler.profiler.ProfilingMethodInterceptor.invoke(ProfilingMethodInterceptor.java:33)
	at com.udacity.webcrawler.profiler.$Proxy9.profiled(Unknown Source)
	at java.base/jdk.internal.reflect.DirectMethodHandleAccessor.invoke(DirectMethodHandleAccessor.java:104)
	at java.base/java.lang.reflect.Method.invoke(Method.java:578)
	at com.udacity.webcrawler.profiler.ProfilingMethodInterceptor.invoke(ProfilingMethodInterceptor.java:33)
	at com.udacity.webcrawler.profiler.$Proxy9.profiled(Unknown Source)
	at java.base/jdk.internal.reflect.DirectMethodHandleAccessor.invoke(DirectMethodHandleAccessor.java:104)
	at java.base/java.lang.reflect.Method.invoke(Method.java:578)
	at com.udacity.webcrawler.profiler.ProfilingMethodInterceptor.invoke(ProfilingMethodInterceptor.java:33)
	at com.udacity.webcrawler.profiler.$Proxy9.profiled(Unknown Source)
	at java.base/jdk.internal.reflect.DirectMethodHandleAccessor.invoke(DirectMethodHandleAccessor.java:104)
	at java.base/java.lang.reflect.Method.invoke(Method.java:578)
	at com.udacity.webcrawler.profiler.ProfilingMethodInterceptor.invoke(ProfilingMethodInterceptor.java:33)
	at com.udacity.webcrawler.profiler.$Proxy9.profiled(Unknown Source)
	at java.base/jdk.internal.reflect.DirectMethodHandleAccessor.invoke(DirectMethodHandleAccessor.java:104)
	at java.base/java.lang.reflect.Method.invoke(Method.java:578)
	at com.udacity.webcrawler.profiler.ProfilingMethodInterceptor.invoke(ProfilingMethodInterceptor.java:33)
	at com.udacity.webcrawler.profiler.$Proxy9.profiled(Unknown Source)
	at java.base/jdk.internal.reflect.DirectMethodHandleAccessor.invoke(DirectMethodHandleAccessor.java:104)
	at java.base/java.lang.reflect.Method.invoke(Method.java:578)
	at com.udacity.webcrawler.profiler.ProfilingMethodInterceptor.invoke(ProfilingMethodInterceptor.java:33)
	at com.udacity.webcrawler.profiler.$Proxy9.profiled(Unknown Source)
	at java.base/jdk.internal.reflect.DirectMethodHandleAccessor.invoke(DirectMethodHandleAccessor.java:104)
	at java.base/java.lang.reflect.Method.invoke(Method.java:578)
	at com.udacity.webcrawler.profiler.ProfilingMethodInterceptor.invoke(ProfilingMethodInterceptor.java:33)
	at com.udacity.webcrawler.profiler.$Proxy9.profiled(Unknown Source)
	at java.base/jdk.internal.reflect.DirectMethodHandleAccessor.invoke(DirectMethodHandleAccessor.java:104)
	at java.base/java.lang.reflect.Method.invoke(Method.java:578)
	at com.udacity.webcrawler.profiler.ProfilingMethodInterceptor.invoke(ProfilingMethodInterceptor.java:33)
	at com.udacity.webcrawler.profiler.$Proxy9.profiled(Unknown Source)
	at java.base/jdk.internal.reflect.DirectMethodHandleAccessor.invoke(DirectMethodHandleAccessor.java:104)
	at java.base/java.lang.reflect.Method.invoke(Method.java:578)
	at com.udacity.webcrawler.profiler.ProfilingMethodInterceptor.invoke(ProfilingMethodInterceptor.java:33)
	at com.udacity.webcrawler.profiler.$Proxy9.profiled(Unknown Source)
	at java.base/jdk.internal.reflect.DirectMethodHandleAccessor.invoke(DirectMethodHandleAccessor.java:104)
	at java.base/java.lang.reflect.Method.invoke(Method.java:578)
	at com.udacity.webcrawler.profiler.ProfilingMethodInterceptor.invoke(ProfilingMethodInterceptor.java:33)
	at com.udacity.webcrawler.profiler.$Proxy9.profiled(Unknown Source)
	at java.base/jdk.internal.reflect.DirectMethodHandleAccessor.invoke(DirectMethodHandleAccessor.java:104)
	at java.base/java.lang.reflect.Method.invoke(Method.java:578)
	at com.udacity.webcrawler.profiler.ProfilingMethodInterceptor.invoke(ProfilingMethodInterceptor.java:33)
	at com.udacity.webcrawler.profiler.$Proxy9.profiled(Unknown Source)
	at java.base/jdk.internal.reflect.DirectMethodHandleAccessor.invoke(DirectMethodHandleAccessor.java:104)
	at java.base/java.lang.reflect.Method.invoke(Method.java:578)
	at com.udacity.webcrawler.profiler.ProfilingMethodInterceptor.invoke(ProfilingMethodInterceptor.java:33)
	at com.udacity.webcrawler.profiler.$Proxy9.profiled(Unknown Source)
	at java.base/jdk.internal.reflect.DirectMethodHandleAccessor.invoke(DirectMethodHandleAccessor.java:104)
	at java.base/java.lang.reflect.Method.invoke(Method.java:578)
	at com.udacity.webcrawler.profiler.ProfilingMethodInterceptor.invoke(ProfilingMethodInterceptor.java:33)
	at com.udacity.webcrawler.profiler.$Proxy9.profiled(Unknown Source)
	at java.base/jdk.internal.reflect.DirectMethodHandleAccessor.invoke(DirectMethodHandleAccessor.java:104)
	at java.base/java.lang.reflect.Method.invoke(Method.java:578)
	at com.udacity.webcrawler.profiler.ProfilingMethodInterceptor.invoke(ProfilingMethodInterceptor.java:33)
	at com.udacity.webcrawler.profiler.$Proxy9.profiled(Unknown Source)
	at java.base/jdk.internal.reflect.DirectMethodHandleAccessor.invoke(DirectMethodHandleAccessor.java:104)
	at java.base/java.lang.reflect.Method.invoke(Method.java:578)
	at com.udacity.webcrawler.profiler.ProfilingMethodInterceptor.invoke(ProfilingMethodInterceptor.java:33)
	at com.udacity.webcrawler.profiler.$Proxy9.profiled(Unknown Source)
	at java.base/jdk.internal.reflect.DirectMethodHandleAccessor.invoke(DirectMethodHandleAccessor.java:104)
	at java.base/java.lang.reflect.Method.invoke(Method.java:578)
	at com.udacity.webcrawler.profiler.ProfilingMethodInterceptor.invoke(ProfilingMethodInterceptor.java:33)
	at com.udacity.webcrawler.profiler.$Proxy9.profiled(Unknown Source)
	at java.base/jdk.internal.reflect.DirectMethodHandleAccessor.invoke(DirectMethodHandleAccessor.java:104)
	at java.base/java.lang.reflect.Method.invoke(Method.java:578)
	at com.udacity.webcrawler.profiler.ProfilingMethodInterceptor.invoke(ProfilingMethodInterceptor.java:33)
	at com.udacity.webcrawler.profiler.$Proxy9.profiled(Unknown Source)
	at java.base/jdk.internal.reflect.DirectMethodHandleAccessor.invoke(DirectMethodHandleAccessor.java:104)
	at java.base/java.lang.reflect.Method.invoke(Method.java:578)
	at com.udacity.webcrawler.profiler.ProfilingMethodInterceptor.invoke(ProfilingMethodInterceptor.java:33)
	at com.udacity.webcrawler.profiler.$Proxy9.profiled(Unknown Source)
	at java.base/jdk.internal.reflect.DirectMethodHandleAccessor.invoke(DirectMethodHandleAccessor.java:104)
	at java.base/java.lang.reflect.Method.invoke(Method.java:578)
	at com.udacity.webcrawler.profiler.ProfilingMethodInterceptor.invoke(ProfilingMethodInterceptor.java:33)
	at com.udacity.webcrawler.profiler.$Proxy9.profiled(Unknown Source)
	at java.base/jdk.internal.reflect.DirectMethodHandleAccessor.invoke(DirectMethodHandleAccessor.java:104)
	at java.base/java.lang.reflect.Method.invoke(Method.java:578)
	at com.udacity.webcrawler.profiler.ProfilingMethodInterceptor.invoke(ProfilingMethodInterceptor.java:33)
	at com.udacity.webcrawler.profiler.$Proxy9.profiled(Unknown Source)
	at java.base/jdk.internal.reflect.DirectMethodHandleAccessor.invoke(DirectMethodHandleAccessor.java:104)
	at java.base/java.lang.reflect.Method.invoke(Method.java:578)
	at com.udacity.webcrawler.profiler.ProfilingMethodInterceptor.invoke(ProfilingMethodInterceptor.java:33)
	at com.udacity.webcrawler.profiler.$Proxy9.profiled(Unknown Source)
	at java.base/jdk.internal.reflect.DirectMethodHandleAccessor.invoke(DirectMethodHandleAccessor.java:104)
	at java.base/java.lang.reflect.Method.invoke(Method.java:578)
	at com.udacity.webcrawler.profiler.ProfilingMethodInterceptor.invoke(ProfilingMethodInterceptor.java:33)
	at com.udacity.webcrawler.profiler.$Proxy9.profiled(Unknown Source)
	at java.base/jdk.internal.reflect.DirectMethodHandleAccessor.invoke(DirectMethodHandleAccessor.java:104)
	at java.base/java.lang.reflect.Method.invoke(Method.java:578)
	at com.udacity.webcrawler.profiler.ProfilingMethodInterceptor.invoke(ProfilingMethodInterceptor.java:33)
	at com.udacity.webcrawler.profiler.$Proxy9.profiled(Unknown Source)
	at java.base/jdk.internal.reflect.DirectMethodHandleAccessor.invoke(DirectMethodHandleAccessor.java:104)
	at java.base/java.lang.reflect.Method.invoke(Method.java:578)
	at com.udacity.webcrawler.profiler.ProfilingMethodInterceptor.invoke(ProfilingMethodInterceptor.java:33)
	at com.udacity.webcrawler.profiler.$Proxy9.profiled(Unknown Source)
	at java.base/jdk.internal.reflect.DirectMethodHandleAccessor.invoke(DirectMethodHandleAccessor.java:104)
	at java.base/java.lang.reflect.Method.invoke(Method.java:578)
	at com.udacity.webcrawler.profiler.ProfilingMethodInterceptor.invoke(ProfilingMethodInterceptor.java:33)
	at com.udacity.webcrawler.profiler.$Proxy9.profiled(Unknown Source)
	at java.base/jdk.internal.reflect.DirectMethodHandleAccessor.invoke(DirectMethodHandleAccessor.java:104)
	at java.base/java.lang.reflect.Method.invoke(Method.java:578)
	at com.udacity.webcrawler.profiler.ProfilingMethodInterceptor.invoke(ProfilingMethodInterceptor.java:33)
	at com.udacity.webcrawler.profiler.$Proxy9.profiled(Unknown Source)
	at java.base/jdk.internal.reflect.DirectMethodHandleAccessor.invoke(DirectMethodHandleAccessor.java:104)
	at java.base/java.lang.reflect.Method.invoke(Method.java:578)
	at com.udacity.webcrawler.profiler.ProfilingMethodInterceptor.invoke(ProfilingMethodInterceptor.java:33)
	at com.udacity.webcrawler.profiler.$Proxy9.profiled(Unknown Source)
	at java.base/jdk.internal.reflect.DirectMethodHandleAccessor.invoke(DirectMethodHandleAccessor.java:104)
	at java.base/java.lang.reflect.Method.invoke(Method.java:578)
	at com.udacity.webcrawler.profiler.ProfilingMethodInterceptor.invoke(ProfilingMethodInterceptor.java:33)
	at com.udacity.webcrawler.profiler.$Proxy9.profiled(Unknown Source)
	at java.base/jdk.internal.reflect.DirectMethodHandleAccessor.invoke(DirectMethodHandleAccessor.java:104)
	at java.base/java.lang.reflect.Method.invoke(Method.java:578)
	at com.udacity.webcrawler.profiler.ProfilingMethodInterceptor.invoke(ProfilingMethodInterceptor.java:33)
	at com.udacity.webcrawler.profiler.$Proxy9.profiled(Unknown Source)
	at java.base/jdk.internal.reflect.DirectMethodHandleAccessor.invoke(DirectMethodHandleAccessor.java:104)
	at java.base/java.lang.reflect.Method.invoke(Method.java:578)
	at com.udacity.webcrawler.profiler.ProfilingMethodInterceptor.invoke(ProfilingMethodInterceptor.java:33)
	at com.udacity.webcrawler.profiler.$Proxy9.profiled(Unknown Source)
	at java.base/jdk.internal.reflect.DirectMethodHandleAccessor.invoke(DirectMethodHandleAccessor.java:104)
	at java.base/java.lang.reflect.Method.invoke(Method.java:578)
	at com.udacity.webcrawler.profiler.ProfilingMethodInterceptor.invoke(ProfilingMethodInterceptor.java:33)
	at com.udacity.webcrawler.profiler.$Proxy9.profiled(Unknown Source)
	at java.base/jdk.internal.reflect.DirectMethodHandleAccessor.invoke(DirectMethodHandleAccessor.java:104)
	at java.base/java.lang.reflect.Method.invoke(Method.java:578)
	at com.udacity.webcrawler.profiler.ProfilingMethodInterceptor.invoke(ProfilingMethodInterceptor.java:33)
	at com.udacity.webcrawler.profiler.$Proxy9.profiled(Unknown Source)
	at java.base/jdk.internal.reflect.DirectMethodHandleAccessor.invoke(DirectMethodHandleAccessor.java:104)
	at java.base/java.lang.reflect.Method.invoke(Method.java:578)
	at com.udacity.webcrawler.profiler.ProfilingMethodInterceptor.invoke(ProfilingMethodInterceptor.java:33)
	at com.udacity.webcrawler.profiler.$Proxy9.profiled(Unknown Source)
	at java.base/jdk.internal.reflect.DirectMethodHandleAccessor.invoke(DirectMethodHandleAccessor.java:104)
	at java.base/java.lang.reflect.Method.invoke(Method.java:578)
	at com.udacity.webcrawler.profiler.ProfilingMethodInterceptor.invoke(ProfilingMethodInterceptor.java:33)
	at com.udacity.webcrawler.profiler.$Proxy9.profiled(Unknown Source)
	at java.base/jdk.internal.reflect.DirectMethodHandleAccessor.invoke(DirectMethodHandleAccessor.java:104)
	at java.base/java.lang.reflect.Method.invoke(Method.java:578)
	at com.udacity.webcrawler.profiler.ProfilingMethodInterceptor.invoke(ProfilingMethodInterceptor.java:33)
	at com.udacity.webcrawler.profiler.$Proxy9.profiled(Unknown Source)
	at java.base/jdk.internal.reflect.DirectMethodHandleAccessor.invoke(DirectMethodHandleAccessor.java:104)
	at java.base/java.lang.reflect.Method.invoke(Method.java:578)
	at com.udacity.webcrawler.profiler.ProfilingMethodInterceptor.invoke(ProfilingMethodInterceptor.java:33)
	at com.udacity.webcrawler.profiler.$Proxy9.profiled(Unknown Source)
	at java.base/jdk.internal.reflect.DirectMethodHandleAccessor.invoke(DirectMethodHandleAccessor.java:104)
	at java.base/java.lang.reflect.Method.invoke(Method.java:578)
	at com.udacity.webcrawler.profiler.ProfilingMethodInterceptor.invoke(ProfilingMethodInterceptor.java:33)
	at com.udacity.webcrawler.profiler.$Proxy9.profiled(Unknown Source)
	at java.base/jdk.internal.reflect.DirectMethodHandleAccessor.invoke(DirectMethodHandleAccessor.java:104)
	at java.base/java.lang.reflect.Method.invoke(Method.java:578)
	at com.udacity.webcrawler.profiler.ProfilingMethodInterceptor.invoke(ProfilingMethodInterceptor.java:33)
	at com.udacity.webcrawler.profiler.$Proxy9.profiled(Unknown Source)
	at java.base/jdk.internal.reflect.DirectMethodHandleAccessor.invoke(DirectMethodHandleAccessor.java:104)
	at java.base/java.lang.reflect.Method.invoke(Method.java:578)
	at com.udacity.webcrawler.profiler.ProfilingMethodInterceptor.invoke(ProfilingMethodInterceptor.java:33)
	at com.udacity.webcrawler.profiler.$Proxy9.profiled(Unknown Source)
	at java.base/jdk.internal.reflect.DirectMethodHandleAccessor.invoke(DirectMethodHandleAccessor.java:104)
	at java.base/java.lang.reflect.Method.invoke(Method.java:578)
	at com.udacity.webcrawler.profiler.ProfilingMethodInterceptor.invoke(ProfilingMethodInterceptor.java:33)
	at com.udacity.webcrawler.profiler.$Proxy9.profiled(Unknown Source)
	at java.base/jdk.internal.reflect.DirectMethodHandleAccessor.invoke(DirectMethodHandleAccessor.java:104)
	at java.base/java.lang.reflect.Method.invoke(Method.java:578)
	at com.udacity.webcrawler.profiler.ProfilingMethodInterceptor.invoke(ProfilingMethodInterceptor.java:33)
	at com.udacity.webcrawler.profiler.$Proxy9.profiled(Unknown Source)
	at java.base/jdk.internal.reflect.DirectMethodHandleAccessor.invoke(DirectMethodHandleAccessor.java:104)
	at java.base/java.lang.reflect.Method.invoke(Method.java:578)
	at com.udacity.webcrawler.profiler.ProfilingMethodInterceptor.invoke(ProfilingMethodInterceptor.java:33)
	at com.udacity.webcrawler.profiler.$Proxy9.profiled(Unknown Source)
	at java.base/jdk.internal.reflect.DirectMethodHandleAccessor.invoke(DirectMethodHandleAccessor.java:104)
	at java.base/java.lang.reflect.Method.invoke(Method.java:578)
	at com.udacity.webcrawler.profiler.ProfilingMethodInterceptor.invoke(ProfilingMethodInterceptor.java:33)
	at com.udacity.webcrawler.profiler.$Proxy9.profiled(Unknown Source)
	at java.base/jdk.internal.reflect.DirectMethodHandleAccessor.invoke(DirectMethodHandleAccessor.java:104)
	at java.base/java.lang.reflect.Method.invoke(Method.java:578)
	at com.udacity.webcrawler.profiler.ProfilingMethodInterceptor.invoke(ProfilingMethodInterceptor.java:33)
	at com.udacity.webcrawler.profiler.$Proxy9.profiled(Unknown Source)
	at java.base/jdk.internal.reflect.DirectMethodHandleAccessor.invoke(DirectMethodHandleAccessor.java:104)
	at java.base/java.lang.reflect.Method.invoke(Method.java:578)
	at com.udacity.webcrawler.profiler.ProfilingMethodInterceptor.invoke(ProfilingMethodInterceptor.java:33)
	at com.udacity.webcrawler.profiler.$Proxy9.profiled(Unknown Source)
	at java.base/jdk.internal.reflect.DirectMethodHandleAccessor.invoke(DirectMethodHandleAccessor.java:104)
	at java.base/java.lang.reflect.Method.invoke(Method.java:578)
	at com.udacity.webcrawler.profiler.ProfilingMethodInterceptor.invoke(ProfilingMethodInterceptor.java:33)
	at com.udacity.webcrawler.profiler.$Proxy9.profiled(Unknown Source)
	at java.base/jdk.internal.reflect.DirectMethodHandleAccessor.invoke(DirectMethodHandleAccessor.java:104)
	at java.base/java.lang.reflect.Method.invoke(Method.java:578)
	at com.udacity.webcrawler.profiler.ProfilingMethodInterceptor.invoke(ProfilingMethodInterceptor.java:33)
	at com.udacity.webcrawler.profiler.$Proxy9.profiled(Unknown Source)
	at java.base/jdk.internal.reflect.DirectMethodHandleAccessor.invoke(DirectMethodHandleAccessor.java:104)
	at java.base/java.lang.reflect.Method.invoke(Method.java:578)
	at com.udacity.webcrawler.profiler.ProfilingMethodInterceptor.invoke(ProfilingMethodInterceptor.java:33)
	at com.udacity.webcrawler.profiler.$Proxy9.profiled(Unknown Source)
	at java.base/jdk.internal.reflect.DirectMethodHandleAccessor.invoke(DirectMethodHandleAccessor.java:104)
	at java.base/java.lang.reflect.Method.invoke(Method.java:578)
	at com.udacity.webcrawler.profiler.ProfilingMethodInterceptor.invoke(ProfilingMethodInterceptor.java:33)
	at com.udacity.webcrawler.profiler.$Proxy9.profiled(Unknown Source)
	at java.base/jdk.internal.reflect.DirectMethodHandleAccessor.invoke(DirectMethodHandleAccessor.java:104)
	at java.base/java.lang.reflect.Method.invoke(Method.java:578)
	at com.udacity.webcrawler.profiler.ProfilingMethodInterceptor.invoke(ProfilingMethodInterceptor.java:33)
	at com.udacity.webcrawler.profiler.$Proxy9.profiled(Unknown Source)
	at java.base/jdk.internal.reflect.DirectMethodHandleAccessor.invoke(DirectMethodHandleAccessor.java:104)
	at java.base/java.lang.reflect.Method.invoke(Method.java:578)
	at com.udacity.webcrawler.profiler.ProfilingMethodInterceptor.invoke(ProfilingMethodInterceptor.java:33)
	at com.udacity.webcrawler.profiler.$Proxy9.profiled(Unknown Source)
	at java.base/jdk.internal.reflect.DirectMethodHandleAccessor.invoke(DirectMethodHandleAccessor.java:104)
	at java.base/java.lang.reflect.Method.invoke(Method.java:578)
	at com.udacity.webcrawler.profiler.ProfilingMethodInterceptor.invoke(ProfilingMethodInterceptor.java:33)
	at com.udacity.webcrawler.profiler.$Proxy9.profiled(Unknown Source)
	at java.base/jdk.internal.reflect.DirectMethodHandleAccessor.invoke(DirectMethodHandleAccessor.java:104)
	at java.base/java.lang.reflect.Method.invoke(Method.java:578)
	at com.udacity.webcrawler.profiler.ProfilingMethodInterceptor.invoke(ProfilingMethodInterceptor.java:33)
	at com.udacity.webcrawler.profiler.$Proxy9.profiled(Unknown Source)
	at java.base/jdk.internal.reflect.DirectMethodHandleAccessor.invoke(DirectMethodHandleAccessor.java:104)
	at java.base/java.lang.reflect.Method.invoke(Method.java:578)
	at com.udacity.webcrawler.profiler.ProfilingMethodInterceptor.invoke(ProfilingMethodInterceptor.java:33)
	at com.udacity.webcrawler.profiler.$Proxy9.profiled(Unknown Source)
	at java.base/jdk.internal.reflect.DirectMethodHandleAccessor.invoke(DirectMethodHandleAccessor.java:104)
	at java.base/java.lang.reflect.Method.invoke(Method.java:578)
	at com.udacity.webcrawler.profiler.ProfilingMethodInterceptor.invoke(ProfilingMethodInterceptor.java:33)
	at com.udacity.webcrawler.profiler.$Proxy9.profiled(Unknown Source)
	at java.base/jdk.internal.reflect.DirectMethodHandleAccessor.invoke(DirectMethodHandleAccessor.java:104)
	at java.base/java.lang.reflect.Method.invoke(Method.java:578)
	at com.udacity.webcrawler.profiler.ProfilingMethodInterceptor.invoke(ProfilingMethodInterceptor.java:33)
	at com.udacity.webcrawler.profiler.$Proxy9.profiled(Unknown Source)
	at java.base/jdk.internal.reflect.DirectMethodHandleAccessor.invoke(DirectMethodHandleAccessor.java:104)
	at java.base/java.lang.reflect.Method.invoke(Method.java:578)
	at com.udacity.webcrawler.profiler.ProfilingMethodInterceptor.invoke(ProfilingMethodInterceptor.java:33)
	at com.udacity.webcrawler.profiler.$Proxy9.profiled(Unknown Source)
	at java.base/jdk.internal.reflect.DirectMethodHandleAccessor.invoke(DirectMethodHandleAccessor.java:104)
	at java.base/java.lang.reflect.Method.invoke(Method.java:578)
	at com.udacity.webcrawler.profiler.ProfilingMethodInterceptor.invoke(ProfilingMethodInterceptor.java:33)
	at com.udacity.webcrawler.profiler.$Proxy9.profiled(Unknown Source)
	at java.base/jdk.internal.reflect.DirectMethodHandleAccessor.invoke(DirectMethodHandleAccessor.java:104)
	at java.base/java.lang.reflect.Method.invoke(Method.java:578)
	at com.udacity.webcrawler.profiler.ProfilingMethodInterceptor.invoke(ProfilingMethodInterceptor.java:33)
	at com.udacity.webcrawler.profiler.$Proxy9.profiled(Unknown Source)
	at java.base/jdk.internal.reflect.DirectMethodHandleAccessor.invoke(DirectMethodHandleAccessor.java:104)
	at java.base/java.lang.reflect.Method.invoke(Method.java:578)
	at com.udacity.webcrawler.profiler.ProfilingMethodInterceptor.invoke(ProfilingMethodInterceptor.java:33)
	at com.udacity.webcrawler.profiler.$Proxy9.profiled(Unknown Source)
	at java.base/jdk.internal.reflect.DirectMethodHandleAccessor.invoke(DirectMethodHandleAccessor.java:104)
	at java.base/java.lang.reflect.Method.invoke(Method.java:578)
	at com.udacity.webcrawler.profiler.ProfilingMethodInterceptor.invoke(ProfilingMethodInterceptor.java:33)
	at com.udacity.webcrawler.profiler.$Proxy9.profiled(Unknown Source)
	at java.base/jdk.internal.reflect.DirectMethodHandleAccessor.invoke(DirectMethodHandleAccessor.java:104)
	at java.base/java.lang.reflect.Method.invoke(Method.java:578)
	at com.udacity.webcrawler.profiler.ProfilingMethodInterceptor.invoke(ProfilingMethodInterceptor.java:33)
	at com.udacity.webcrawler.profiler.$Proxy9.profiled(Unknown Source)
	at java.base/jdk.internal.reflect.DirectMethodHandleAccessor.invoke(DirectMethodHandleAccessor.java:104)
	at java.base/java.lang.reflect.Method.invoke(Method.java:578)
	at com.udacity.webcrawler.profiler.ProfilingMethodInterceptor.invoke(ProfilingMethodInterceptor.java:33)
	at com.udacity.webcrawler.profiler.$Proxy9.profiled(Unknown Source)
	at java.base/jdk.internal.reflect.DirectMethodHandleAccessor.invoke(DirectMethodHandleAccessor.java:104)
	at java.base/java.lang.reflect.Method.invoke(Method.java:578)
	at com.udacity.webcrawler.profiler.ProfilingMethodInterceptor.invoke(ProfilingMethodInterceptor.java:33)
	at com.udacity.webcrawler.profiler.$Proxy9.profiled(Unknown Source)
	at java.base/jdk.internal.reflect.DirectMethodHandleAccessor.invoke(DirectMethodHandleAccessor.java:104)
	at java.base/java.lang.reflect.Method.invoke(Method.java:578)
	at com.udacity.webcrawler.profiler.ProfilingMethodInterceptor.invoke(ProfilingMethodInterceptor.java:33)
	at com.udacity.webcrawler.profiler.$Proxy9.profiled(Unknown Source)
	at java.base/jdk.internal.reflect.DirectMethodHandleAccessor.invoke(DirectMethodHandleAccessor.java:104)
	at java.base/java.lang.reflect.Method.invoke(Method.java:578)
	at com.udacity.webcrawler.profiler.ProfilingMethodInterceptor.invoke(ProfilingMethodInterceptor.java:33)
	at com.udacity.webcrawler.profiler.$Proxy9.profiled(Unknown Source)
	at java.base/jdk.internal.reflect.DirectMethodHandleAccessor.invoke(DirectMethodHandleAccessor.java:104)
	at java.base/java.lang.reflect.Method.invoke(Method.java:578)
	at com.udacity.webcrawler.profiler.ProfilingMethodInterceptor.invoke(ProfilingMethodInterceptor.java:33)
	at com.udacity.webcrawler.profiler.$Proxy9.profiled(Unknown Source)
	at java.base/jdk.internal.reflect.DirectMethodHandleAccessor.invoke(DirectMethodHandleAccessor.java:104)
	at java.base/java.lang.reflect.Method.invoke(Method.java:578)
	at com.udacity.webcrawler.profiler.ProfilingMethodInterceptor.invoke(ProfilingMethodInterceptor.java:33)
	at com.udacity.webcrawler.profiler.$Proxy9.profiled(Unknown Source)
	at java.base/jdk.internal.reflect.DirectMethodHandleAccessor.invoke(DirectMethodHandleAccessor.java:104)
	at java.base/java.lang.reflect.Method.invoke(Method.java:578)
	at com.udacity.webcrawler.profiler.ProfilingMethodInterceptor.invoke(ProfilingMethodInterceptor.java:33)
	at com.udacity.webcrawler.profiler.$Proxy9.profiled(Unknown Source)
	at java.base/jdk.internal.reflect.DirectMethodHandleAccessor.invoke(DirectMethodHandleAccessor.java:104)
	at java.base/java.lang.reflect.Method.invoke(Method.java:578)
	at com.udacity.webcrawler.profiler.ProfilingMethodInterceptor.invoke(ProfilingMethodInterceptor.java:33)
	at com.udacity.webcrawler.profiler.$Proxy9.profiled(Unknown Source)
	at java.base/jdk.internal.reflect.DirectMethodHandleAccessor.invoke(DirectMethodHandleAccessor.java:104)
	at java.base/java.lang.reflect.Method.invoke(Method.java:578)
	at com.udacity.webcrawler.profiler.ProfilingMethodInterceptor.invoke(ProfilingMethodInterceptor.java:33)
	at com.udacity.webcrawler.profiler.$Proxy9.profiled(Unknown Source)
	at java.base/jdk.internal.reflect.DirectMethodHandleAccessor.invoke(DirectMethodHandleAccessor.java:104)
	at java.base/java.lang.reflect.Method.invoke(Method.java:578)
	at com.udacity.webcrawler.profiler.ProfilingMethodInterceptor.invoke(ProfilingMethodInterceptor.java:33)
	at com.udacity.webcrawler.profiler.$Proxy9.profiled(Unknown Source)
	at java.base/jdk.internal.reflect.DirectMethodHandleAccessor.invoke(DirectMethodHandleAccessor.java:104)
	at java.base/java.lang.reflect.Method.invoke(Method.java:578)
	at com.udacity.webcrawler.profiler.ProfilingMethodInterceptor.invoke(ProfilingMethodInterceptor.java:33)
	at com.udacity.webcrawler.profiler.$Proxy9.profiled(Unknown Source)
	at java.base/jdk.internal.reflect.DirectMethodHandleAccessor.invoke(DirectMethodHandleAccessor.java:104)
	at java.base/java.lang.reflect.Method.invoke(Method.java:578)
	at com.udacity.webcrawler.profiler.ProfilingMethodInterceptor.invoke(ProfilingMethodInterceptor.java:33)
	at com.udacity.webcrawler.profiler.$Proxy9.profiled(Unknown Source)
	at java.base/jdk.internal.reflect.DirectMethodHandleAccessor.invoke(DirectMethodHandleAccessor.java:104)
	at java.base/java.lang.reflect.Method.invoke(Method.java:578)
	at com.udacity.webcrawler.profiler.ProfilingMethodInterceptor.invoke(ProfilingMethodInterceptor.java:33)
	at com.udacity.webcrawler.profiler.$Proxy9.profiled(Unknown Source)
	at java.base/jdk.internal.reflect.DirectMethodHandleAccessor.invoke(DirectMethodHandleAccessor.java:104)
	at java.base/java.lang.reflect.Method.invoke(Method.java:578)
	at com.udacity.webcrawler.profiler.ProfilingMethodInterceptor.invoke(ProfilingMethodInterceptor.java:33)
	at com.udacity.webcrawler.profiler.$Proxy9.profiled(Unknown Source)
	at java.base/jdk.internal.reflect.DirectMethodHandleAccessor.invoke(DirectMethodHandleAccessor.java:104)
	at java.base/java.lang.reflect.Method.invoke(Method.java:578)
	at com.udacity.webcrawler.profiler.ProfilingMethodInterceptor.invoke(ProfilingMethodInterceptor.java:33)
	at com.udacity.webcrawler.profiler.$Proxy9.profiled(Unknown Source)
	at java.base/jdk.internal.reflect.DirectMethodHandleAccessor.invoke(DirectMethodHandleAccessor.java:104)
	at java.base/java.lang.reflect.Method.invoke(Method.java:578)
	at com.udacity.webcrawler.profiler.ProfilingMethodInterceptor.invoke(ProfilingMethodInterceptor.java:33)
	at com.udacity.webcrawler.profiler.$Proxy9.profiled(Unknown Source)
	at java.base/jdk.internal.reflect.DirectMethodHandleAccessor.invoke(DirectMethodHandleAccessor.java:104)
	at java.base/java.lang.reflect.Method.invoke(Method.java:578)
	at com.udacity.webcrawler.profiler.ProfilingMethodInterceptor.invoke(ProfilingMethodInterceptor.java:33)
	at com.udacity.webcrawler.profiler.$Proxy9.profiled(Unknown Source)
	at java.base/jdk.internal.reflect.DirectMethodHandleAccessor.invoke(DirectMethodHandleAccessor.java:104)
	at java.base/java.lang.reflect.Method.invoke(Method.java:578)
	at com.udacity.webcrawler.profiler.ProfilingMethodInterceptor.invoke(ProfilingMethodInterceptor.java:33)
	at com.udacity.webcrawler.profiler.$Proxy9.profiled(Unknown Source)
	at java.base/jdk.internal.reflect.DirectMethodHandleAccessor.invoke(DirectMethodHandleAccessor.java:104)
	at java.base/java.lang.reflect.Method.invoke(Method.java:578)
	at com.udacity.webcrawler.profiler.ProfilingMethodInterceptor.invoke(ProfilingMethodInterceptor.java:33)
	at com.udacity.webcrawler.profiler.$Proxy9.profiled(Unknown Source)
	at java.base/jdk.internal.reflect.DirectMethodHandleAccessor.invoke(DirectMethodHandleAccessor.java:104)
	at java.base/java.lang.reflect.Method.invoke(Method.java:578)
	at com.udacity.webcrawler.profiler.ProfilingMethodInterceptor.invoke(ProfilingMethodInterceptor.java:33)
	at com.udacity.webcrawler.profiler.$Proxy9.profiled(Unknown Source)
	at java.base/jdk.internal.reflect.DirectMethodHandleAccessor.invoke(DirectMethodHandleAccessor.java:104)
	at java.base/java.lang.reflect.Method.invoke(Method.java:578)
	at com.udacity.webcrawler.profiler.ProfilingMethodInterceptor.invoke(ProfilingMethodInterceptor.java:33)
	at com.udacity.webcrawler.profiler.$Proxy9.profiled(Unknown Source)
	at java.base/jdk.internal.reflect.DirectMethodHandleAccessor.invoke(DirectMethodHandleAccessor.java:104)
	at java.base/java.lang.reflect.Method.invoke(Method.java:578)
	at com.udacity.webcrawler.profiler.ProfilingMethodInterceptor.invoke(ProfilingMethodInterceptor.java:33)
	at com.udacity.webcrawler.profiler.$Proxy9.profiled(Unknown Source)
	at java.base/jdk.internal.reflect.DirectMethodHandleAccessor.invoke(DirectMethodHandleAccessor.java:104)
	at java.base/java.lang.reflect.Method.invoke(Method.java:578)
	at com.udacity.webcrawler.profiler.ProfilingMethodInterceptor.invoke(ProfilingMethodInterceptor.java:33)
	at com.udacity.webcrawler.profiler.$Proxy9.profiled(Unknown Source)
	at java.base/jdk.internal.reflect.DirectMethodHandleAccessor.invoke(DirectMethodHandleAccessor.java:104)
	at java.base/java.lang.reflect.Method.invoke(Method.java:578)
	at com.udacity.webcrawler.profiler.ProfilingMethodInterceptor.invoke(ProfilingMethodInterceptor.java:33)
	at com.udacity.webcrawler.profiler.$Proxy9.profiled(Unknown Source)
	at java.base/jdk.internal.reflect.DirectMethodHandleAccessor.invoke(DirectMethodHandleAccessor.java:104)
	at java.base/java.lang.reflect.Method.invoke(Method.java:578)
	at com.udacity.webcrawler.profiler.ProfilingMethodInterceptor.invoke(ProfilingMethodInterceptor.java:33)
	at com.udacity.webcrawler.profiler.$Proxy9.profiled(Unknown Source)
	at java.base/jdk.internal.reflect.DirectMethodHandleAccessor.invoke(DirectMethodHandleAccessor.java:104)
	at java.base/java.lang.reflect.Method.invoke(Method.java:578)
	at com.udacity.webcrawler.profiler.ProfilingMethodInterceptor.invoke(ProfilingMethodInterceptor.java:33)
	at com.udacity.webcrawler.profiler.$Proxy9.profiled(Unknown Source)
	at java.base/jdk.internal.reflect.DirectMethodHandleAccessor.invoke(DirectMethodHandleAccessor.java:104)
	at java.base/java.lang.reflect.Method.invoke(Method.java:578)
	at com.udacity.webcrawler.profiler.ProfilingMethodInterceptor.invoke(ProfilingMethodInterceptor.java:33)
	at com.udacity.webcrawler.profiler.$Proxy9.profiled(Unknown Source)
	at java.base/jdk.internal.reflect.DirectMethodHandleAccessor.invoke(DirectMethodHandleAccessor.java:104)
	at java.base/java.lang.reflect.Method.invoke(Method.java:578)
	at com.udacity.webcrawler.profiler.ProfilingMethodInterceptor.invoke(ProfilingMethodInterceptor.java:33)
	at com.udacity.webcrawler.profiler.$Proxy9.profiled(Unknown Source)
	at java.base/jdk.internal.reflect.DirectMethodHandleAccessor.invoke(DirectMethodHandleAccessor.java:104)
	at java.base/java.lang.reflect.Method.invoke(Method.java:578)
	at com.udacity.webcrawler.profiler.ProfilingMethodInterceptor.invoke(ProfilingMethodInterceptor.java:33)
	at com.udacity.webcrawler.profiler.$Proxy9.profiled(Unknown Source)
	at java.base/jdk.internal.reflect.DirectMethodHandleAccessor.invoke(DirectMethodHandleAccessor.java:104)
	at java.base/java.lang.reflect.Method.invoke(Method.java:578)
	at com.udacity.webcrawler.profiler.ProfilingMethodInterceptor.invoke(ProfilingMethodInterceptor.java:33)
	at com.udacity.webcrawler.profiler.$Proxy9.profiled(Unknown Source)
	at java.base/jdk.internal.reflect.DirectMethodHandleAccessor.invoke(DirectMethodHandleAccessor.java:104)
	at java.base/java.lang.reflect.Method.invoke(Method.java:578)
	at com.udacity.webcrawler.profiler.ProfilingMethodInterceptor.invoke(ProfilingMethodInterceptor.java:33)
	at com.udacity.webcrawler.profiler.$Proxy9.profiled(Unknown Source)
	at java.base/jdk.internal.reflect.DirectMethodHandleAccessor.invoke(DirectMethodHandleAccessor.java:104)
	at java.base/java.lang.reflect.Method.invoke(Method.java:578)
	at com.udacity.webcrawler.profiler.ProfilingMethodInterceptor.invoke(ProfilingMethodInterceptor.java:33)
	at com.udacity.webcrawler.profiler.$Proxy9.profiled(Unknown Source)
	at java.base/jdk.internal.reflect.DirectMethodHandleAccessor.invoke(DirectMethodHandleAccessor.java:104)
	at java.base/java.lang.reflect.Method.invoke(Method.java:578)
	at com.udacity.webcrawler.profiler.ProfilingMethodInterceptor.invoke(ProfilingMethodInterceptor.java:33)
	at com.udacity.webcrawler.profiler.$Proxy9.profiled(Unknown Source)
	at java.base/jdk.internal.reflect.DirectMethodHandleAccessor.invoke(DirectMethodHandleAccessor.java:104)
	at java.base/java.lang.reflect.Method.invoke(Method.java:578)
	at com.udacity.webcrawler.profiler.ProfilingMethodInterceptor.invoke(ProfilingMethodInterceptor.java:33)
	at com.udacity.webcrawler.profiler.$Proxy9.profiled(Unknown Source)
	at java.base/jdk.internal.reflect.DirectMethodHandleAccessor.invoke(DirectMethodHandleAccessor.java:104)
	at java.base/java.lang.reflect.Method.invoke(Method.java:578)
	at com.udacity.webcrawler.profiler.ProfilingMethodInterceptor.invoke(ProfilingMethodInterceptor.java:33)
	at com.udacity.webcrawler.profiler.$Proxy9.profiled(Unknown Source)
	at java.base/jdk.internal.reflect.DirectMethodHandleAccessor.invoke(DirectMethodHandleAccessor.java:104)
	at java.base/java.lang.reflect.Method.invoke(Method.java:578)
	at com.udacity.webcrawler.profiler.ProfilingMethodInterceptor.invoke(ProfilingMethodInterceptor.java:33)
	at com.udacity.webcrawler.profiler.$Proxy9.profiled(Unknown Source)
	at java.base/jdk.internal.reflect.DirectMethodHandleAccessor.invoke(DirectMethodHandleAccessor.java:104)
	at java.base/java.lang.reflect.Method.invoke(Method.java:578)
	at com.udacity.webcrawler.profiler.ProfilingMethodInterceptor.invoke(ProfilingMethodInterceptor.java:33)
	at com.udacity.webcrawler.profiler.$Proxy9.profiled(Unknown Source)
	at java.base/jdk.internal.reflect.DirectMethodHandleAccessor.invoke(DirectMethodHandleAccessor.java:104)
	at java.base/java.lang.reflect.Method.invoke(Method.java:578)
	at com.udacity.webcrawler.profiler.ProfilingMethodInterceptor.invoke(ProfilingMethodInterceptor.java:33)
	at com.udacity.webcrawler.profiler.$Proxy9.profiled(Unknown Source)
	at java.base/jdk.internal.reflect.DirectMethodHandleAccessor.invoke(DirectMethodHandleAccessor.java:104)
	at java.base/java.lang.reflect.Method.invoke(Method.java:578)
	at com.udacity.webcrawler.profiler.ProfilingMethodInterceptor.invoke(ProfilingMethodInterceptor.java:33)
	at com.udacity.webcrawler.profiler.$Proxy9.profiled(Unknown Source)
	at java.base/jdk.internal.reflect.DirectMethodHandleAccessor.invoke(DirectMethodHandleAccessor.java:104)
	at java.base/java.lang.reflect.Method.invoke(Method.java:578)
	at com.udacity.webcrawler.profiler.ProfilingMethodInterceptor.invoke(ProfilingMethodInterceptor.java:33)
	at com.udacity.webcrawler.profiler.$Proxy9.profiled(Unknown Source)
	at java.base/jdk.internal.reflect.DirectMethodHandleAccessor.invoke(DirectMethodHandleAccessor.java:104)
	at java.base/java.lang.reflect.Method.invoke(Method.java:578)
	at com.udacity.webcrawler.profiler.ProfilingMethodInterceptor.invoke(ProfilingMethodInterceptor.java:33)
	at com.udacity.webcrawler.profiler.$Proxy9.profiled(Unknown Source)
	at java.base/jdk.internal.reflect.DirectMethodHandleAccessor.invoke(DirectMethodHandleAccessor.java:104)
	at java.base/java.lang.reflect.Method.invoke(Method.java:578)
	at com.udacity.webcrawler.profiler.ProfilingMethodInterceptor.invoke(ProfilingMethodInterceptor.java:33)
	at com.udacity.webcrawler.profiler.$Proxy9.profiled(Unknown Source)
	at java.base/jdk.internal.reflect.DirectMethodHandleAccessor.invoke(DirectMethodHandleAccessor.java:104)
	at java.base/java.lang.reflect.Method.invoke(Method.java:578)
	at com.udacity.webcrawler.profiler.ProfilingMethodInterceptor.invoke(ProfilingMethodInterceptor.java:33)
	at com.udacity.webcrawler.profiler.$Proxy9.profiled(Unknown Source)
	at java.base/jdk.internal.reflect.DirectMethodHandleAccessor.invoke(DirectMethodHandleAccessor.java:104)
	at java.base/java.lang.reflect.Method.invoke(Method.java:578)
	at com.udacity.webcrawler.profiler.ProfilingMethodInterceptor.invoke(ProfilingMethodInterceptor.java:33)
	at com.udacity.webcrawler.profiler.$Proxy9.profiled(Unknown Source)
	at java.base/jdk.internal.reflect.DirectMethodHandleAccessor.invoke(DirectMethodHandleAccessor.java:104)
	at java.base/java.lang.reflect.Method.invoke(Method.java:578)
	at com.udacity.webcrawler.profiler.ProfilingMethodInterceptor.invoke(ProfilingMethodInterceptor.java:33)
	at com.udacity.webcrawler.profiler.$Proxy9.profiled(Unknown Source)
	at java.base/jdk.internal.reflect.DirectMethodHandleAccessor.invoke(DirectMethodHandleAccessor.java:104)
	at java.base/java.lang.reflect.Method.invoke(Method.java:578)
	at com.udacity.webcrawler.profiler.ProfilingMethodInterceptor.invoke(ProfilingMethodInterceptor.java:33)
	at com.udacity.webcrawler.profiler.$Proxy9.profiled(Unknown Source)
	at java.base/jdk.internal.reflect.DirectMethodHandleAccessor.invoke(DirectMethodHandleAccessor.java:104)
	at java.base/java.lang.reflect.Method.invoke(Method.java:578)
	at com.udacity.webcrawler.profiler.ProfilingMethodInterceptor.invoke(ProfilingMethodInterceptor.java:33)
	at com.udacity.webcrawler.profiler.$Proxy9.profiled(Unknown Source)
	at java.base/jdk.internal.reflect.DirectMethodHandleAccessor.invoke(DirectMethodHandleAccessor.java:104)
	at java.base/java.lang.reflect.Method.invoke(Method.java:578)
	at com.udacity.webcrawler.profiler.ProfilingMethodInterceptor.invoke(ProfilingMethodInterceptor.java:33)
	at com.udacity.webcrawler.profiler.$Proxy9.profiled(Unknown Source)
	at java.base/jdk.internal.reflect.DirectMethodHandleAccessor.invoke(DirectMethodHandleAccessor.java:104)
	at java.base/java.lang.reflect.Method.invoke(Method.java:578)
	at com.udacity.webcrawler.profiler.ProfilingMethodInterceptor.invoke(ProfilingMethodInterceptor.java:33)
	at com.udacity.webcrawler.profiler.$Proxy9.profiled(Unknown Source)
	at java.base/jdk.internal.reflect.DirectMethodHandleAccessor.invoke(DirectMethodHandleAccessor.java:104)
	at java.base/java.lang.reflect.Method.invoke(Method.java:578)
	at com.udacity.webcrawler.profiler.ProfilingMethodInterceptor.invoke(ProfilingMethodInterceptor.java:33)
	at com.udacity.webcrawler.profiler.$Proxy9.profiled(Unknown Source)
	at java.base/jdk.internal.reflect.DirectMethodHandleAccessor.invoke(DirectMethodHandleAccessor.java:104)
	at java.base/java.lang.reflect.Method.invoke(Method.java:578)
	at com.udacity.webcrawler.profiler.ProfilingMethodInterceptor.invoke(ProfilingMethodInterceptor.java:33)
	at com.udacity.webcrawler.profiler.$Proxy9.profiled(Unknown Source)
	at java.base/jdk.internal.reflect.DirectMethodHandleAccessor.invoke(DirectMethodHandleAccessor.java:104)
	at java.base/java.lang.reflect.Method.invoke(Method.java:578)
	at com.udacity.webcrawler.profiler.ProfilingMethodInterceptor.invoke(ProfilingMethodInterceptor.java:33)
	at com.udacity.webcrawler.profiler.$Proxy9.profiled(Unknown Source)
	at java.base/jdk.internal.reflect.DirectMethodHandleAccessor.invoke(DirectMethodHandleAccessor.java:104)
	at java.base/java.lang.reflect.Method.invoke(Method.java:578)
	at com.udacity.webcrawler.profiler.ProfilingMethodInterceptor.invoke(ProfilingMethodInterceptor.java:33)
	at com.udacity.webcrawler.profiler.$Proxy9.profiled(Unknown Source)
	at java.base/jdk.internal.reflect.DirectMethodHandleAccessor.invoke(DirectMethodHandleAccessor.java:104)
	at java.base/java.lang.reflect.Method.invoke(Method.java:578)
	at com.udacity.webcrawler.profiler.ProfilingMethodInterceptor.invoke(ProfilingMethodInterceptor.java:33)
	at com.udacity.webcrawler.profiler.$Proxy9.profiled(Unknown Source)
	at java.base/jdk.internal.reflect.DirectMethodHandleAccessor.invoke(DirectMethodHandleAccessor.java:104)
	at java.base/java.lang.reflect.Method.invoke(Method.java:578)
	at com.udacity.webcrawler.profiler.ProfilingMethodInterceptor.invoke(ProfilingMethodInterceptor.java:33)
	at com.udacity.webcrawler.profiler.$Proxy9.profiled(Unknown Source)
	at java.base/jdk.internal.reflect.DirectMethodHandleAccessor.invoke(DirectMethodHandleAccessor.java:104)
	at java.base/java.lang.reflect.Method.invoke(Method.java:578)
	at com.udacity.webcrawler.profiler.ProfilingMethodInterceptor.invoke(ProfilingMethodInterceptor.java:33)
	at com.udacity.webcrawler.profiler.$Proxy9.profiled(Unknown Source)
	at java.base/jdk.internal.reflect.DirectMethodHandleAccessor.invoke(DirectMethodHandleAccessor.java:104)
	at java.base/java.lang.reflect.Method.invoke(Method.java:578)
	at com.udacity.webcrawler.profiler.ProfilingMethodInterceptor.invoke(ProfilingMethodInterceptor.java:33)
	at com.udacity.webcrawler.profiler.$Proxy9.profiled(Unknown Source)
	at java.base/jdk.internal.reflect.DirectMethodHandleAccessor.invoke(DirectMethodHandleAccessor.java:104)
	at java.base/java.lang.reflect.Method.invoke(Method.java:578)
	at com.udacity.webcrawler.profiler.ProfilingMethodInterceptor.invoke(ProfilingMethodInterceptor.java:33)
	at com.udacity.webcrawler.profiler.$Proxy9.profiled(Unknown Source)
	at java.base/jdk.internal.reflect.DirectMethodHandleAccessor.invoke(DirectMethodHandleAccessor.java:104)
	at java.base/java.lang.reflect.Method.invoke(Method.java:578)
	at com.udacity.webcrawler.profiler.ProfilingMethodInterceptor.invoke(ProfilingMethodInterceptor.java:33)
	at com.udacity.webcrawler.profiler.$Proxy9.profiled(Unknown Source)
	at java.base/jdk.internal.reflect.DirectMethodHandleAccessor.invoke(DirectMethodHandleAccessor.java:104)
	at java.base/java.lang.reflect.Method.invoke(Method.java:578)
	at com.udacity.webcrawler.profiler.ProfilingMethodInterceptor.invoke(ProfilingMethodInterceptor.java:33)
	at com.udacity.webcrawler.profiler.$Proxy9.profiled(Unknown Source)
	at java.base/jdk.internal.reflect.DirectMethodHandleAccessor.invoke(DirectMethodHandleAccessor.java:104)
	at java.base/java.lang.reflect.Method.invoke(Method.java:578)
	at com.udacity.webcrawler.profiler.ProfilingMethodInterceptor.invoke(ProfilingMethodInterceptor.java:33)
	at com.udacity.webcrawler.profiler.$Proxy9.profiled(Unknown Source)
	at java.base/jdk.internal.reflect.DirectMethodHandleAccessor.invoke(DirectMethodHandleAccessor.java:104)
	at java.base/java.lang.reflect.Method.invoke(Method.java:578)
	at com.udacity.webcrawler.profiler.ProfilingMethodInterceptor.invoke(ProfilingMethodInterceptor.java:33)
	at com.udacity.webcrawler.profiler.$Proxy9.profiled(Unknown Source)
	at java.base/jdk.internal.reflect.DirectMethodHandleAccessor.invoke(DirectMethodHandleAccessor.java:104)
	at java.base/java.lang.reflect.Method.invoke(Method.java:578)
	at com.udacity.webcrawler.profiler.ProfilingMethodInterceptor.invoke(ProfilingMethodInterceptor.java:33)
	at com.udacity.webcrawler.profiler.$Proxy9.profiled(Unknown Source)
	at java.base/jdk.internal.reflect.DirectMethodHandleAccessor.invoke(DirectMethodHandleAccessor.java:104)
	at java.base/java.lang.reflect.Method.invoke(Method.java:578)
	at com.udacity.webcrawler.profiler.ProfilingMethodInterceptor.invoke(ProfilingMethodInterceptor.java:33)
	at com.udacity.webcrawler.profiler.$Proxy9.profiled(Unknown Source)
	at java.base/jdk.internal.reflect.DirectMethodHandleAccessor.invoke(DirectMethodHandleAccessor.java:104)
	at java.base/java.lang.reflect.Method.invoke(Method.java:578)
	at com.udacity.webcrawler.profiler.ProfilingMethodInterceptor.invoke(ProfilingMethodInterceptor.java:33)
	at com.udacity.webcrawler.profiler.$Proxy9.profiled(Unknown Source)
	at java.base/jdk.internal.reflect.DirectMethodHandleAccessor.invoke(DirectMethodHandleAccessor.java:104)
	at java.base/java.lang.reflect.Method.invoke(Method.java:578)
	at com.udacity.webcrawler.profiler.ProfilingMethodInterceptor.invoke(ProfilingMethodInterceptor.java:33)
	at com.udacity.webcrawler.profiler.$Proxy9.profiled(Unknown Source)
	at java.base/jdk.internal.reflect.DirectMethodHandleAccessor.invoke(DirectMethodHandleAccessor.java:104)
	at java.base/java.lang.reflect.Method.invoke(Method.java:578)
	at com.udacity.webcrawler.profiler.ProfilingMethodInterceptor.invoke(ProfilingMethodInterceptor.java:33)
	at com.udacity.webcrawler.profiler.$Proxy9.profiled(Unknown Source)
	at java.base/jdk.internal.reflect.DirectMethodHandleAccessor.invoke(DirectMethodHandleAccessor.java:104)
	at java.base/java.lang.reflect.Method.invoke(Method.java:578)
	at com.udacity.webcrawler.profiler.ProfilingMethodInterceptor.invoke(ProfilingMethodInterceptor.java:33)
	at com.udacity.webcrawler.profiler.$Proxy9.profiled(Unknown Source)
	at java.base/jdk.internal.reflect.DirectMethodHandleAccessor.invoke(DirectMethodHandleAccessor.java:104)
	at java.base/java.lang.reflect.Method.invoke(Method.java:578)
	at com.udacity.webcrawler.profiler.ProfilingMethodInterceptor.invoke(ProfilingMethodInterceptor.java:33)
	at com.udacity.webcrawler.profiler.$Proxy9.profiled(Unknown Source)
	at java.base/jdk.internal.reflect.DirectMethodHandleAccessor.invoke(DirectMethodHandleAccessor.java:104)
	at java.base/java.lang.reflect.Method.invoke(Method.java:578)
	at com.udacity.webcrawler.profiler.ProfilingMethodInterceptor.invoke(ProfilingMethodInterceptor.java:33)
	at com.udacity.webcrawler.profiler.$Proxy9.profiled(Unknown Source)
	at java.base/jdk.internal.reflect.DirectMethodHandleAccessor.invoke(DirectMethodHandleAccessor.java:104)
	at java.base/java.lang.reflect.Method.invoke(Method.java:578)
	at com.udacity.webcrawler.profiler.ProfilingMethodInterceptor.invoke(ProfilingMethodInterceptor.java:33)
	at com.udacity.webcrawler.profiler.$Proxy9.profiled(Unknown Source)
	at java.base/jdk.internal.reflect.DirectMethodHandleAccessor.invoke(DirectMethodHandleAccessor.java:104)
	at java.base/java.lang.reflect.Method.invoke(Method.java:578)
	at com.udacity.webcrawler.profiler.ProfilingMethodInterceptor.invoke(ProfilingMethodInterceptor.java:33)
	at com.udacity.webcrawler.profiler.$Proxy9.profiled(Unknown Source)
	at java.base/jdk.internal.reflect.DirectMethodHandleAccessor.invoke(DirectMethodHandleAccessor.java:104)
	at java.base/java.lang.reflect.Method.invoke(Method.java:578)
	at com.udacity.webcrawler.profiler.ProfilingMethodInterceptor.invoke(ProfilingMethodInterceptor.java:33)
	at com.udacity.webcrawler.profiler.$Proxy9.profiled(Unknown Source)
	at java.base/jdk.internal.reflect.DirectMethodHandleAccessor.invoke(DirectMethodHandleAccessor.java:104)
	at java.base/java.lang.reflect.Method.invoke(Method.java:578)
	at com.udacity.webcrawler.profiler.ProfilingMethodInterceptor.invoke(ProfilingMethodInterceptor.java:33)
	at com.udacity.webcrawler.profiler.$Proxy9.profiled(Unknown Source)
	at java.base/jdk.internal.reflect.DirectMethodHandleAccessor.invoke(DirectMethodHandleAccessor.java:104)
	at java.base/java.lang.reflect.Method.invoke(Method.java:578)
	at com.udacity.webcrawler.profiler.ProfilingMethodInterceptor.invoke(ProfilingMethodInterceptor.java:33)
	at com.udacity.webcrawler.profiler.$Proxy9.profiled(Unknown Source)
	at java.base/jdk.internal.reflect.DirectMethodHandleAccessor.invoke(DirectMethodHandleAccessor.java:104)
	at java.base/java.lang.reflect.Method.invoke(Method.java:578)
	at com.udacity.webcrawler.profiler.ProfilingMethodInterceptor.invoke(ProfilingMethodInterceptor.java:33)
	at com.udacity.webcrawler.profiler.$Proxy9.profiled(Unknown Source)
	at java.base/jdk.internal.reflect.DirectMethodHandleAccessor.invoke(DirectMethodHandleAccessor.java:104)
	at java.base/java.lang.reflect.Method.invoke(Method.java:578)
	at com.udacity.webcrawler.profiler.ProfilingMethodInterceptor.invoke(ProfilingMethodInterceptor.java:33)
	at com.udacity.webcrawler.profiler.$Proxy9.profiled(Unknown Source)
	at java.base/jdk.internal.reflect.DirectMethodHandleAccessor.invoke(DirectMethodHandleAccessor.java:104)
	at java.base/java.lang.reflect.Method.invoke(Method.java:578)
	at com.udacity.webcrawler.profiler.ProfilingMethodInterceptor.invoke(ProfilingMethodInterceptor.java:33)
	at com.udacity.webcrawler.profiler.$Proxy9.profiled(Unknown Source)
	at java.base/jdk.internal.reflect.DirectMethodHandleAccessor.invoke(DirectMethodHandleAccessor.java:104)
	at java.base/java.lang.reflect.Method.invoke(Method.java:578)
	at com.udacity.webcrawler.profiler.ProfilingMethodInterceptor.invoke(ProfilingMethodInterceptor.java:33)
	at com.udacity.webcrawler.profiler.$Proxy9.profiled(Unknown Source)
	at java.base/jdk.internal.reflect.DirectMethodHandleAccessor.invoke(DirectMethodHandleAccessor.java:104)
	at java.base/java.lang.reflect.Method.invoke(Method.java:578)
	at com.udacity.webcrawler.profiler.ProfilingMethodInterceptor.invoke(ProfilingMethodInterceptor.java:33)
	at com.udacity.webcrawler.profiler.$Proxy9.profiled(Unknown Source)
	at java.base/jdk.internal.reflect.DirectMethodHandleAccessor.invoke(DirectMethodHandleAccessor.java:104)
	at java.base/java.lang.reflect.Method.invoke(Method.java:578)
	at com.udacity.webcrawler.profiler.ProfilingMethodInterceptor.invoke(ProfilingMethodInterceptor.java:33)
	at com.udacity.webcrawler.profiler.$Proxy9.profiled(Unknown Source)
	at java.base/jdk.internal.reflect.DirectMethodHandleAccessor.invoke(DirectMethodHandleAccessor.java:104)
	at java.base/java.lang.reflect.Method.invoke(Method.java:578)
	at com.udacity.webcrawler.profiler.ProfilingMethodInterceptor.invoke(ProfilingMethodInterceptor.java:33)
	at com.udacity.webcrawler.profiler.$Proxy9.profiled(Unknown Source)
	at java.base/jdk.internal.reflect.DirectMethodHandleAccessor.invoke(DirectMethodHandleAccessor.java:104)
	at java.base/java.lang.reflect.Method.invoke(Method.java:578)
	at com.udacity.webcrawler.profiler.ProfilingMethodInterceptor.invoke(ProfilingMethodInterceptor.java:33)
	at com.udacity.webcrawler.profiler.$Proxy9.profiled(Unknown Source)
	at java.base/jdk.internal.reflect.DirectMethodHandleAccessor.invoke(DirectMethodHandleAccessor.java:104)
	at java.base/java.lang.reflect.Method.invoke(Method.java:578)
	at com.udacity.webcrawler.profiler.ProfilingMethodInterceptor.invoke(ProfilingMethodInterceptor.java:33)
	at com.udacity.webcrawler.profiler.$Proxy9.profiled(Unknown Source)
	at java.base/jdk.internal.reflect.DirectMethodHandleAccessor.invoke(DirectMethodHandleAccessor.java:104)
	at java.base/java.lang.reflect.Method.invoke(Method.java:578)
	at com.udacity.webcrawler.profiler.ProfilingMethodInterceptor.invoke(ProfilingMethodInterceptor.java:33)
	at com.udacity.webcrawler.profiler.$Proxy9.profiled(Unknown Source)
	at java.base/jdk.internal.reflect.DirectMethodHandleAccessor.invoke(DirectMethodHandleAccessor.java:104)
	at java.base/java.lang.reflect.Method.invoke(Method.java:578)
	at com.udacity.webcrawler.profiler.ProfilingMethodInterceptor.invoke(ProfilingMethodInterceptor.java:33)
	at com.udacity.webcrawler.profiler.$Proxy9.profiled(Unknown Source)
	at java.base/jdk.internal.reflect.DirectMethodHandleAccessor.invoke(DirectMethodHandleAccessor.java:104)
	at java.base/java.lang.reflect.Method.invoke(Method.java:578)
	at com.udacity.webcrawler.profiler.ProfilingMethodInterceptor.invoke(ProfilingMethodInterceptor.java:33)
	at com.udacity.webcrawler.profiler.$Proxy9.profiled(Unknown Source)
	at java.base/jdk.internal.reflect.DirectMethodHandleAccessor.invoke(DirectMethodHandleAccessor.java:104)
	at java.base/java.lang.reflect.Method.invoke(Method.java:578)
	at com.udacity.webcrawler.profiler.ProfilingMethodInterceptor.invoke(ProfilingMethodInterceptor.java:33)
	at com.udacity.webcrawler.profiler.$Proxy9.profiled(Unknown Source)
	at java.base/jdk.internal.reflect.DirectMethodHandleAccessor.invoke(DirectMethodHandleAccessor.java:104)
	at java.base/java.lang.reflect.Method.invoke(Method.java:578)
	at com.udacity.webcrawler.profiler.ProfilingMethodInterceptor.invoke(ProfilingMethodInterceptor.java:33)
	at com.udacity.webcrawler.profiler.$Proxy9.profiled(Unknown Source)
	at java.base/jdk.internal.reflect.DirectMethodHandleAccessor.invoke(DirectMethodHandleAccessor.java:104)
	at java.base/java.lang.reflect.Method.invoke(Method.java:578)
	at com.udacity.webcrawler.profiler.ProfilingMethodInterceptor.invoke(ProfilingMethodInterceptor.java:33)
	at com.udacity.webcrawler.profiler.$Proxy9.profiled(Unknown Source)
	at java.base/jdk.internal.reflect.DirectMethodHandleAccessor.invoke(DirectMethodHandleAccessor.java:104)
	at java.base/java.lang.reflect.Method.invoke(Method.java:578)
	at com.udacity.webcrawler.profiler.ProfilingMethodInterceptor.invoke(ProfilingMethodInterceptor.java:33)
	at com.udacity.webcrawler.profiler.$Proxy9.profiled(Unknown Source)
	at java.base/jdk.internal.reflect.DirectMethodHandleAccessor.invoke(DirectMethodHandleAccessor.java:104)
	at java.base/java.lang.reflect.Method.invoke(Method.java:578)
	at com.udacity.webcrawler.profiler.ProfilingMethodInterceptor.invoke(ProfilingMethodInterceptor.java:33)
	at com.udacity.webcrawler.profiler.$Proxy9.profiled(Unknown Source)
	at java.base/jdk.internal.reflect.DirectMethodHandleAccessor.invoke(DirectMethodHandleAccessor.java:104)
	at java.base/java.lang.reflect.Method.invoke(Method.java:578)
	at com.udacity.webcrawler.profiler.ProfilingMethodInterceptor.invoke(ProfilingMethodInterceptor.java:33)
	at com.udacity.webcrawler.profiler.$Proxy9.profiled(Unknown Source)
	at java.base/jdk.internal.reflect.DirectMethodHandleAccessor.invoke(DirectMethodHandleAccessor.java:104)
	at java.base/java.lang.reflect.Method.invoke(Method.java:578)
	at com.udacity.webcrawler.profiler.ProfilingMethodInterceptor.invoke(ProfilingMethodInterceptor.java:33)
	at com.udacity.webcrawler.profiler.$Proxy9.profiled(Unknown Source)
	at java.base/jdk.internal.reflect.DirectMethodHandleAccessor.invoke(DirectMethodHandleAccessor.java:104)
	at java.base/java.lang.reflect.Method.invoke(Method.java:578)
	at com.udacity.webcrawler.profiler.ProfilingMethodInterceptor.invoke(ProfilingMethodInterceptor.java:33)
	at com.udacity.webcrawler.profiler.$Proxy9.profiled(Unknown Source)
	at java.base/jdk.internal.reflect.DirectMethodHandleAccessor.invoke(DirectMethodHandleAccessor.java:104)
	at java.base/java.lang.reflect.Method.invoke(Method.java:578)
	at com.udacity.webcrawler.profiler.ProfilingMethodInterceptor.invoke(ProfilingMethodInterceptor.java:33)
	at com.udacity.webcrawler.profiler.$Proxy9.profiled(Unknown Source)
	at java.base/jdk.internal.reflect.DirectMethodHandleAccessor.invoke(DirectMethodHandleAccessor.java:104)
	at java.base/java.lang.reflect.Method.invoke(Method.java:578)
	at com.udacity.webcrawler.profiler.ProfilingMethodInterceptor.invoke(ProfilingMethodInterceptor.java:33)
	at com.udacity.webcrawler.profiler.$Proxy9.profiled(Unknown Source)
	at java.base/jdk.internal.reflect.DirectMethodHandleAccessor.invoke(DirectMethodHandleAccessor.java:104)
	at java.base/java.lang.reflect.Method.invoke(Method.java:578)
	at com.udacity.webcrawler.profiler.ProfilingMethodInterceptor.invoke(ProfilingMethodInterceptor.java:33)
	at com.udacity.webcrawler.profiler.$Proxy9.profiled(Unknown Source)
	at java.base/jdk.internal.reflect.DirectMethodHandleAccessor.invoke(DirectMethodHandleAccessor.java:104)
	at java.base/java.lang.reflect.Method.invoke(Method.java:578)
	at com.udacity.webcrawler.profiler.ProfilingMethodInterceptor.invoke(ProfilingMethodInterceptor.java:33)
	at com.udacity.webcrawler.profiler.$Proxy9.profiled(Unknown Source)
	at java.base/jdk.internal.reflect.DirectMethodHandleAccessor.invoke(DirectMethodHandleAccessor.java:104)
	at java.base/java.lang.reflect.Method.invoke(Method.java:578)
	at com.udacity.webcrawler.profiler.ProfilingMethodInterceptor.invoke(ProfilingMethodInterceptor.java:33)
	at com.udacity.webcrawler.profiler.$Proxy9.profiled(Unknown Source)
	at java.base/jdk.internal.reflect.DirectMethodHandleAccessor.invoke(DirectMethodHandleAccessor.java:104)
	at java.base/java.lang.reflect.Method.invoke(Method.java:578)
	at com.udacity.webcrawler.profiler.ProfilingMethodInterceptor.invoke(ProfilingMethodInterceptor.java:33)
	at com.udacity.webcrawler.profiler.$Proxy9.profiled(Unknown Source)
	at java.base/jdk.internal.reflect.DirectMethodHandleAccessor.invoke(DirectMethodHandleAccessor.java:104)
	at java.base/java.lang.reflect.Method.invoke(Method.java:578)
	at com.udacity.webcrawler.profiler.ProfilingMethodInterceptor.invoke(ProfilingMethodInterceptor.java:33)
	at com.udacity.webcrawler.profiler.$Proxy9.profiled(Unknown Source)
	at java.base/jdk.internal.reflect.DirectMethodHandleAccessor.invoke(DirectMethodHandleAccessor.java:104)
	at java.base/java.lang.reflect.Method.invoke(Method.java:578)
	at com.udacity.webcrawler.profiler.ProfilingMethodInterceptor.invoke(ProfilingMethodInterceptor.java:33)
	at com.udacity.webcrawler.profiler.$Proxy9.profiled(Unknown Source)
	at java.base/jdk.internal.reflect.DirectMethodHandleAccessor.invoke(DirectMethodHandleAccessor.java:104)
	at java.base/java.lang.reflect.Method.invoke(Method.java:578)
	at com.udacity.webcrawler.profiler.ProfilingMethodInterceptor.invoke(ProfilingMethodInterceptor.java:33)
	at com.udacity.webcrawler.profiler.$Proxy9.profiled(Unknown Source)
	at java.base/jdk.internal.reflect.DirectMethodHandleAccessor.invoke(DirectMethodHandleAccessor.java:104)
	at java.base/java.lang.reflect.Method.invoke(Method.java:578)
	at com.udacity.webcrawler.profiler.ProfilingMethodInterceptor.invoke(ProfilingMethodInterceptor.java:33)
	at com.udacity.webcrawler.profiler.$Proxy9.profiled(Unknown Source)
	at java.base/jdk.internal.reflect.DirectMethodHandleAccessor.invoke(DirectMethodHandleAccessor.java:104)
	at java.base/java.lang.reflect.Method.invoke(Method.java:578)
	at com.udacity.webcrawler.profiler.ProfilingMethodInterceptor.invoke(ProfilingMethodInterceptor.java:33)
	at com.udacity.webcrawler.profiler.$Proxy9.profiled(Unknown Source)
	at java.base/jdk.internal.reflect.DirectMethodHandleAccessor.invoke(DirectMethodHandleAccessor.java:104)
	at java.base/java.lang.reflect.Method.invoke(Method.java:578)
	at com.udacity.webcrawler.profiler.ProfilingMethodInterceptor.invoke(ProfilingMethodInterceptor.java:33)
	at com.udacity.webcrawler.profiler.$Proxy9.profiled(Unknown Source)
	at java.base/jdk.internal.reflect.DirectMethodHandleAccessor.invoke(DirectMethodHandleAccessor.java:104)
	at java.base/java.lang.reflect.Method.invoke(Method.java:578)
	at com.udacity.webcrawler.profiler.ProfilingMethodInterceptor.invoke(ProfilingMethodInterceptor.java:33)
	at com.udacity.webcrawler.profiler.$Proxy9.profiled(Unknown Source)
	at java.base/jdk.internal.reflect.DirectMethodHandleAccessor.invoke(DirectMethodHandleAccessor.java:104)
	at java.base/java.lang.reflect.Method.invoke(Method.java:578)
	at com.udacity.webcrawler.profiler.ProfilingMethodInterceptor.invoke(ProfilingMethodInterceptor.java:33)
	at com.udacity.webcrawler.profiler.$Proxy9.profiled(Unknown Source)
	at java.base/jdk.internal.reflect.DirectMethodHandleAccessor.invoke(DirectMethodHandleAccessor.java:104)
	at java.base/java.lang.reflect.Method.invoke(Method.java:578)
	at com.udacity.webcrawler.profiler.ProfilingMethodInterceptor.invoke(ProfilingMethodInterceptor.java:33)
	at com.udacity.webcrawler.profiler.$Proxy9.profiled(Unknown Source)
	at java.base/jdk.internal.reflect.DirectMethodHandleAccessor.invoke(DirectMethodHandleAccessor.java:104)
	at java.base/java.lang.reflect.Method.invoke(Method.java:578)
	at com.udacity.webcrawler.profiler.ProfilingMethodInterceptor.invoke(ProfilingMethodInterceptor.java:33)
	at com.udacity.webcrawler.profiler.$Proxy9.profiled(Unknown Source)
	at java.base/jdk.internal.reflect.DirectMethodHandleAccessor.invoke(DirectMethodHandleAccessor.java:104)
	at java.base/java.lang.reflect.Method.invoke(Method.java:578)
	at com.udacity.webcrawler.profiler.ProfilingMethodInterceptor.invoke(ProfilingMethodInterceptor.java:33)
	at com.udacity.webcrawler.profiler.$Proxy9.profiled(Unknown Source)
	at java.base/jdk.internal.reflect.DirectMethodHandleAccessor.invoke(DirectMethodHandleAccessor.java:104)
	at java.base/java.lang.reflect.Method.invoke(Method.java:578)
	at com.udacity.webcrawler.profiler.ProfilingMethodInterceptor.invoke(ProfilingMethodInterceptor.java:33)
	at com.udacity.webcrawler.profiler.$Proxy9.profiled(Unknown Source)
	at java.base/jdk.internal.reflect.DirectMethodHandleAccessor.invoke(DirectMethodHandleAccessor.java:104)
	at java.base/java.lang.reflect.Method.invoke(Method.java:578)
	at com.udacity.webcrawler.profiler.ProfilingMethodInterceptor.invoke(ProfilingMethodInterceptor.java:33)
	at com.udacity.webcrawler.profiler.$Proxy9.profiled(Unknown Source)
	at java.base/jdk.internal.reflect.DirectMethodHandleAccessor.invoke(DirectMethodHandleAccessor.java:104)
	at java.base/java.lang.reflect.Method.invoke(Method.java:578)
	at com.udacity.webcrawler.profiler.ProfilingMethodInterceptor.invoke(ProfilingMethodInterceptor.java:33)
	at com.udacity.webcrawler.profiler.$Proxy9.profiled(Unknown Source)
	at java.base/jdk.internal.reflect.DirectMethodHandleAccessor.invoke(DirectMethodHandleAccessor.java:104)
	at java.base/java.lang.reflect.Method.invoke(Method.java:578)
	at com.udacity.webcrawler.profiler.ProfilingMethodInterceptor.invoke(ProfilingMethodInterceptor.java:33)
	at com.udacity.webcrawler.profiler.$Proxy9.profiled(Unknown Source)
	at java.base/jdk.internal.reflect.DirectMethodHandleAccessor.invoke(DirectMethodHandleAccessor.java:104)
	at java.base/java.lang.reflect.Method.invoke(Method.java:578)
	at com.udacity.webcrawler.profiler.ProfilingMethodInterceptor.invoke(ProfilingMethodInterceptor.java:33)
	at com.udacity.webcrawler.profiler.$Proxy9.profiled(Unknown Source)
	at java.base/jdk.internal.reflect.DirectMethodHandleAccessor.invoke(DirectMethodHandleAccessor.java:104)
	at java.base/java.lang.reflect.Method.invoke(Method.java:578)
	at com.udacity.webcrawler.profiler.ProfilingMethodInterceptor.invoke(ProfilingMethodInterceptor.java:33)
	at com.udacity.webcrawler.profiler.$Proxy9.profiled(Unknown Source)
	at java.base/jdk.internal.reflect.DirectMethodHandleAccessor.invoke(DirectMethodHandleAccessor.java:104)
	at java.base/java.lang.reflect.Method.invoke(Method.java:578)
	at com.udacity.webcrawler.profiler.ProfilingMethodInterceptor.invoke(ProfilingMethodInterceptor.java:33)
	at com.udacity.webcrawler.profiler.$Proxy9.profiled(Unknown Source)
	at java.base/jdk.internal.reflect.DirectMethodHandleAccessor.invoke(DirectMethodHandleAccessor.java:104)
	at java.base/java.lang.reflect.Method.invoke(Method.java:578)
	at com.udacity.webcrawler.profiler.ProfilingMethodInterceptor.invoke(ProfilingMethodInterceptor.java:33)
	at com.udacity.webcrawler.profiler.$Proxy9.profiled(Unknown Source)
	at java.base/jdk.internal.reflect.DirectMethodHandleAccessor.invoke(DirectMethodHandleAccessor.java:104)
	at java.base/java.lang.reflect.Method.invoke(Method.java:578)
	at com.udacity.webcrawler.profiler.ProfilingMethodInterceptor.invoke(ProfilingMethodInterceptor.java:33)
	at com.udacity.webcrawler.profiler.$Proxy9.profiled(Unknown Source)
	at java.base/jdk.internal.reflect.DirectMethodHandleAccessor.invoke(DirectMethodHandleAccessor.java:104)
	at java.base/java.lang.reflect.Method.invoke(Method.java:578)
	at com.udacity.webcrawler.profiler.ProfilingMethodInterceptor.invoke(ProfilingMethodInterceptor.java:33)
	at com.udacity.webcrawler.profiler.$Proxy9.profiled(Unknown Source)
	at java.base/jdk.internal.reflect.DirectMethodHandleAccessor.invoke(DirectMethodHandleAccessor.java:104)
	at java.base/java.lang.reflect.Method.invoke(Method.java:578)
	at com.udacity.webcrawler.profiler.ProfilingMethodInterceptor.invoke(ProfilingMethodInterceptor.java:33)
	at com.udacity.webcrawler.profiler.$Proxy9.profiled(Unknown Source)
	at java.base/jdk.internal.reflect.DirectMethodHandleAccessor.invoke(DirectMethodHandleAccessor.java:104)
	at java.base/java.lang.reflect.Method.invoke(Method.java:578)
	at com.udacity.webcrawler.profiler.ProfilingMethodInterceptor.invoke(ProfilingMethodInterceptor.java:33)
	at com.udacity.webcrawler.profiler.$Proxy9.profiled(Unknown Source)
	at java.base/jdk.internal.reflect.DirectMethodHandleAccessor.invoke(DirectMethodHandleAccessor.java:104)
	at java.base/java.lang.reflect.Method.invoke(Method.java:578)
	at com.udacity.webcrawler.profiler.ProfilingMethodInterceptor.invoke(ProfilingMethodInterceptor.java:33)
	at com.udacity.webcrawler.profiler.$Proxy9.profiled(Unknown Source)
	at java.base/jdk.internal.reflect.DirectMethodHandleAccessor.invoke(DirectMethodHandleAccessor.java:104)
	at java.base/java.lang.reflect.Method.invoke(Method.java:578)
	at com.udacity.webcrawler.profiler.ProfilingMethodInterceptor.invoke(ProfilingMethodInterceptor.java:33)
	at com.udacity.webcrawler.profiler.$Proxy9.profiled(Unknown Source)
	at java.base/jdk.internal.reflect.DirectMethodHandleAccessor.invoke(DirectMethodHandleAccessor.java:104)
	at java.base/java.lang.reflect.Method.invoke(Method.java:578)
	at com.udacity.webcrawler.profiler.ProfilingMethodInterceptor.invoke(ProfilingMethodInterceptor.java:33)
	at com.udacity.webcrawler.profiler.$Proxy9.profiled(Unknown Source)
	at java.base/jdk.internal.reflect.DirectMethodHandleAccessor.invoke(DirectMethodHandleAccessor.java:104)
	at java.base/java.lang.reflect.Method.invoke(Method.java:578)
	at com.udacity.webcrawler.profiler.ProfilingMethodInterceptor.invoke(ProfilingMethodInterceptor.java:33)
	at com.udacity.webcrawler.profiler.$Proxy9.profiled(Unknown Source)
	at java.base/jdk.internal.reflect.DirectMethodHandleAccessor.invoke(DirectMethodHandleAccessor.java:104)
	at java.base/java.lang.reflect.Method.invoke(Method.java:578)
	at com.udacity.webcrawler.profiler.ProfilingMethodInterceptor.invoke(ProfilingMethodInterceptor.java:33)
	at com.udacity.webcrawler.profiler.$Proxy9.profiled(Unknown Source)
	at java.base/jdk.internal.reflect.DirectMethodHandleAccessor.invoke(DirectMethodHandleAccessor.java:104)
	at java.base/java.lang.reflect.Method.invoke(Method.java:578)
	at com.udacity.webcrawler.profiler.ProfilingMethodInterceptor.invoke(ProfilingMethodInterceptor.java:33)
	at com.udacity.webcrawler.profiler.$Proxy9.profiled(Unknown Source)
	at java.base/jdk.internal.reflect.DirectMethodHandleAccessor.invoke(DirectMethodHandleAccessor.java:104)
	at java.base/java.lang.reflect.Method.invoke(Method.java:578)
	at com.udacity.webcrawler.profiler.ProfilingMethodInterceptor.invoke(ProfilingMethodInterceptor.java:33)
	at com.udacity.webcrawler.profiler.$Proxy9.profiled(Unknown Source)
	at java.base/jdk.internal.reflect.DirectMethodHandleAccessor.invoke(DirectMethodHandleAccessor.java:104)
	at java.base/java.lang.reflect.Method.invoke(Method.java:578)
	at com.udacity.webcrawler.profiler.ProfilingMethodInterceptor.invoke(ProfilingMethodInterceptor.java:33)
	at com.udacity.webcrawler.profiler.$Proxy9.profiled(Unknown Source)
	at java.base/jdk.internal.reflect.DirectMethodHandleAccessor.invoke(DirectMethodHandleAccessor.java:104)
	at java.base/java.lang.reflect.Method.invoke(Method.java:578)
	at com.udacity.webcrawler.profiler.ProfilingMethodInterceptor.invoke(ProfilingMethodInterceptor.java:33)
	at com.udacity.webcrawler.profiler.$Proxy9.profiled(Unknown Source)
	at java.base/jdk.internal.reflect.DirectMethodHandleAccessor.invoke(DirectMethodHandleAccessor.java:104)
	at java.base/java.lang.reflect.Method.invoke(Method.java:578)
	at com.udacity.webcrawler.profiler.ProfilingMethodInterceptor.invoke(ProfilingMethodInterceptor.java:33)
	at com.udacity.webcrawler.profiler.$Proxy9.profiled(Unknown Source)
	at java.base/jdk.internal.reflect.DirectMethodHandleAccessor.invoke(DirectMethodHandleAccessor.java:104)
	at java.base/java.lang.reflect.Method.invoke(Method.java:578)
	at com.udacity.webcrawler.profiler.ProfilingMethodInterceptor.invoke(ProfilingMethodInterceptor.java:33)
	at com.udacity.webcrawler.profiler.$Proxy9.profiled(Unknown Source)
	at java.base/jdk.internal.reflect.DirectMethodHandleAccessor.invoke(DirectMethodHandleAccessor.java:104)
	at java.base/java.lang.reflect.Method.invoke(Method.java:578)
	at com.udacity.webcrawler.profiler.ProfilingMethodInterceptor.invoke(ProfilingMethodInterceptor.java:33)
	at com.udacity.webcrawler.profiler.$Proxy9.profiled(Unknown Source)
]]></error>
    <system-out><![CDATA[java.lang.StackOverflowError
java.lang.StackOverflowError
java.lang.StackOverflowError
java.lang.StackOverflowError
java.lang.StackOverflowError
java.lang.StackOverflowError
java.lang.StackOverflowError
java.lang.StackOverflowError
java.lang.StackOverflowError
java.lang.StackOverflowError
java.lang.StackOverflowError
java.lang.StackOverflowError
java.lang.StackOverflowError
java.lang.StackOverflowError
java.lang.StackOverflowError
java.lang.StackOverflowError
java.lang.StackOverflowError
java.lang.StackOverflowError
java.lang.StackOverflowError
java.lang.StackOverflowError
java.lang.StackOverflowError
java.lang.StackOverflowError
java.lang.StackOverflowError
java.lang.StackOverflowError
java.lang.StackOverflowError
java.lang.StackOverflowError
java.lang.StackOverflowError
java.lang.StackOverflowError
java.lang.StackOverflowError
java.lang.StackOverflowError
java.lang.StackOverflowError
java.lang.StackOverflowError
java.lang.StackOverflowError
java.lang.StackOverflowError
java.lang.StackOverflowError
java.lang.StackOverflowError
java.lang.StackOverflowError
java.lang.StackOverflowError
java.lang.StackOverflowError
java.lang.StackOverflowError
java.lang.StackOverflowError
java.lang.StackOverflowError
java.lang.StackOverflowError
java.lang.StackOverflowError
java.lang.StackOverflowError
java.lang.StackOverflowError
java.lang.StackOverflowError
java.lang.StackOverflowError
java.lang.StackOverflowError
java.lang.StackOverflowError
java.lang.StackOverflowError
java.lang.StackOverflowError
java.lang.StackOverflowError
java.lang.StackOverflowError
java.lang.StackOverflowError
java.lang.StackOverflowError
java.lang.StackOverflowError
java.lang.StackOverflowError
java.lang.StackOverflowError
java.lang.StackOverflowError
java.lang.StackOverflowError
java.lang.StackOverflowError
java.lang.StackOverflowError
java.lang.StackOverflowError
java.lang.StackOverflowError
java.lang.StackOverflowError
java.lang.StackOverflowError
java.lang.StackOverflowError
java.lang.StackOverflowError
java.lang.StackOverflowError
java.lang.StackOverflowError
java.lang.StackOverflowError
java.lang.StackOverflowError
java.lang.StackOverflowError
java.lang.StackOverflowError
java.lang.StackOverflowError
java.lang.StackOverflowError
java.lang.StackOverflowError
java.lang.StackOverflowError
java.lang.StackOverflowError
java.lang.StackOverflowError
java.lang.StackOverflowError
java.lang.StackOverflowError
java.lang.StackOverflowError
java.lang.StackOverflowError
java.lang.StackOverflowError
java.lang.StackOverflowError
java.lang.StackOverflowError
java.lang.StackOverflowError
java.lang.StackOverflowError
java.lang.StackOverflowError
java.lang.StackOverflowError
java.lang.StackOverflowError
java.lang.StackOverflowError
java.lang.StackOverflowError
java.lang.StackOverflowError
java.lang.StackOverflowError
java.lang.StackOverflowError
java.lang.StackOverflowError
java.lang.StackOverflowError
java.lang.StackOverflowError
java.lang.StackOverflowError
java.lang.StackOverflowError
java.lang.StackOverflowError
java.lang.StackOverflowError
java.lang.StackOverflowError
java.lang.StackOverflowError
java.lang.StackOverflowError
java.lang.StackOverflowError
java.lang.StackOverflowError
java.lang.StackOverflowError
java.lang.StackOverflowError
java.lang.StackOverflowError
java.lang.StackOverflowError
java.lang.StackOverflowError
java.lang.StackOverflowError
java.lang.StackOverflowError
java.lang.StackOverflowError
java.lang.StackOverflowError
java.lang.StackOverflowError
java.lang.StackOverflowError
java.lang.StackOverflowError
java.lang.StackOverflowError
java.lang.StackOverflowError
java.lang.StackOverflowError
java.lang.StackOverflowError
java.lang.StackOverflowError
java.lang.StackOverflowError
java.lang.StackOverflowError
java.lang.StackOverflowError
java.lang.StackOverflowError
java.lang.StackOverflowError
java.lang.StackOverflowError
java.lang.StackOverflowError
java.lang.StackOverflowError
java.lang.StackOverflowError
java.lang.StackOverflowError
java.lang.StackOverflowError
java.lang.StackOverflowError
java.lang.StackOverflowError
java.lang.StackOverflowError
java.lang.StackOverflowError
java.lang.StackOverflowError
java.lang.StackOverflowError
java.lang.StackOverflowError
java.lang.StackOverflowError
java.lang.StackOverflowError
java.lang.StackOverflowError
java.lang.StackOverflowError
java.lang.StackOverflowError
java.lang.StackOverflowError
java.lang.StackOverflowError
java.lang.StackOverflowError
java.lang.StackOverflowError
java.lang.StackOverflowError
java.lang.StackOverflowError
java.lang.StackOverflowError
java.lang.StackOverflowError
java.lang.StackOverflowError
java.lang.StackOverflowError
java.lang.StackOverflowError
java.lang.StackOverflowError
java.lang.StackOverflowError
java.lang.StackOverflowError
java.lang.StackOverflowError
java.lang.StackOverflowError
java.lang.StackOverflowError
java.lang.StackOverflowError
java.lang.StackOverflowError
java.lang.StackOverflowError
java.lang.StackOverflowError
java.lang.StackOverflowError
java.lang.StackOverflowError
java.lang.StackOverflowError
java.lang.StackOverflowError
java.lang.StackOverflowError
java.lang.StackOverflowError
java.lang.StackOverflowError
java.lang.StackOverflowError
java.lang.StackOverflowError
java.lang.StackOverflowError
java.lang.StackOverflowError
java.lang.StackOverflowError
java.lang.StackOverflowError
java.lang.StackOverflowError
java.lang.StackOverflowError
java.lang.StackOverflowError
java.lang.StackOverflowError
java.lang.StackOverflowError
java.lang.StackOverflowError
java.lang.StackOverflowError
java.lang.StackOverflowError
java.lang.StackOverflowError
java.lang.StackOverflowError
java.lang.StackOverflowError
java.lang.StackOverflowError
java.lang.StackOverflowError
java.lang.StackOverflowError
java.lang.StackOverflowError
java.lang.StackOverflowError
java.lang.StackOverflowError
java.lang.StackOverflowError
java.lang.StackOverflowError
java.lang.StackOverflowError
java.lang.StackOverflowError
java.lang.StackOverflowError
java.lang.StackOverflowError
java.lang.StackOverflowError
java.lang.StackOverflowError
java.lang.StackOverflowError
java.lang.StackOverflowError
java.lang.StackOverflowError
java.lang.StackOverflowError
java.lang.StackOverflowError
java.lang.StackOverflowError
java.lang.StackOverflowError
java.lang.StackOverflowError
java.lang.StackOverflowError
java.lang.StackOverflowError
java.lang.StackOverflowError
java.lang.StackOverflowError
java.lang.StackOverflowError
java.lang.StackOverflowError
java.lang.StackOverflowError
java.lang.StackOverflowError
java.lang.StackOverflowError
java.lang.StackOverflowError
java.lang.StackOverflowError
java.lang.StackOverflowError
java.lang.StackOverflowError
java.lang.StackOverflowError
java.lang.StackOverflowError
java.lang.StackOverflowError
java.lang.StackOverflowError
java.lang.StackOverflowError
java.lang.StackOverflowError
java.lang.StackOverflowError
java.lang.StackOverflowError
java.lang.StackOverflowError
java.lang.StackOverflowError
java.lang.StackOverflowError
java.lang.StackOverflowError
java.lang.StackOverflowError
java.lang.StackOverflowError
java.lang.StackOverflowError
java.lang.StackOverflowError
java.lang.StackOverflowError
java.lang.StackOverflowError
java.lang.StackOverflowError
java.lang.StackOverflowError
java.lang.StackOverflowError
java.lang.StackOverflowError
java.lang.StackOverflowError
java.lang.StackOverflowError
java.lang.StackOverflowError
java.lang.StackOverflowError
java.lang.StackOverflowError
java.lang.StackOverflowError
java.lang.StackOverflowError
java.lang.StackOverflowError
java.lang.StackOverflowError
java.lang.StackOverflowError
java.lang.StackOverflowError
java.lang.StackOverflowError
java.lang.StackOverflowError
java.lang.StackOverflowError
java.lang.StackOverflowError
java.lang.StackOverflowError
java.lang.StackOverflowError
java.lang.StackOverflowError
java.lang.StackOverflowError
java.lang.StackOverflowError
java.lang.StackOverflowError
java.lang.StackOverflowError
java.lang.StackOverflowError
java.lang.StackOverflowError
java.lang.StackOverflowError
java.lang.StackOverflowError
java.lang.StackOverflowError
java.lang.StackOverflowError
java.lang.StackOverflowError
java.lang.StackOverflowError
java.lang.StackOverflowError
java.lang.StackOverflowError
java.lang.StackOverflowError
java.lang.StackOverflowError
java.lang.StackOverflowError
java.lang.StackOverflowError
java.lang.StackOverflowError
java.lang.StackOverflowError
java.lang.StackOverflowError
java.lang.StackOverflowError
java.lang.StackOverflowError
java.lang.StackOverflowError
java.lang.StackOverflowError
java.lang.StackOverflowError
java.lang.StackOverflowError
java.lang.StackOverflowError
java.lang.StackOverflowError
java.lang.StackOverflowError
java.lang.StackOverflowError
java.lang.StackOverflowError
java.lang.StackOverflowError
java.lang.StackOverflowError
java.lang.StackOverflowError
java.lang.StackOverflowError
java.lang.StackOverflowError
java.lang.StackOverflowError
java.lang.StackOverflowError
java.lang.StackOverflowError
java.lang.StackOverflowError
java.lang.StackOverflowError
java.lang.StackOverflowError
java.lang.StackOverflowError
java.lang.StackOverflowError
java.lang.StackOverflowError
java.lang.StackOverflowError
java.lang.StackOverflowError
java.lang.StackOverflowError
java.lang.StackOverflowError
java.lang.StackOverflowError
java.lang.StackOverflowError
java.lang.StackOverflowError
java.lang.StackOverflowError
java.lang.StackOverflowError
java.lang.StackOverflowError
java.lang.StackOverflowError
java.lang.StackOverflowError
java.lang.StackOverflowError
java.lang.StackOverflowError
java.lang.StackOverflowError
java.lang.StackOverflowError
java.lang.StackOverflowError
java.lang.StackOverflowError
java.lang.StackOverflowError
java.lang.StackOverflowError
java.lang.StackOverflowError
java.lang.StackOverflowError
java.lang.StackOverflowError
java.lang.StackOverflowError
java.lang.StackOverflowError
java.lang.StackOverflowError
java.lang.StackOverflowError
java.lang.StackOverflowError
java.lang.StackOverflowError
java.lang.StackOverflowError
java.lang.StackOverflowError
java.lang.StackOverflowError
java.lang.StackOverflowError
java.lang.StackOverflowError
java.lang.StackOverflowError
java.lang.StackOverflowError
java.lang.StackOverflowError
java.lang.StackOverflowError
java.lang.StackOverflowError
java.lang.StackOverflowError
java.lang.StackOverflowError
java.lang.StackOverflowError
java.lang.StackOverflowError
java.lang.StackOverflowError
java.lang.StackOverflowError
java.lang.StackOverflowError
java.lang.StackOverflowError
java.lang.StackOverflowError
java.lang.StackOverflowError
java.lang.StackOverflowError
java.lang.StackOverflowError
java.lang.StackOverflowError
java.lang.StackOverflowError
java.lang.StackOverflowError
java.lang.StackOverflowError
java.lang.StackOverflowError
java.lang.StackOverflowError
java.lang.StackOverflowError
java.lang.StackOverflowError
java.lang.StackOverflowError
java.lang.StackOverflowError
java.lang.StackOverflowError
java.lang.StackOverflowError
java.lang.StackOverflowError
java.lang.StackOverflowError
java.lang.StackOverflowError
java.lang.StackOverflowError
java.lang.StackOverflowError
java.lang.StackOverflowError
java.lang.StackOverflowError
java.lang.StackOverflowError
java.lang.StackOverflowError
java.lang.StackOverflowError
java.lang.StackOverflowError
java.lang.StackOverflowError
java.lang.StackOverflowError
java.lang.StackOverflowError
java.lang.StackOverflowError
java.lang.StackOverflowError
java.lang.StackOverflowError
java.lang.StackOverflowError
java.lang.StackOverflowError
java.lang.StackOverflowError
java.lang.StackOverflowError
java.lang.StackOverflowError
java.lang.StackOverflowError
java.lang.StackOverflowError
java.lang.StackOverflowError
java.lang.StackOverflowError
java.lang.StackOverflowError
java.lang.StackOverflowError
java.lang.StackOverflowError
java.lang.StackOverflowError
java.lang.StackOverflowError
java.lang.StackOverflowError
java.lang.StackOverflowError
java.lang.StackOverflowError
java.lang.StackOverflowError
java.lang.StackOverflowError
java.lang.StackOverflowError
java.lang.StackOverflowError
java.lang.StackOverflowError
java.lang.StackOverflowError
java.lang.StackOverflowError
java.lang.StackOverflowError
java.lang.StackOverflowError
java.lang.StackOverflowError
java.lang.StackOverflowError
java.lang.StackOverflowError
java.lang.StackOverflowError
java.lang.StackOverflowError
java.lang.StackOverflowError
java.lang.StackOverflowError
java.lang.StackOverflowError
java.lang.StackOverflowError
java.lang.StackOverflowError
java.lang.StackOverflowError
java.lang.StackOverflowError
java.lang.StackOverflowError
java.lang.StackOverflowError
java.lang.StackOverflowError
java.lang.StackOverflowError
java.lang.StackOverflowError
java.lang.StackOverflowError
java.lang.StackOverflowError
java.lang.StackOverflowError
java.lang.StackOverflowError
java.lang.StackOverflowError
java.lang.StackOverflowError
java.lang.StackOverflowError
java.lang.StackOverflowError
java.lang.StackOverflowError
java.lang.StackOverflowError
java.lang.StackOverflowError
java.lang.StackOverflowError
java.lang.StackOverflowError
java.lang.StackOverflowError
java.lang.StackOverflowError
java.lang.StackOverflowError
java.lang.StackOverflowError
java.lang.StackOverflowError
java.lang.StackOverflowError
java.lang.StackOverflowError
java.lang.StackOverflowError
java.lang.StackOverflowError
java.lang.StackOverflowError
java.lang.StackOverflowError
java.lang.StackOverflowError
java.lang.StackOverflowError
java.lang.StackOverflowError
java.lang.StackOverflowError
java.lang.StackOverflowError
java.lang.StackOverflowError
java.lang.StackOverflowError
java.lang.StackOverflowError
java.lang.StackOverflowError
java.lang.StackOverflowError
java.lang.StackOverflowError
java.lang.StackOverflowError
java.lang.StackOverflowError
java.lang.StackOverflowError
java.lang.StackOverflowError
java.lang.StackOverflowError
java.lang.StackOverflowError
java.lang.StackOverflowError
java.lang.StackOverflowError
java.lang.StackOverflowError
java.lang.StackOverflowError
java.lang.StackOverflowError
java.lang.StackOverflowError
java.lang.StackOverflowError
java.lang.StackOverflowError
java.lang.StackOverflowError
java.lang.StackOverflowError
java.lang.StackOverflowError
java.lang.StackOverflowError
java.lang.StackOverflowError
java.lang.StackOverflowError
java.lang.StackOverflowError
java.lang.StackOverflowError
java.lang.StackOverflowError
java.lang.StackOverflowError
java.lang.StackOverflowError
java.lang.StackOverflowError
java.lang.StackOverflowError
java.lang.StackOverflowError
java.lang.StackOverflowError
java.lang.StackOverflowError
java.lang.StackOverflowError
java.lang.StackOverflowError
java.lang.StackOverflowError
java.lang.StackOverflowError
java.lang.StackOverflowError
java.lang.StackOverflowError
java.lang.StackOverflowError
java.lang.StackOverflowError
java.lang.StackOverflowError
java.lang.StackOverflowError
java.lang.StackOverflowError
java.lang.StackOverflowError
java.lang.StackOverflowError
java.lang.StackOverflowError
java.lang.StackOverflowError
java.lang.StackOverflowError
java.lang.StackOverflowError
java.lang.StackOverflowError
java.lang.StackOverflowError
java.lang.StackOverflowError
java.lang.StackOverflowError
java.lang.StackOverflowError
java.lang.StackOverflowError
java.lang.StackOverflowError
java.lang.StackOverflowError
java.lang.StackOverflowError
java.lang.StackOverflowError
java.lang.StackOverflowError
java.lang.StackOverflowError
java.lang.StackOverflowError
java.lang.StackOverflowError
java.lang.StackOverflowError
java.lang.StackOverflowError
java.lang.StackOverflowError
java.lang.StackOverflowError
java.lang.StackOverflowError
java.lang.StackOverflowError
java.lang.StackOverflowError
java.lang.StackOverflowError
java.lang.StackOverflowError
java.lang.StackOverflowError
java.lang.StackOverflowError
java.lang.StackOverflowError
java.lang.StackOverflowError
java.lang.StackOverflowError
java.lang.StackOverflowError
java.lang.StackOverflowError
java.lang.StackOverflowError
java.lang.StackOverflowError
java.lang.StackOverflowError
java.lang.StackOverflowError
java.lang.StackOverflowError
java.lang.StackOverflowError
java.lang.StackOverflowError
java.lang.StackOverflowError
java.lang.StackOverflowError
java.lang.StackOverflowError
java.lang.StackOverflowError
java.lang.StackOverflowError
java.lang.StackOverflowError
java.lang.StackOverflowError
java.lang.StackOverflowError
java.lang.StackOverflowError
java.lang.StackOverflowError
java.lang.StackOverflowError
java.lang.StackOverflowError
java.lang.StackOverflowError
java.lang.StackOverflowError
java.lang.StackOverflowError
java.lang.StackOverflowError
java.lang.StackOverflowError
java.lang.StackOverflowError
java.lang.StackOverflowError
java.lang.StackOverflowError
java.lang.StackOverflowError
java.lang.StackOverflowError
java.lang.StackOverflowError
java.lang.StackOverflowError
java.lang.StackOverflowError
java.lang.StackOverflowError
java.lang.StackOverflowError
java.lang.StackOverflowError
java.lang.StackOverflowError
java.lang.StackOverflowError
java.lang.StackOverflowError
java.lang.StackOverflowError
java.lang.StackOverflowError
java.lang.StackOverflowError
java.lang.StackOverflowError
java.lang.StackOverflowError
java.lang.StackOverflowError
java.lang.StackOverflowError
java.lang.StackOverflowError
java.lang.StackOverflowError
java.lang.StackOverflowError
java.lang.StackOverflowError
java.lang.StackOverflowError
java.lang.StackOverflowError
java.lang.StackOverflowError
java.lang.StackOverflowError
java.lang.StackOverflowError
java.lang.StackOverflowError
java.lang.StackOverflowError
java.lang.StackOverflowError
java.lang.StackOverflowError
java.lang.StackOverflowError
java.lang.StackOverflowError
java.lang.StackOverflowError
java.lang.StackOverflowError
java.lang.StackOverflowError
java.lang.StackOverflowError
java.lang.StackOverflowError
java.lang.StackOverflowError
java.lang.StackOverflowError
java.lang.StackOverflowError
java.lang.StackOverflowError
java.lang.StackOverflowError
java.lang.StackOverflowError
java.lang.StackOverflowError
java.lang.StackOverflowError
java.lang.StackOverflowError
java.lang.StackOverflowError
java.lang.StackOverflowError
java.lang.StackOverflowError
java.lang.StackOverflowError
java.lang.StackOverflowError
java.lang.StackOverflowError
java.lang.StackOverflowError
java.lang.StackOverflowError
java.lang.StackOverflowError
java.lang.StackOverflowError
java.lang.StackOverflowError
java.lang.StackOverflowError
java.lang.StackOverflowError
java.lang.StackOverflowError
java.lang.StackOverflowError
java.lang.StackOverflowError
java.lang.StackOverflowError
java.lang.StackOverflowError
java.lang.StackOverflowError
java.lang.StackOverflowError
java.lang.StackOverflowError
java.lang.StackOverflowError
java.lang.StackOverflowError
java.lang.StackOverflowError
java.lang.StackOverflowError
java.lang.StackOverflowError
java.lang.StackOverflowError
java.lang.StackOverflowError
java.lang.StackOverflowError
java.lang.StackOverflowError
java.lang.StackOverflowError
java.lang.StackOverflowError
java.lang.StackOverflowError
java.lang.StackOverflowError
java.lang.StackOverflowError
java.lang.StackOverflowError
java.lang.StackOverflowError
java.lang.StackOverflowError
java.lang.StackOverflowError
java.lang.StackOverflowError
java.lang.StackOverflowError
java.lang.StackOverflowError
java.lang.StackOverflowError
java.lang.StackOverflowError
java.lang.StackOverflowError
java.lang.StackOverflowError
java.lang.StackOverflowError
java.lang.StackOverflowError
java.lang.StackOverflowError
java.lang.StackOverflowError
java.lang.StackOverflowError
java.lang.StackOverflowError
java.lang.StackOverflowError
java.lang.StackOverflowError
java.lang.StackOverflowError
java.lang.StackOverflowError
java.lang.StackOverflowError
java.lang.StackOverflowError
java.lang.StackOverflowError
java.lang.StackOverflowError
java.lang.StackOverflowError
java.lang.StackOverflowError
java.lang.StackOverflowError
java.lang.StackOverflowError
java.lang.StackOverflowError
java.lang.StackOverflowError
java.lang.StackOverflowError
java.lang.StackOverflowError
java.lang.StackOverflowError
java.lang.StackOverflowError
java.lang.StackOverflowError
java.lang.StackOverflowError
java.lang.StackOverflowError
java.lang.StackOverflowError
java.lang.StackOverflowError
java.lang.StackOverflowError
java.lang.StackOverflowError
java.lang.StackOverflowError
java.lang.StackOverflowError
java.lang.StackOverflowError
java.lang.StackOverflowError
java.lang.StackOverflowError
java.lang.StackOverflowError
java.lang.StackOverflowError
java.lang.StackOverflowError
java.lang.StackOverflowError
java.lang.StackOverflowError
java.lang.StackOverflowError
java.lang.StackOverflowError
java.lang.StackOverflowError
java.lang.StackOverflowError
java.lang.StackOverflowError
java.lang.StackOverflowError
java.lang.StackOverflowError
java.lang.StackOverflowError
java.lang.StackOverflowError
java.lang.StackOverflowError
java.lang.StackOverflowError
java.lang.StackOverflowError
java.lang.StackOverflowError
java.lang.StackOverflowError
java.lang.StackOverflowError
java.lang.StackOverflowError
java.lang.StackOverflowError
java.lang.StackOverflowError
java.lang.StackOverflowError
java.lang.StackOverflowError
java.lang.StackOverflowError
java.lang.StackOverflowError
java.lang.StackOverflowError
java.lang.StackOverflowError
java.lang.StackOverflowError
java.lang.StackOverflowError
java.lang.StackOverflowError
java.lang.StackOverflowError
java.lang.StackOverflowError
java.lang.StackOverflowError
java.lang.StackOverflowError
java.lang.StackOverflowError
java.lang.StackOverflowError
java.lang.StackOverflowError
java.lang.StackOverflowError
java.lang.StackOverflowError
java.lang.StackOverflowError
java.lang.StackOverflowError
java.lang.StackOverflowError
java.lang.StackOverflowError
java.lang.StackOverflowError
java.lang.StackOverflowError
java.lang.StackOverflowError
java.lang.StackOverflowError
java.lang.StackOverflowError
java.lang.StackOverflowError
java.lang.StackOverflowError
java.lang.StackOverflowError
java.lang.StackOverflowError
java.lang.StackOverflowError
java.lang.StackOverflowError
java.lang.StackOverflowError
java.lang.StackOverflowError
java.lang.StackOverflowError
java.lang.StackOverflowError
java.lang.StackOverflowError
java.lang.StackOverflowError
java.lang.StackOverflowError
java.lang.StackOverflowError
java.lang.StackOverflowError
java.lang.StackOverflowError
java.lang.StackOverflowError
java.lang.StackOverflowError
java.lang.StackOverflowError
java.lang.StackOverflowError
java.lang.StackOverflowError
java.lang.StackOverflowError
java.lang.StackOverflowError
java.lang.StackOverflowError
java.lang.StackOverflowError
java.lang.StackOverflowError
java.lang.StackOverflowError
java.lang.StackOverflowError
java.lang.StackOverflowError
java.lang.StackOverflowError
java.lang.StackOverflowError
java.lang.StackOverflowError
java.lang.StackOverflowError
java.lang.StackOverflowError
java.lang.StackOverflowError
java.lang.StackOverflowError
java.lang.StackOverflowError
java.lang.StackOverflowError
java.lang.StackOverflowError
java.lang.StackOverflowError
java.lang.StackOverflowError
java.lang.StackOverflowError
java.lang.StackOverflowError
java.lang.StackOverflowError
java.lang.StackOverflowError
java.lang.StackOverflowError
java.lang.StackOverflowError
java.lang.StackOverflowError
java.lang.StackOverflowError
java.lang.StackOverflowError
java.lang.StackOverflowError
java.lang.StackOverflowError
java.lang.StackOverflowError
java.lang.StackOverflowError
java.lang.StackOverflowError
java.lang.StackOverflowError
java.lang.StackOverflowError
java.lang.StackOverflowError
java.lang.StackOverflowError
java.lang.StackOverflowError
java.lang.StackOverflowError
java.lang.StackOverflowError
java.lang.StackOverflowError
java.lang.StackOverflowError
java.lang.StackOverflowError
java.lang.StackOverflowError
java.lang.StackOverflowError
java.lang.StackOverflowError
java.lang.StackOverflowError
java.lang.StackOverflowError
java.lang.StackOverflowError
java.lang.StackOverflowError
java.lang.StackOverflowError
java.lang.StackOverflowError
java.lang.StackOverflowError
java.lang.StackOverflowError
java.lang.StackOverflowError
java.lang.StackOverflowError
java.lang.StackOverflowError
java.lang.StackOverflowError
java.lang.StackOverflowError
java.lang.StackOverflowError
java.lang.StackOverflowError
java.lang.StackOverflowError
java.lang.StackOverflowError
java.lang.StackOverflowError
java.lang.StackOverflowError
java.lang.StackOverflowError
java.lang.StackOverflowError
java.lang.StackOverflowError
java.lang.StackOverflowError
java.lang.StackOverflowError
java.lang.StackOverflowError
java.lang.StackOverflowError
java.lang.StackOverflowError
java.lang.StackOverflowError
java.lang.StackOverflowError
java.lang.StackOverflowError
java.lang.StackOverflowError
java.lang.StackOverflowError
java.lang.StackOverflowError
java.lang.StackOverflowError
java.lang.StackOverflowError
java.lang.StackOverflowError
java.lang.StackOverflowError
java.lang.StackOverflowError
java.lang.StackOverflowError
java.lang.StackOverflowError
java.lang.StackOverflowError
java.lang.StackOverflowError
java.lang.StackOverflowError
java.lang.StackOverflowError
java.lang.StackOverflowError
java.lang.StackOverflowError
java.lang.StackOverflowError
java.lang.StackOverflowError
java.lang.StackOverflowError
java.lang.StackOverflowError
java.lang.StackOverflowError
java.lang.StackOverflowError
java.lang.StackOverflowError
java.lang.StackOverflowError
java.lang.StackOverflowError
java.lang.StackOverflowError
java.lang.StackOverflowError
java.lang.StackOverflowError
java.lang.StackOverflowError
java.lang.StackOverflowError
java.lang.StackOverflowError
java.lang.StackOverflowError
java.lang.StackOverflowError
java.lang.StackOverflowError
java.lang.StackOverflowError
java.lang.StackOverflowError
java.lang.StackOverflowError
java.lang.StackOverflowError
java.lang.StackOverflowError
java.lang.StackOverflowError
java.lang.StackOverflowError
java.lang.StackOverflowError
java.lang.StackOverflowError
java.lang.StackOverflowError
java.lang.StackOverflowError
java.lang.StackOverflowError
java.lang.StackOverflowError
java.lang.StackOverflowError
java.lang.StackOverflowError
java.lang.StackOverflowError
java.lang.StackOverflowError
java.lang.StackOverflowError
java.lang.StackOverflowError
java.lang.StackOverflowError
java.lang.StackOverflowError
java.lang.StackOverflowError
java.lang.StackOverflowError
java.lang.StackOverflowError
java.lang.StackOverflowError
java.lang.StackOverflowError
java.lang.StackOverflowError
java.lang.StackOverflowError
java.lang.StackOverflowError
java.lang.StackOverflowError
java.lang.StackOverflowError
java.lang.StackOverflowError
java.lang.StackOverflowError
java.lang.StackOverflowError
java.lang.StackOverflowError
java.lang.StackOverflowError
java.lang.StackOverflowError
java.lang.StackOverflowError
java.lang.StackOverflowError
java.lang.StackOverflowError
java.lang.StackOverflowError
java.lang.StackOverflowError
java.lang.StackOverflowError
java.lang.StackOverflowError
java.lang.StackOverflowError
java.lang.StackOverflowError
java.lang.StackOverflowError
java.lang.StackOverflowError
java.lang.StackOverflowError
java.lang.StackOverflowError
java.lang.StackOverflowError
java.lang.StackOverflowError
java.lang.StackOverflowError
java.lang.StackOverflowError
java.lang.StackOverflowError
java.lang.StackOverflowError
java.lang.StackOverflowError
java.lang.StackOverflowError
java.lang.StackOverflowError
java.lang.StackOverflowError
java.lang.StackOverflowError
java.lang.StackOverflowError
java.lang.StackOverflowError
java.lang.StackOverflowError
java.lang.StackOverflowError
java.lang.StackOverflowError
java.lang.StackOverflowError
java.lang.StackOverflowError
java.lang.StackOverflowError
java.lang.StackOverflowError
java.lang.StackOverflowError
java.lang.StackOverflowError
java.lang.StackOverflowError
java.lang.StackOverflowError
]]></system-out>
  </testcase>
  <testcase name="testDeclaredExceptionHandling" classname="com.udacity.webcrawler.profiler.ProfilerImplTest" time="0.128">
    <failure type="The proxy threw a different exception than was thrown by the wrapped object&#10;value of"><![CDATA[The proxy threw a different exception than was thrown by the wrapped object
value of: assertThrows(...).getMessage()
expected: expected exception
but was : null
	at com.udacity.webcrawler.profiler.ProfilerImplTest.testDeclaredExceptionHandling(ProfilerImplTest.java:120)
	at [[Reflective call: 2 frames collapsed (https://goo.gl/aH3UyP)]].(:0)
	at [[Testing framework: 27 frames collapsed (https://goo.gl/aH3UyP)]].(:0)
	at java.base/java.util.ArrayList.forEach(ArrayList.java:1511)
	at [[Testing framework: 9 frames collapsed (https://goo.gl/aH3UyP)]].(:0)
	at java.base/java.util.ArrayList.forEach(ArrayList.java:1511)
	at [[Testing framework: 17 frames collapsed (https://goo.gl/aH3UyP)]].(:0)
	at org.apache.maven.surefire.junitplatform.JUnitPlatformProvider.execute(JUnitPlatformProvider.java:188)
	at org.apache.maven.surefire.junitplatform.JUnitPlatformProvider.invokeAllTests(JUnitPlatformProvider.java:154)
	at org.apache.maven.surefire.junitplatform.JUnitPlatformProvider.invoke(JUnitPlatformProvider.java:128)
	at org.apache.maven.surefire.booter.ForkedBooter.runSuitesInProcess(ForkedBooter.java:428)
	at org.apache.maven.surefire.booter.ForkedBooter.execute(ForkedBooter.java:162)
	at org.apache.maven.surefire.booter.ForkedBooter.run(ForkedBooter.java:562)
	at org.apache.maven.surefire.booter.ForkedBooter.main(ForkedBooter.java:548)
Caused by: java.lang.StackOverflowError
	at java.base/java.lang.AbstractStringBuilder.append(AbstractStringBuilder.java:625)
	at java.base/java.lang.StringBuilder.append(StringBuilder.java:209)
	at java.base/java.lang.StringBuilder.append(StringBuilder.java:91)
	at java.base/java.util.Formatter$FormatSpecifier.appendJustified(Formatter.java:3184)
	at java.base/java.util.Formatter$FormatSpecifier.print(Formatter.java:3174)
	at java.base/java.util.Formatter$FormatSpecifier.printString(Formatter.java:3147)
	at java.base/java.util.Formatter$FormatSpecifier.print(Formatter.java:3025)
	at java.base/java.util.Formatter.format(Formatter.java:2781)
	at java.base/java.util.Formatter.format(Formatter.java:2717)
	at java.base/java.lang.String.format(String.java:4150)
	at com.udacity.webcrawler.profiler.ProfilingState.formatMethodCall(ProfilingState.java:68)
	at com.udacity.webcrawler.profiler.ProfilingState.record(ProfilingState.java:33)
	at com.udacity.webcrawler.profiler.ProfilingMethodInterceptor.invoke(ProfilingMethodInterceptor.java:39)
	at com.udacity.webcrawler.profiler.$Proxy9.throwSomething(Unknown Source)
	at [[Reflective call: 2 frames collapsed (https://goo.gl/aH3UyP)]].(:0)
	at com.udacity.webcrawler.profiler.ProfilingMethodInterceptor.invoke(ProfilingMethodInterceptor.java:33)
	at com.udacity.webcrawler.profiler.$Proxy9.throwSomething(Unknown Source)
	at [[Reflective call: 2 frames collapsed (https://goo.gl/aH3UyP)]].(:0)
	at com.udacity.webcrawler.profiler.ProfilingMethodInterceptor.invoke(ProfilingMethodInterceptor.java:33)
	at com.udacity.webcrawler.profiler.$Proxy9.throwSomething(Unknown Source)
	at [[Reflective call: 2 frames collapsed (https://goo.gl/aH3UyP)]].(:0)
	at com.udacity.webcrawler.profiler.ProfilingMethodInterceptor.invoke(ProfilingMethodInterceptor.java:33)
	at com.udacity.webcrawler.profiler.$Proxy9.throwSomething(Unknown Source)
	at [[Reflective call: 2 frames collapsed (https://goo.gl/aH3UyP)]].(:0)
	at com.udacity.webcrawler.profiler.ProfilingMethodInterceptor.invoke(ProfilingMethodInterceptor.java:33)
	at com.udacity.webcrawler.profiler.$Proxy9.throwSomething(Unknown Source)
	at [[Reflective call: 2 frames collapsed (https://goo.gl/aH3UyP)]].(:0)
	at com.udacity.webcrawler.profiler.ProfilingMethodInterceptor.invoke(ProfilingMethodInterceptor.java:33)
	at com.udacity.webcrawler.profiler.$Proxy9.throwSomething(Unknown Source)
	at [[Reflective call: 2 frames collapsed (https://goo.gl/aH3UyP)]].(:0)
	at com.udacity.webcrawler.profiler.ProfilingMethodInterceptor.invoke(ProfilingMethodInterceptor.java:33)
	at com.udacity.webcrawler.profiler.$Proxy9.throwSomething(Unknown Source)
	at [[Reflective call: 2 frames collapsed (https://goo.gl/aH3UyP)]].(:0)
	at com.udacity.webcrawler.profiler.ProfilingMethodInterceptor.invoke(ProfilingMethodInterceptor.java:33)
	at com.udacity.webcrawler.profiler.$Proxy9.throwSomething(Unknown Source)
	at [[Reflective call: 2 frames collapsed (https://goo.gl/aH3UyP)]].(:0)
	at com.udacity.webcrawler.profiler.ProfilingMethodInterceptor.invoke(ProfilingMethodInterceptor.java:33)
	at com.udacity.webcrawler.profiler.$Proxy9.throwSomething(Unknown Source)
	at [[Reflective call: 2 frames collapsed (https://goo.gl/aH3UyP)]].(:0)
	at com.udacity.webcrawler.profiler.ProfilingMethodInterceptor.invoke(ProfilingMethodInterceptor.java:33)
	at com.udacity.webcrawler.profiler.$Proxy9.throwSomething(Unknown Source)
	at [[Reflective call: 2 frames collapsed (https://goo.gl/aH3UyP)]].(:0)
	at com.udacity.webcrawler.profiler.ProfilingMethodInterceptor.invoke(ProfilingMethodInterceptor.java:33)
	at com.udacity.webcrawler.profiler.$Proxy9.throwSomething(Unknown Source)
	at [[Reflective call: 2 frames collapsed (https://goo.gl/aH3UyP)]].(:0)
	at com.udacity.webcrawler.profiler.ProfilingMethodInterceptor.invoke(ProfilingMethodInterceptor.java:33)
	at com.udacity.webcrawler.profiler.$Proxy9.throwSomething(Unknown Source)
	at [[Reflective call: 2 frames collapsed (https://goo.gl/aH3UyP)]].(:0)
	at com.udacity.webcrawler.profiler.ProfilingMethodInterceptor.invoke(ProfilingMethodInterceptor.java:33)
	at com.udacity.webcrawler.profiler.$Proxy9.throwSomething(Unknown Source)
	at [[Reflective call: 2 frames collapsed (https://goo.gl/aH3UyP)]].(:0)
	at com.udacity.webcrawler.profiler.ProfilingMethodInterceptor.invoke(ProfilingMethodInterceptor.java:33)
	at com.udacity.webcrawler.profiler.$Proxy9.throwSomething(Unknown Source)
	at [[Reflective call: 2 frames collapsed (https://goo.gl/aH3UyP)]].(:0)
	at com.udacity.webcrawler.profiler.ProfilingMethodInterceptor.invoke(ProfilingMethodInterceptor.java:33)
	at com.udacity.webcrawler.profiler.$Proxy9.throwSomething(Unknown Source)
	at [[Reflective call: 2 frames collapsed (https://goo.gl/aH3UyP)]].(:0)
	at com.udacity.webcrawler.profiler.ProfilingMethodInterceptor.invoke(ProfilingMethodInterceptor.java:33)
	at com.udacity.webcrawler.profiler.$Proxy9.throwSomething(Unknown Source)
	at [[Reflective call: 2 frames collapsed (https://goo.gl/aH3UyP)]].(:0)
	at com.udacity.webcrawler.profiler.ProfilingMethodInterceptor.invoke(ProfilingMethodInterceptor.java:33)
	at com.udacity.webcrawler.profiler.$Proxy9.throwSomething(Unknown Source)
	at [[Reflective call: 2 frames collapsed (https://goo.gl/aH3UyP)]].(:0)
	at com.udacity.webcrawler.profiler.ProfilingMethodInterceptor.invoke(ProfilingMethodInterceptor.java:33)
	at com.udacity.webcrawler.profiler.$Proxy9.throwSomething(Unknown Source)
	at [[Reflective call: 2 frames collapsed (https://goo.gl/aH3UyP)]].(:0)
	at com.udacity.webcrawler.profiler.ProfilingMethodInterceptor.invoke(ProfilingMethodInterceptor.java:33)
	at com.udacity.webcrawler.profiler.$Proxy9.throwSomething(Unknown Source)
	at [[Reflective call: 2 frames collapsed (https://goo.gl/aH3UyP)]].(:0)
	at com.udacity.webcrawler.profiler.ProfilingMethodInterceptor.invoke(ProfilingMethodInterceptor.java:33)
	at com.udacity.webcrawler.profiler.$Proxy9.throwSomething(Unknown Source)
	at [[Reflective call: 2 frames collapsed (https://goo.gl/aH3UyP)]].(:0)
	at com.udacity.webcrawler.profiler.ProfilingMethodInterceptor.invoke(ProfilingMethodInterceptor.java:33)
	at com.udacity.webcrawler.profiler.$Proxy9.throwSomething(Unknown Source)
	at [[Reflective call: 2 frames collapsed (https://goo.gl/aH3UyP)]].(:0)
	at com.udacity.webcrawler.profiler.ProfilingMethodInterceptor.invoke(ProfilingMethodInterceptor.java:33)
	at com.udacity.webcrawler.profiler.$Proxy9.throwSomething(Unknown Source)
	at [[Reflective call: 2 frames collapsed (https://goo.gl/aH3UyP)]].(:0)
	at com.udacity.webcrawler.profiler.ProfilingMethodInterceptor.invoke(ProfilingMethodInterceptor.java:33)
	at com.udacity.webcrawler.profiler.$Proxy9.throwSomething(Unknown Source)
	at [[Reflective call: 2 frames collapsed (https://goo.gl/aH3UyP)]].(:0)
	at com.udacity.webcrawler.profiler.ProfilingMethodInterceptor.invoke(ProfilingMethodInterceptor.java:33)
	at com.udacity.webcrawler.profiler.$Proxy9.throwSomething(Unknown Source)
	at [[Reflective call: 2 frames collapsed (https://goo.gl/aH3UyP)]].(:0)
	at com.udacity.webcrawler.profiler.ProfilingMethodInterceptor.invoke(ProfilingMethodInterceptor.java:33)
	at com.udacity.webcrawler.profiler.$Proxy9.throwSomething(Unknown Source)
	at [[Reflective call: 2 frames collapsed (https://goo.gl/aH3UyP)]].(:0)
	at com.udacity.webcrawler.profiler.ProfilingMethodInterceptor.invoke(ProfilingMethodInterceptor.java:33)
	at com.udacity.webcrawler.profiler.$Proxy9.throwSomething(Unknown Source)
	at [[Reflective call: 2 frames collapsed (https://goo.gl/aH3UyP)]].(:0)
	at com.udacity.webcrawler.profiler.ProfilingMethodInterceptor.invoke(ProfilingMethodInterceptor.java:33)
	at com.udacity.webcrawler.profiler.$Proxy9.throwSomething(Unknown Source)
	at [[Reflective call: 2 frames collapsed (https://goo.gl/aH3UyP)]].(:0)
	at com.udacity.webcrawler.profiler.ProfilingMethodInterceptor.invoke(ProfilingMethodInterceptor.java:33)
	at com.udacity.webcrawler.profiler.$Proxy9.throwSomething(Unknown Source)
	at [[Reflective call: 2 frames collapsed (https://goo.gl/aH3UyP)]].(:0)
	at com.udacity.webcrawler.profiler.ProfilingMethodInterceptor.invoke(ProfilingMethodInterceptor.java:33)
	at com.udacity.webcrawler.profiler.$Proxy9.throwSomething(Unknown Source)
	at [[Reflective call: 2 frames collapsed (https://goo.gl/aH3UyP)]].(:0)
	at com.udacity.webcrawler.profiler.ProfilingMethodInterceptor.invoke(ProfilingMethodInterceptor.java:33)
	at com.udacity.webcrawler.profiler.$Proxy9.throwSomething(Unknown Source)
	at [[Reflective call: 2 frames collapsed (https://goo.gl/aH3UyP)]].(:0)
	at com.udacity.webcrawler.profiler.ProfilingMethodInterceptor.invoke(ProfilingMethodInterceptor.java:33)
	at com.udacity.webcrawler.profiler.$Proxy9.throwSomething(Unknown Source)
	at [[Reflective call: 2 frames collapsed (https://goo.gl/aH3UyP)]].(:0)
	at com.udacity.webcrawler.profiler.ProfilingMethodInterceptor.invoke(ProfilingMethodInterceptor.java:33)
	at com.udacity.webcrawler.profiler.$Proxy9.throwSomething(Unknown Source)
	at [[Reflective call: 2 frames collapsed (https://goo.gl/aH3UyP)]].(:0)
	at com.udacity.webcrawler.profiler.ProfilingMethodInterceptor.invoke(ProfilingMethodInterceptor.java:33)
	at com.udacity.webcrawler.profiler.$Proxy9.throwSomething(Unknown Source)
	at [[Reflective call: 2 frames collapsed (https://goo.gl/aH3UyP)]].(:0)
	at com.udacity.webcrawler.profiler.ProfilingMethodInterceptor.invoke(ProfilingMethodInterceptor.java:33)
	at com.udacity.webcrawler.profiler.$Proxy9.throwSomething(Unknown Source)
	at [[Reflective call: 2 frames collapsed (https://goo.gl/aH3UyP)]].(:0)
	at com.udacity.webcrawler.profiler.ProfilingMethodInterceptor.invoke(ProfilingMethodInterceptor.java:33)
	at com.udacity.webcrawler.profiler.$Proxy9.throwSomething(Unknown Source)
	at [[Reflective call: 2 frames collapsed (https://goo.gl/aH3UyP)]].(:0)
	at com.udacity.webcrawler.profiler.ProfilingMethodInterceptor.invoke(ProfilingMethodInterceptor.java:33)
	at com.udacity.webcrawler.profiler.$Proxy9.throwSomething(Unknown Source)
	at [[Reflective call: 2 frames collapsed (https://goo.gl/aH3UyP)]].(:0)
	at com.udacity.webcrawler.profiler.ProfilingMethodInterceptor.invoke(ProfilingMethodInterceptor.java:33)
	at com.udacity.webcrawler.profiler.$Proxy9.throwSomething(Unknown Source)
	at [[Reflective call: 2 frames collapsed (https://goo.gl/aH3UyP)]].(:0)
	at com.udacity.webcrawler.profiler.ProfilingMethodInterceptor.invoke(ProfilingMethodInterceptor.java:33)
	at com.udacity.webcrawler.profiler.$Proxy9.throwSomething(Unknown Source)
	at [[Reflective call: 2 frames collapsed (https://goo.gl/aH3UyP)]].(:0)
	at com.udacity.webcrawler.profiler.ProfilingMethodInterceptor.invoke(ProfilingMethodInterceptor.java:33)
	at com.udacity.webcrawler.profiler.$Proxy9.throwSomething(Unknown Source)
	at [[Reflective call: 2 frames collapsed (https://goo.gl/aH3UyP)]].(:0)
	at com.udacity.webcrawler.profiler.ProfilingMethodInterceptor.invoke(ProfilingMethodInterceptor.java:33)
	at com.udacity.webcrawler.profiler.$Proxy9.throwSomething(Unknown Source)
	at [[Reflective call: 2 frames collapsed (https://goo.gl/aH3UyP)]].(:0)
	at com.udacity.webcrawler.profiler.ProfilingMethodInterceptor.invoke(ProfilingMethodInterceptor.java:33)
	at com.udacity.webcrawler.profiler.$Proxy9.throwSomething(Unknown Source)
	at [[Reflective call: 2 frames collapsed (https://goo.gl/aH3UyP)]].(:0)
	at com.udacity.webcrawler.profiler.ProfilingMethodInterceptor.invoke(ProfilingMethodInterceptor.java:33)
	at com.udacity.webcrawler.profiler.$Proxy9.throwSomething(Unknown Source)
	at [[Reflective call: 2 frames collapsed (https://goo.gl/aH3UyP)]].(:0)
	at com.udacity.webcrawler.profiler.ProfilingMethodInterceptor.invoke(ProfilingMethodInterceptor.java:33)
	at com.udacity.webcrawler.profiler.$Proxy9.throwSomething(Unknown Source)
	at [[Reflective call: 2 frames collapsed (https://goo.gl/aH3UyP)]].(:0)
	at com.udacity.webcrawler.profiler.ProfilingMethodInterceptor.invoke(ProfilingMethodInterceptor.java:33)
	at com.udacity.webcrawler.profiler.$Proxy9.throwSomething(Unknown Source)
	at [[Reflective call: 2 frames collapsed (https://goo.gl/aH3UyP)]].(:0)
	at com.udacity.webcrawler.profiler.ProfilingMethodInterceptor.invoke(ProfilingMethodInterceptor.java:33)
	at com.udacity.webcrawler.profiler.$Proxy9.throwSomething(Unknown Source)
	at [[Reflective call: 2 frames collapsed (https://goo.gl/aH3UyP)]].(:0)
	at com.udacity.webcrawler.profiler.ProfilingMethodInterceptor.invoke(ProfilingMethodInterceptor.java:33)
	at com.udacity.webcrawler.profiler.$Proxy9.throwSomething(Unknown Source)
	at [[Reflective call: 2 frames collapsed (https://goo.gl/aH3UyP)]].(:0)
	at com.udacity.webcrawler.profiler.ProfilingMethodInterceptor.invoke(ProfilingMethodInterceptor.java:33)
	at com.udacity.webcrawler.profiler.$Proxy9.throwSomething(Unknown Source)
	at [[Reflective call: 2 frames collapsed (https://goo.gl/aH3UyP)]].(:0)
	at com.udacity.webcrawler.profiler.ProfilingMethodInterceptor.invoke(ProfilingMethodInterceptor.java:33)
	at com.udacity.webcrawler.profiler.$Proxy9.throwSomething(Unknown Source)
	at [[Reflective call: 2 frames collapsed (https://goo.gl/aH3UyP)]].(:0)
	at com.udacity.webcrawler.profiler.ProfilingMethodInterceptor.invoke(ProfilingMethodInterceptor.java:33)
	at com.udacity.webcrawler.profiler.$Proxy9.throwSomething(Unknown Source)
	at [[Reflective call: 2 frames collapsed (https://goo.gl/aH3UyP)]].(:0)
	at com.udacity.webcrawler.profiler.ProfilingMethodInterceptor.invoke(ProfilingMethodInterceptor.java:33)
	at com.udacity.webcrawler.profiler.$Proxy9.throwSomething(Unknown Source)
	at [[Reflective call: 2 frames collapsed (https://goo.gl/aH3UyP)]].(:0)
	at com.udacity.webcrawler.profiler.ProfilingMethodInterceptor.invoke(ProfilingMethodInterceptor.java:33)
	at com.udacity.webcrawler.profiler.$Proxy9.throwSomething(Unknown Source)
	at [[Reflective call: 2 frames collapsed (https://goo.gl/aH3UyP)]].(:0)
	at com.udacity.webcrawler.profiler.ProfilingMethodInterceptor.invoke(ProfilingMethodInterceptor.java:33)
	at com.udacity.webcrawler.profiler.$Proxy9.throwSomething(Unknown Source)
	at [[Reflective call: 2 frames collapsed (https://goo.gl/aH3UyP)]].(:0)
	at com.udacity.webcrawler.profiler.ProfilingMethodInterceptor.invoke(ProfilingMethodInterceptor.java:33)
	at com.udacity.webcrawler.profiler.$Proxy9.throwSomething(Unknown Source)
	at [[Reflective call: 2 frames collapsed (https://goo.gl/aH3UyP)]].(:0)
	at com.udacity.webcrawler.profiler.ProfilingMethodInterceptor.invoke(ProfilingMethodInterceptor.java:33)
	at com.udacity.webcrawler.profiler.$Proxy9.throwSomething(Unknown Source)
	at [[Reflective call: 2 frames collapsed (https://goo.gl/aH3UyP)]].(:0)
	at com.udacity.webcrawler.profiler.ProfilingMethodInterceptor.invoke(ProfilingMethodInterceptor.java:33)
	at com.udacity.webcrawler.profiler.$Proxy9.throwSomething(Unknown Source)
	at [[Reflective call: 2 frames collapsed (https://goo.gl/aH3UyP)]].(:0)
	at com.udacity.webcrawler.profiler.ProfilingMethodInterceptor.invoke(ProfilingMethodInterceptor.java:33)
	at com.udacity.webcrawler.profiler.$Proxy9.throwSomething(Unknown Source)
	at [[Reflective call: 2 frames collapsed (https://goo.gl/aH3UyP)]].(:0)
	at com.udacity.webcrawler.profiler.ProfilingMethodInterceptor.invoke(ProfilingMethodInterceptor.java:33)
	at com.udacity.webcrawler.profiler.$Proxy9.throwSomething(Unknown Source)
	at [[Reflective call: 2 frames collapsed (https://goo.gl/aH3UyP)]].(:0)
	at com.udacity.webcrawler.profiler.ProfilingMethodInterceptor.invoke(ProfilingMethodInterceptor.java:33)
	at com.udacity.webcrawler.profiler.$Proxy9.throwSomething(Unknown Source)
	at [[Reflective call: 2 frames collapsed (https://goo.gl/aH3UyP)]].(:0)
	at com.udacity.webcrawler.profiler.ProfilingMethodInterceptor.invoke(ProfilingMethodInterceptor.java:33)
	at com.udacity.webcrawler.profiler.$Proxy9.throwSomething(Unknown Source)
	at [[Reflective call: 2 frames collapsed (https://goo.gl/aH3UyP)]].(:0)
	at com.udacity.webcrawler.profiler.ProfilingMethodInterceptor.invoke(ProfilingMethodInterceptor.java:33)
	at com.udacity.webcrawler.profiler.$Proxy9.throwSomething(Unknown Source)
	at [[Reflective call: 2 frames collapsed (https://goo.gl/aH3UyP)]].(:0)
	at com.udacity.webcrawler.profiler.ProfilingMethodInterceptor.invoke(ProfilingMethodInterceptor.java:33)
	at com.udacity.webcrawler.profiler.$Proxy9.throwSomething(Unknown Source)
	at [[Reflective call: 2 frames collapsed (https://goo.gl/aH3UyP)]].(:0)
	at com.udacity.webcrawler.profiler.ProfilingMethodInterceptor.invoke(ProfilingMethodInterceptor.java:33)
	at com.udacity.webcrawler.profiler.$Proxy9.throwSomething(Unknown Source)
	at [[Reflective call: 2 frames collapsed (https://goo.gl/aH3UyP)]].(:0)
	at com.udacity.webcrawler.profiler.ProfilingMethodInterceptor.invoke(ProfilingMethodInterceptor.java:33)
	at com.udacity.webcrawler.profiler.$Proxy9.throwSomething(Unknown Source)
	at [[Reflective call: 2 frames collapsed (https://goo.gl/aH3UyP)]].(:0)
	at com.udacity.webcrawler.profiler.ProfilingMethodInterceptor.invoke(ProfilingMethodInterceptor.java:33)
	at com.udacity.webcrawler.profiler.$Proxy9.throwSomething(Unknown Source)
	at [[Reflective call: 2 frames collapsed (https://goo.gl/aH3UyP)]].(:0)
	at com.udacity.webcrawler.profiler.ProfilingMethodInterceptor.invoke(ProfilingMethodInterceptor.java:33)
	at com.udacity.webcrawler.profiler.$Proxy9.throwSomething(Unknown Source)
	at [[Reflective call: 2 frames collapsed (https://goo.gl/aH3UyP)]].(:0)
	at com.udacity.webcrawler.profiler.ProfilingMethodInterceptor.invoke(ProfilingMethodInterceptor.java:33)
	at com.udacity.webcrawler.profiler.$Proxy9.throwSomething(Unknown Source)
	at [[Reflective call: 2 frames collapsed (https://goo.gl/aH3UyP)]].(:0)
	at com.udacity.webcrawler.profiler.ProfilingMethodInterceptor.invoke(ProfilingMethodInterceptor.java:33)
	at com.udacity.webcrawler.profiler.$Proxy9.throwSomething(Unknown Source)
	at [[Reflective call: 2 frames collapsed (https://goo.gl/aH3UyP)]].(:0)
	at com.udacity.webcrawler.profiler.ProfilingMethodInterceptor.invoke(ProfilingMethodInterceptor.java:33)
	at com.udacity.webcrawler.profiler.$Proxy9.throwSomething(Unknown Source)
	at [[Reflective call: 2 frames collapsed (https://goo.gl/aH3UyP)]].(:0)
	at com.udacity.webcrawler.profiler.ProfilingMethodInterceptor.invoke(ProfilingMethodInterceptor.java:33)
	at com.udacity.webcrawler.profiler.$Proxy9.throwSomething(Unknown Source)
	at [[Reflective call: 2 frames collapsed (https://goo.gl/aH3UyP)]].(:0)
	at com.udacity.webcrawler.profiler.ProfilingMethodInterceptor.invoke(ProfilingMethodInterceptor.java:33)
	at com.udacity.webcrawler.profiler.$Proxy9.throwSomething(Unknown Source)
	at [[Reflective call: 2 frames collapsed (https://goo.gl/aH3UyP)]].(:0)
	at com.udacity.webcrawler.profiler.ProfilingMethodInterceptor.invoke(ProfilingMethodInterceptor.java:33)
	at com.udacity.webcrawler.profiler.$Proxy9.throwSomething(Unknown Source)
	at [[Reflective call: 2 frames collapsed (https://goo.gl/aH3UyP)]].(:0)
	at com.udacity.webcrawler.profiler.ProfilingMethodInterceptor.invoke(ProfilingMethodInterceptor.java:33)
	at com.udacity.webcrawler.profiler.$Proxy9.throwSomething(Unknown Source)
	at [[Reflective call: 2 frames collapsed (https://goo.gl/aH3UyP)]].(:0)
	at com.udacity.webcrawler.profiler.ProfilingMethodInterceptor.invoke(ProfilingMethodInterceptor.java:33)
	at com.udacity.webcrawler.profiler.$Proxy9.throwSomething(Unknown Source)
	at [[Reflective call: 2 frames collapsed (https://goo.gl/aH3UyP)]].(:0)
	at com.udacity.webcrawler.profiler.ProfilingMethodInterceptor.invoke(ProfilingMethodInterceptor.java:33)
	at com.udacity.webcrawler.profiler.$Proxy9.throwSomething(Unknown Source)
	at [[Reflective call: 2 frames collapsed (https://goo.gl/aH3UyP)]].(:0)
	at com.udacity.webcrawler.profiler.ProfilingMethodInterceptor.invoke(ProfilingMethodInterceptor.java:33)
	at com.udacity.webcrawler.profiler.$Proxy9.throwSomething(Unknown Source)
	at [[Reflective call: 2 frames collapsed (https://goo.gl/aH3UyP)]].(:0)
	at com.udacity.webcrawler.profiler.ProfilingMethodInterceptor.invoke(ProfilingMethodInterceptor.java:33)
	at com.udacity.webcrawler.profiler.$Proxy9.throwSomething(Unknown Source)
	at [[Reflective call: 2 frames collapsed (https://goo.gl/aH3UyP)]].(:0)
	at com.udacity.webcrawler.profiler.ProfilingMethodInterceptor.invoke(ProfilingMethodInterceptor.java:33)
	at com.udacity.webcrawler.profiler.$Proxy9.throwSomething(Unknown Source)
	at [[Reflective call: 2 frames collapsed (https://goo.gl/aH3UyP)]].(:0)
	at com.udacity.webcrawler.profiler.ProfilingMethodInterceptor.invoke(ProfilingMethodInterceptor.java:33)
	at com.udacity.webcrawler.profiler.$Proxy9.throwSomething(Unknown Source)
	at [[Reflective call: 2 frames collapsed (https://goo.gl/aH3UyP)]].(:0)
	at com.udacity.webcrawler.profiler.ProfilingMethodInterceptor.invoke(ProfilingMethodInterceptor.java:33)
	at com.udacity.webcrawler.profiler.$Proxy9.throwSomething(Unknown Source)
	at [[Reflective call: 2 frames collapsed (https://goo.gl/aH3UyP)]].(:0)
	at com.udacity.webcrawler.profiler.ProfilingMethodInterceptor.invoke(ProfilingMethodInterceptor.java:33)
	at com.udacity.webcrawler.profiler.$Proxy9.throwSomething(Unknown Source)
	at [[Reflective call: 2 frames collapsed (https://goo.gl/aH3UyP)]].(:0)
	at com.udacity.webcrawler.profiler.ProfilingMethodInterceptor.invoke(ProfilingMethodInterceptor.java:33)
	at com.udacity.webcrawler.profiler.$Proxy9.throwSomething(Unknown Source)
	at [[Reflective call: 2 frames collapsed (https://goo.gl/aH3UyP)]].(:0)
	at com.udacity.webcrawler.profiler.ProfilingMethodInterceptor.invoke(ProfilingMethodInterceptor.java:33)
	at com.udacity.webcrawler.profiler.$Proxy9.throwSomething(Unknown Source)
	at [[Reflective call: 2 frames collapsed (https://goo.gl/aH3UyP)]].(:0)
	at com.udacity.webcrawler.profiler.ProfilingMethodInterceptor.invoke(ProfilingMethodInterceptor.java:33)
	at com.udacity.webcrawler.profiler.$Proxy9.throwSomething(Unknown Source)
	at [[Reflective call: 2 frames collapsed (https://goo.gl/aH3UyP)]].(:0)
	at com.udacity.webcrawler.profiler.ProfilingMethodInterceptor.invoke(ProfilingMethodInterceptor.java:33)
	at com.udacity.webcrawler.profiler.$Proxy9.throwSomething(Unknown Source)
	at [[Reflective call: 2 frames collapsed (https://goo.gl/aH3UyP)]].(:0)
	at com.udacity.webcrawler.profiler.ProfilingMethodInterceptor.invoke(ProfilingMethodInterceptor.java:33)
	at com.udacity.webcrawler.profiler.$Proxy9.throwSomething(Unknown Source)
	at [[Reflective call: 2 frames collapsed (https://goo.gl/aH3UyP)]].(:0)
	at com.udacity.webcrawler.profiler.ProfilingMethodInterceptor.invoke(ProfilingMethodInterceptor.java:33)
	at com.udacity.webcrawler.profiler.$Proxy9.throwSomething(Unknown Source)
	at [[Reflective call: 2 frames collapsed (https://goo.gl/aH3UyP)]].(:0)
	at com.udacity.webcrawler.profiler.ProfilingMethodInterceptor.invoke(ProfilingMethodInterceptor.java:33)
	at com.udacity.webcrawler.profiler.$Proxy9.throwSomething(Unknown Source)
	at [[Reflective call: 2 frames collapsed (https://goo.gl/aH3UyP)]].(:0)
	at com.udacity.webcrawler.profiler.ProfilingMethodInterceptor.invoke(ProfilingMethodInterceptor.java:33)
	at com.udacity.webcrawler.profiler.$Proxy9.throwSomething(Unknown Source)
	at [[Reflective call: 2 frames collapsed (https://goo.gl/aH3UyP)]].(:0)
	at com.udacity.webcrawler.profiler.ProfilingMethodInterceptor.invoke(ProfilingMethodInterceptor.java:33)
	at com.udacity.webcrawler.profiler.$Proxy9.throwSomething(Unknown Source)
	at [[Reflective call: 2 frames collapsed (https://goo.gl/aH3UyP)]].(:0)
	at com.udacity.webcrawler.profiler.ProfilingMethodInterceptor.invoke(ProfilingMethodInterceptor.java:33)
	at com.udacity.webcrawler.profiler.$Proxy9.throwSomething(Unknown Source)
	at [[Reflective call: 2 frames collapsed (https://goo.gl/aH3UyP)]].(:0)
	at com.udacity.webcrawler.profiler.ProfilingMethodInterceptor.invoke(ProfilingMethodInterceptor.java:33)
	at com.udacity.webcrawler.profiler.$Proxy9.throwSomething(Unknown Source)
	at [[Reflective call: 2 frames collapsed (https://goo.gl/aH3UyP)]].(:0)
	at com.udacity.webcrawler.profiler.ProfilingMethodInterceptor.invoke(ProfilingMethodInterceptor.java:33)
	at com.udacity.webcrawler.profiler.$Proxy9.throwSomething(Unknown Source)
	at [[Reflective call: 2 frames collapsed (https://goo.gl/aH3UyP)]].(:0)
	at com.udacity.webcrawler.profiler.ProfilingMethodInterceptor.invoke(ProfilingMethodInterceptor.java:33)
	at com.udacity.webcrawler.profiler.$Proxy9.throwSomething(Unknown Source)
	at [[Reflective call: 2 frames collapsed (https://goo.gl/aH3UyP)]].(:0)
	at com.udacity.webcrawler.profiler.ProfilingMethodInterceptor.invoke(ProfilingMethodInterceptor.java:33)
	at com.udacity.webcrawler.profiler.$Proxy9.throwSomething(Unknown Source)
	at [[Reflective call: 2 frames collapsed (https://goo.gl/aH3UyP)]].(:0)
	at com.udacity.webcrawler.profiler.ProfilingMethodInterceptor.invoke(ProfilingMethodInterceptor.java:33)
	at com.udacity.webcrawler.profiler.$Proxy9.throwSomething(Unknown Source)
	at [[Reflective call: 2 frames collapsed (https://goo.gl/aH3UyP)]].(:0)
	at com.udacity.webcrawler.profiler.ProfilingMethodInterceptor.invoke(ProfilingMethodInterceptor.java:33)
	at com.udacity.webcrawler.profiler.$Proxy9.throwSomething(Unknown Source)
	at [[Reflective call: 2 frames collapsed (https://goo.gl/aH3UyP)]].(:0)
	at com.udacity.webcrawler.profiler.ProfilingMethodInterceptor.invoke(ProfilingMethodInterceptor.java:33)
	at com.udacity.webcrawler.profiler.$Proxy9.throwSomething(Unknown Source)
	at [[Reflective call: 2 frames collapsed (https://goo.gl/aH3UyP)]].(:0)
	at com.udacity.webcrawler.profiler.ProfilingMethodInterceptor.invoke(ProfilingMethodInterceptor.java:33)
	at com.udacity.webcrawler.profiler.$Proxy9.throwSomething(Unknown Source)
	at [[Reflective call: 2 frames collapsed (https://goo.gl/aH3UyP)]].(:0)
	at com.udacity.webcrawler.profiler.ProfilingMethodInterceptor.invoke(ProfilingMethodInterceptor.java:33)
	at com.udacity.webcrawler.profiler.$Proxy9.throwSomething(Unknown Source)
	at [[Reflective call: 2 frames collapsed (https://goo.gl/aH3UyP)]].(:0)
	at com.udacity.webcrawler.profiler.ProfilingMethodInterceptor.invoke(ProfilingMethodInterceptor.java:33)
	at com.udacity.webcrawler.profiler.$Proxy9.throwSomething(Unknown Source)
	at [[Reflective call: 2 frames collapsed (https://goo.gl/aH3UyP)]].(:0)
	at com.udacity.webcrawler.profiler.ProfilingMethodInterceptor.invoke(ProfilingMethodInterceptor.java:33)
	at com.udacity.webcrawler.profiler.$Proxy9.throwSomething(Unknown Source)
	at [[Reflective call: 2 frames collapsed (https://goo.gl/aH3UyP)]].(:0)
	at com.udacity.webcrawler.profiler.ProfilingMethodInterceptor.invoke(ProfilingMethodInterceptor.java:33)
	at com.udacity.webcrawler.profiler.$Proxy9.throwSomething(Unknown Source)
	at [[Reflective call: 2 frames collapsed (https://goo.gl/aH3UyP)]].(:0)
	at com.udacity.webcrawler.profiler.ProfilingMethodInterceptor.invoke(ProfilingMethodInterceptor.java:33)
	at com.udacity.webcrawler.profiler.$Proxy9.throwSomething(Unknown Source)
	at [[Reflective call: 2 frames collapsed (https://goo.gl/aH3UyP)]].(:0)
	at com.udacity.webcrawler.profiler.ProfilingMethodInterceptor.invoke(ProfilingMethodInterceptor.java:33)
	at com.udacity.webcrawler.profiler.$Proxy9.throwSomething(Unknown Source)
	at [[Reflective call: 2 frames collapsed (https://goo.gl/aH3UyP)]].(:0)
	at com.udacity.webcrawler.profiler.ProfilingMethodInterceptor.invoke(ProfilingMethodInterceptor.java:33)
	at com.udacity.webcrawler.profiler.$Proxy9.throwSomething(Unknown Source)
	at [[Reflective call: 2 frames collapsed (https://goo.gl/aH3UyP)]].(:0)
	at com.udacity.webcrawler.profiler.ProfilingMethodInterceptor.invoke(ProfilingMethodInterceptor.java:33)
	at com.udacity.webcrawler.profiler.$Proxy9.throwSomething(Unknown Source)
	at [[Reflective call: 2 frames collapsed (https://goo.gl/aH3UyP)]].(:0)
	at com.udacity.webcrawler.profiler.ProfilingMethodInterceptor.invoke(ProfilingMethodInterceptor.java:33)
	at com.udacity.webcrawler.profiler.$Proxy9.throwSomething(Unknown Source)
	at [[Reflective call: 2 frames collapsed (https://goo.gl/aH3UyP)]].(:0)
	at com.udacity.webcrawler.profiler.ProfilingMethodInterceptor.invoke(ProfilingMethodInterceptor.java:33)
	at com.udacity.webcrawler.profiler.$Proxy9.throwSomething(Unknown Source)
	at [[Reflective call: 2 frames collapsed (https://goo.gl/aH3UyP)]].(:0)
	at com.udacity.webcrawler.profiler.ProfilingMethodInterceptor.invoke(ProfilingMethodInterceptor.java:33)
	at com.udacity.webcrawler.profiler.$Proxy9.throwSomething(Unknown Source)
	at [[Reflective call: 2 frames collapsed (https://goo.gl/aH3UyP)]].(:0)
	at com.udacity.webcrawler.profiler.ProfilingMethodInterceptor.invoke(ProfilingMethodInterceptor.java:33)
	at com.udacity.webcrawler.profiler.$Proxy9.throwSomething(Unknown Source)
	at [[Reflective call: 2 frames collapsed (https://goo.gl/aH3UyP)]].(:0)
	at com.udacity.webcrawler.profiler.ProfilingMethodInterceptor.invoke(ProfilingMethodInterceptor.java:33)
	at com.udacity.webcrawler.profiler.$Proxy9.throwSomething(Unknown Source)
	at [[Reflective call: 2 frames collapsed (https://goo.gl/aH3UyP)]].(:0)
	at com.udacity.webcrawler.profiler.ProfilingMethodInterceptor.invoke(ProfilingMethodInterceptor.java:33)
	at com.udacity.webcrawler.profiler.$Proxy9.throwSomething(Unknown Source)
	at [[Reflective call: 2 frames collapsed (https://goo.gl/aH3UyP)]].(:0)
	at com.udacity.webcrawler.profiler.ProfilingMethodInterceptor.invoke(ProfilingMethodInterceptor.java:33)
	at com.udacity.webcrawler.profiler.$Proxy9.throwSomething(Unknown Source)
	at [[Reflective call: 2 frames collapsed (https://goo.gl/aH3UyP)]].(:0)
	at com.udacity.webcrawler.profiler.ProfilingMethodInterceptor.invoke(ProfilingMethodInterceptor.java:33)
	at com.udacity.webcrawler.profiler.$Proxy9.throwSomething(Unknown Source)
	at [[Reflective call: 2 frames collapsed (https://goo.gl/aH3UyP)]].(:0)
	at com.udacity.webcrawler.profiler.ProfilingMethodInterceptor.invoke(ProfilingMethodInterceptor.java:33)
	at com.udacity.webcrawler.profiler.$Proxy9.throwSomething(Unknown Source)
	at [[Reflective call: 2 frames collapsed (https://goo.gl/aH3UyP)]].(:0)
	at com.udacity.webcrawler.profiler.ProfilingMethodInterceptor.invoke(ProfilingMethodInterceptor.java:33)
	at com.udacity.webcrawler.profiler.$Proxy9.throwSomething(Unknown Source)
	at [[Reflective call: 2 frames collapsed (https://goo.gl/aH3UyP)]].(:0)
	at com.udacity.webcrawler.profiler.ProfilingMethodInterceptor.invoke(ProfilingMethodInterceptor.java:33)
	at com.udacity.webcrawler.profiler.$Proxy9.throwSomething(Unknown Source)
	at [[Reflective call: 2 frames collapsed (https://goo.gl/aH3UyP)]].(:0)
	at com.udacity.webcrawler.profiler.ProfilingMethodInterceptor.invoke(ProfilingMethodInterceptor.java:33)
	at com.udacity.webcrawler.profiler.$Proxy9.throwSomething(Unknown Source)
	at [[Reflective call: 2 frames collapsed (https://goo.gl/aH3UyP)]].(:0)
	at com.udacity.webcrawler.profiler.ProfilingMethodInterceptor.invoke(ProfilingMethodInterceptor.java:33)
	at com.udacity.webcrawler.profiler.$Proxy9.throwSomething(Unknown Source)
	at [[Reflective call: 2 frames collapsed (https://goo.gl/aH3UyP)]].(:0)
	at com.udacity.webcrawler.profiler.ProfilingMethodInterceptor.invoke(ProfilingMethodInterceptor.java:33)
	at com.udacity.webcrawler.profiler.$Proxy9.throwSomething(Unknown Source)
	at [[Reflective call: 2 frames collapsed (https://goo.gl/aH3UyP)]].(:0)
	at com.udacity.webcrawler.profiler.ProfilingMethodInterceptor.invoke(ProfilingMethodInterceptor.java:33)
	at com.udacity.webcrawler.profiler.$Proxy9.throwSomething(Unknown Source)
	at [[Reflective call: 2 frames collapsed (https://goo.gl/aH3UyP)]].(:0)
	at com.udacity.webcrawler.profiler.ProfilingMethodInterceptor.invoke(ProfilingMethodInterceptor.java:33)
	at com.udacity.webcrawler.profiler.$Proxy9.throwSomething(Unknown Source)
	at [[Reflective call: 2 frames collapsed (https://goo.gl/aH3UyP)]].(:0)
	at com.udacity.webcrawler.profiler.ProfilingMethodInterceptor.invoke(ProfilingMethodInterceptor.java:33)
	at com.udacity.webcrawler.profiler.$Proxy9.throwSomething(Unknown Source)
	at [[Reflective call: 2 frames collapsed (https://goo.gl/aH3UyP)]].(:0)
	at com.udacity.webcrawler.profiler.ProfilingMethodInterceptor.invoke(ProfilingMethodInterceptor.java:33)
	at com.udacity.webcrawler.profiler.$Proxy9.throwSomething(Unknown Source)
	at [[Reflective call: 2 frames collapsed (https://goo.gl/aH3UyP)]].(:0)
	at com.udacity.webcrawler.profiler.ProfilingMethodInterceptor.invoke(ProfilingMethodInterceptor.java:33)
	at com.udacity.webcrawler.profiler.$Proxy9.throwSomething(Unknown Source)
	at [[Reflective call: 2 frames collapsed (https://goo.gl/aH3UyP)]].(:0)
	at com.udacity.webcrawler.profiler.ProfilingMethodInterceptor.invoke(ProfilingMethodInterceptor.java:33)
	at com.udacity.webcrawler.profiler.$Proxy9.throwSomething(Unknown Source)
	at [[Reflective call: 2 frames collapsed (https://goo.gl/aH3UyP)]].(:0)
	at com.udacity.webcrawler.profiler.ProfilingMethodInterceptor.invoke(ProfilingMethodInterceptor.java:33)
	at com.udacity.webcrawler.profiler.$Proxy9.throwSomething(Unknown Source)
	at [[Reflective call: 2 frames collapsed (https://goo.gl/aH3UyP)]].(:0)
	at com.udacity.webcrawler.profiler.ProfilingMethodInterceptor.invoke(ProfilingMethodInterceptor.java:33)
	at com.udacity.webcrawler.profiler.$Proxy9.throwSomething(Unknown Source)
	at [[Reflective call: 2 frames collapsed (https://goo.gl/aH3UyP)]].(:0)
	at com.udacity.webcrawler.profiler.ProfilingMethodInterceptor.invoke(ProfilingMethodInterceptor.java:33)
	at com.udacity.webcrawler.profiler.$Proxy9.throwSomething(Unknown Source)
	at [[Reflective call: 2 frames collapsed (https://goo.gl/aH3UyP)]].(:0)
	at com.udacity.webcrawler.profiler.ProfilingMethodInterceptor.invoke(ProfilingMethodInterceptor.java:33)
	at com.udacity.webcrawler.profiler.$Proxy9.throwSomething(Unknown Source)
	at [[Reflective call: 2 frames collapsed (https://goo.gl/aH3UyP)]].(:0)
	at com.udacity.webcrawler.profiler.ProfilingMethodInterceptor.invoke(ProfilingMethodInterceptor.java:33)
	at com.udacity.webcrawler.profiler.$Proxy9.throwSomething(Unknown Source)
	at [[Reflective call: 2 frames collapsed (https://goo.gl/aH3UyP)]].(:0)
	at com.udacity.webcrawler.profiler.ProfilingMethodInterceptor.invoke(ProfilingMethodInterceptor.java:33)
	at com.udacity.webcrawler.profiler.$Proxy9.throwSomething(Unknown Source)
	at [[Reflective call: 2 frames collapsed (https://goo.gl/aH3UyP)]].(:0)
	at com.udacity.webcrawler.profiler.ProfilingMethodInterceptor.invoke(ProfilingMethodInterceptor.java:33)
	at com.udacity.webcrawler.profiler.$Proxy9.throwSomething(Unknown Source)
	at [[Reflective call: 2 frames collapsed (https://goo.gl/aH3UyP)]].(:0)
	at com.udacity.webcrawler.profiler.ProfilingMethodInterceptor.invoke(ProfilingMethodInterceptor.java:33)
	at com.udacity.webcrawler.profiler.$Proxy9.throwSomething(Unknown Source)
	at [[Reflective call: 2 frames collapsed (https://goo.gl/aH3UyP)]].(:0)
	at com.udacity.webcrawler.profiler.ProfilingMethodInterceptor.invoke(ProfilingMethodInterceptor.java:33)
	at com.udacity.webcrawler.profiler.$Proxy9.throwSomething(Unknown Source)
	at [[Reflective call: 2 frames collapsed (https://goo.gl/aH3UyP)]].(:0)
	at com.udacity.webcrawler.profiler.ProfilingMethodInterceptor.invoke(ProfilingMethodInterceptor.java:33)
	at com.udacity.webcrawler.profiler.$Proxy9.throwSomething(Unknown Source)
	at [[Reflective call: 2 frames collapsed (https://goo.gl/aH3UyP)]].(:0)
	at com.udacity.webcrawler.profiler.ProfilingMethodInterceptor.invoke(ProfilingMethodInterceptor.java:33)
	at com.udacity.webcrawler.profiler.$Proxy9.throwSomething(Unknown Source)
	at [[Reflective call: 2 frames collapsed (https://goo.gl/aH3UyP)]].(:0)
	at com.udacity.webcrawler.profiler.ProfilingMethodInterceptor.invoke(ProfilingMethodInterceptor.java:33)
	at com.udacity.webcrawler.profiler.$Proxy9.throwSomething(Unknown Source)
	at [[Reflective call: 2 frames collapsed (https://goo.gl/aH3UyP)]].(:0)
	at com.udacity.webcrawler.profiler.ProfilingMethodInterceptor.invoke(ProfilingMethodInterceptor.java:33)
	at com.udacity.webcrawler.profiler.$Proxy9.throwSomething(Unknown Source)
	at [[Reflective call: 2 frames collapsed (https://goo.gl/aH3UyP)]].(:0)
	at com.udacity.webcrawler.profiler.ProfilingMethodInterceptor.invoke(ProfilingMethodInterceptor.java:33)
	at com.udacity.webcrawler.profiler.$Proxy9.throwSomething(Unknown Source)
	at [[Reflective call: 2 frames collapsed (https://goo.gl/aH3UyP)]].(:0)
	at com.udacity.webcrawler.profiler.ProfilingMethodInterceptor.invoke(ProfilingMethodInterceptor.java:33)
	at com.udacity.webcrawler.profiler.$Proxy9.throwSomething(Unknown Source)
	at [[Reflective call: 2 frames collapsed (https://goo.gl/aH3UyP)]].(:0)
	at com.udacity.webcrawler.profiler.ProfilingMethodInterceptor.invoke(ProfilingMethodInterceptor.java:33)
	at com.udacity.webcrawler.profiler.$Proxy9.throwSomething(Unknown Source)
	at [[Reflective call: 2 frames collapsed (https://goo.gl/aH3UyP)]].(:0)
	at com.udacity.webcrawler.profiler.ProfilingMethodInterceptor.invoke(ProfilingMethodInterceptor.java:33)
	at com.udacity.webcrawler.profiler.$Proxy9.throwSomething(Unknown Source)
	at [[Reflective call: 2 frames collapsed (https://goo.gl/aH3UyP)]].(:0)
	at com.udacity.webcrawler.profiler.ProfilingMethodInterceptor.invoke(ProfilingMethodInterceptor.java:33)
	at com.udacity.webcrawler.profiler.$Proxy9.throwSomething(Unknown Source)
	at [[Reflective call: 2 frames collapsed (https://goo.gl/aH3UyP)]].(:0)
	at com.udacity.webcrawler.profiler.ProfilingMethodInterceptor.invoke(ProfilingMethodInterceptor.java:33)
	at com.udacity.webcrawler.profiler.$Proxy9.throwSomething(Unknown Source)
	at [[Reflective call: 2 frames collapsed (https://goo.gl/aH3UyP)]].(:0)
	at com.udacity.webcrawler.profiler.ProfilingMethodInterceptor.invoke(ProfilingMethodInterceptor.java:33)
	at com.udacity.webcrawler.profiler.$Proxy9.throwSomething(Unknown Source)
	at [[Reflective call: 2 frames collapsed (https://goo.gl/aH3UyP)]].(:0)
	at com.udacity.webcrawler.profiler.ProfilingMethodInterceptor.invoke(ProfilingMethodInterceptor.java:33)
	at com.udacity.webcrawler.profiler.$Proxy9.throwSomething(Unknown Source)
	at [[Reflective call: 2 frames collapsed (https://goo.gl/aH3UyP)]].(:0)
	at com.udacity.webcrawler.profiler.ProfilingMethodInterceptor.invoke(ProfilingMethodInterceptor.java:33)
	at com.udacity.webcrawler.profiler.$Proxy9.throwSomething(Unknown Source)
	at [[Reflective call: 2 frames collapsed (https://goo.gl/aH3UyP)]].(:0)
	at com.udacity.webcrawler.profiler.ProfilingMethodInterceptor.invoke(ProfilingMethodInterceptor.java:33)
	at com.udacity.webcrawler.profiler.$Proxy9.throwSomething(Unknown Source)
	at [[Reflective call: 2 frames collapsed (https://goo.gl/aH3UyP)]].(:0)
	at com.udacity.webcrawler.profiler.ProfilingMethodInterceptor.invoke(ProfilingMethodInterceptor.java:33)
	at com.udacity.webcrawler.profiler.$Proxy9.throwSomething(Unknown Source)
	at [[Reflective call: 2 frames collapsed (https://goo.gl/aH3UyP)]].(:0)
	at com.udacity.webcrawler.profiler.ProfilingMethodInterceptor.invoke(ProfilingMethodInterceptor.java:33)
	at com.udacity.webcrawler.profiler.$Proxy9.throwSomething(Unknown Source)
	at [[Reflective call: 2 frames collapsed (https://goo.gl/aH3UyP)]].(:0)
	at com.udacity.webcrawler.profiler.ProfilingMethodInterceptor.invoke(ProfilingMethodInterceptor.java:33)
	at com.udacity.webcrawler.profiler.$Proxy9.throwSomething(Unknown Source)
	at [[Reflective call: 2 frames collapsed (https://goo.gl/aH3UyP)]].(:0)
	at com.udacity.webcrawler.profiler.ProfilingMethodInterceptor.invoke(ProfilingMethodInterceptor.java:33)
	at com.udacity.webcrawler.profiler.$Proxy9.throwSomething(Unknown Source)
	at [[Reflective call: 2 frames collapsed (https://goo.gl/aH3UyP)]].(:0)
	at com.udacity.webcrawler.profiler.ProfilingMethodInterceptor.invoke(ProfilingMethodInterceptor.java:33)
	at com.udacity.webcrawler.profiler.$Proxy9.throwSomething(Unknown Source)
	at [[Reflective call: 2 frames collapsed (https://goo.gl/aH3UyP)]].(:0)
	at com.udacity.webcrawler.profiler.ProfilingMethodInterceptor.invoke(ProfilingMethodInterceptor.java:33)
	at com.udacity.webcrawler.profiler.$Proxy9.throwSomething(Unknown Source)
	at [[Reflective call: 2 frames collapsed (https://goo.gl/aH3UyP)]].(:0)
	at com.udacity.webcrawler.profiler.ProfilingMethodInterceptor.invoke(ProfilingMethodInterceptor.java:33)
	at com.udacity.webcrawler.profiler.$Proxy9.throwSomething(Unknown Source)
	at [[Reflective call: 2 frames collapsed (https://goo.gl/aH3UyP)]].(:0)
	at com.udacity.webcrawler.profiler.ProfilingMethodInterceptor.invoke(ProfilingMethodInterceptor.java:33)
	at com.udacity.webcrawler.profiler.$Proxy9.throwSomething(Unknown Source)
	at [[Reflective call: 2 frames collapsed (https://goo.gl/aH3UyP)]].(:0)
	at com.udacity.webcrawler.profiler.ProfilingMethodInterceptor.invoke(ProfilingMethodInterceptor.java:33)
	at com.udacity.webcrawler.profiler.$Proxy9.throwSomething(Unknown Source)
	at [[Reflective call: 2 frames collapsed (https://goo.gl/aH3UyP)]].(:0)
	at com.udacity.webcrawler.profiler.ProfilingMethodInterceptor.invoke(ProfilingMethodInterceptor.java:33)
	at com.udacity.webcrawler.profiler.$Proxy9.throwSomething(Unknown Source)
	at [[Reflective call: 2 frames collapsed (https://goo.gl/aH3UyP)]].(:0)
	at com.udacity.webcrawler.profiler.ProfilingMethodInterceptor.invoke(ProfilingMethodInterceptor.java:33)
	at com.udacity.webcrawler.profiler.$Proxy9.throwSomething(Unknown Source)
	at [[Reflective call: 2 frames collapsed (https://goo.gl/aH3UyP)]].(:0)
	at com.udacity.webcrawler.profiler.ProfilingMethodInterceptor.invoke(ProfilingMethodInterceptor.java:33)
	at com.udacity.webcrawler.profiler.$Proxy9.throwSomething(Unknown Source)
	at [[Reflective call: 2 frames collapsed (https://goo.gl/aH3UyP)]].(:0)
	at com.udacity.webcrawler.profiler.ProfilingMethodInterceptor.invoke(ProfilingMethodInterceptor.java:33)
	at com.udacity.webcrawler.profiler.$Proxy9.throwSomething(Unknown Source)
	at [[Reflective call: 2 frames collapsed (https://goo.gl/aH3UyP)]].(:0)
	at com.udacity.webcrawler.profiler.ProfilingMethodInterceptor.invoke(ProfilingMethodInterceptor.java:33)
	at com.udacity.webcrawler.profiler.$Proxy9.throwSomething(Unknown Source)
	at [[Reflective call: 2 frames collapsed (https://goo.gl/aH3UyP)]].(:0)
	at com.udacity.webcrawler.profiler.ProfilingMethodInterceptor.invoke(ProfilingMethodInterceptor.java:33)
	at com.udacity.webcrawler.profiler.$Proxy9.throwSomething(Unknown Source)
	at [[Reflective call: 2 frames collapsed (https://goo.gl/aH3UyP)]].(:0)
	at com.udacity.webcrawler.profiler.ProfilingMethodInterceptor.invoke(ProfilingMethodInterceptor.java:33)
	at com.udacity.webcrawler.profiler.$Proxy9.throwSomething(Unknown Source)
	at [[Reflective call: 2 frames collapsed (https://goo.gl/aH3UyP)]].(:0)
	at com.udacity.webcrawler.profiler.ProfilingMethodInterceptor.invoke(ProfilingMethodInterceptor.java:33)
	at com.udacity.webcrawler.profiler.$Proxy9.throwSomething(Unknown Source)
	at [[Reflective call: 2 frames collapsed (https://goo.gl/aH3UyP)]].(:0)
	at com.udacity.webcrawler.profiler.ProfilingMethodInterceptor.invoke(ProfilingMethodInterceptor.java:33)
	at com.udacity.webcrawler.profiler.$Proxy9.throwSomething(Unknown Source)
	at [[Reflective call: 2 frames collapsed (https://goo.gl/aH3UyP)]].(:0)
	at com.udacity.webcrawler.profiler.ProfilingMethodInterceptor.invoke(ProfilingMethodInterceptor.java:33)
	at com.udacity.webcrawler.profiler.$Proxy9.throwSomething(Unknown Source)
	at [[Reflective call: 2 frames collapsed (https://goo.gl/aH3UyP)]].(:0)
	at com.udacity.webcrawler.profiler.ProfilingMethodInterceptor.invoke(ProfilingMethodInterceptor.java:33)
	at com.udacity.webcrawler.profiler.$Proxy9.throwSomething(Unknown Source)
	at [[Reflective call: 2 frames collapsed (https://goo.gl/aH3UyP)]].(:0)
	at com.udacity.webcrawler.profiler.ProfilingMethodInterceptor.invoke(ProfilingMethodInterceptor.java:33)
	at com.udacity.webcrawler.profiler.$Proxy9.throwSomething(Unknown Source)
	at [[Reflective call: 2 frames collapsed (https://goo.gl/aH3UyP)]].(:0)
	at com.udacity.webcrawler.profiler.ProfilingMethodInterceptor.invoke(ProfilingMethodInterceptor.java:33)
	at com.udacity.webcrawler.profiler.$Proxy9.throwSomething(Unknown Source)
	at [[Reflective call: 2 frames collapsed (https://goo.gl/aH3UyP)]].(:0)
	at com.udacity.webcrawler.profiler.ProfilingMethodInterceptor.invoke(ProfilingMethodInterceptor.java:33)
	at com.udacity.webcrawler.profiler.$Proxy9.throwSomething(Unknown Source)
	at [[Reflective call: 2 frames collapsed (https://goo.gl/aH3UyP)]].(:0)
	at com.udacity.webcrawler.profiler.ProfilingMethodInterceptor.invoke(ProfilingMethodInterceptor.java:33)
	at com.udacity.webcrawler.profiler.$Proxy9.throwSomething(Unknown Source)
	at [[Reflective call: 2 frames collapsed (https://goo.gl/aH3UyP)]].(:0)
	at com.udacity.webcrawler.profiler.ProfilingMethodInterceptor.invoke(ProfilingMethodInterceptor.java:33)
	at com.udacity.webcrawler.profiler.$Proxy9.throwSomething(Unknown Source)
	at [[Reflective call: 2 frames collapsed (https://goo.gl/aH3UyP)]].(:0)
	at com.udacity.webcrawler.profiler.ProfilingMethodInterceptor.invoke(ProfilingMethodInterceptor.java:33)
	at com.udacity.webcrawler.profiler.$Proxy9.throwSomething(Unknown Source)
	at [[Reflective call: 2 frames collapsed (https://goo.gl/aH3UyP)]].(:0)
	at com.udacity.webcrawler.profiler.ProfilingMethodInterceptor.invoke(ProfilingMethodInterceptor.java:33)
	at com.udacity.webcrawler.profiler.$Proxy9.throwSomething(Unknown Source)
	at [[Reflective call: 2 frames collapsed (https://goo.gl/aH3UyP)]].(:0)
	at com.udacity.webcrawler.profiler.ProfilingMethodInterceptor.invoke(ProfilingMethodInterceptor.java:33)
	at com.udacity.webcrawler.profiler.$Proxy9.throwSomething(Unknown Source)
	at [[Reflective call: 2 frames collapsed (https://goo.gl/aH3UyP)]].(:0)
	at com.udacity.webcrawler.profiler.ProfilingMethodInterceptor.invoke(ProfilingMethodInterceptor.java:33)
	at com.udacity.webcrawler.profiler.$Proxy9.throwSomething(Unknown Source)
	at [[Reflective call: 2 frames collapsed (https://goo.gl/aH3UyP)]].(:0)
	at com.udacity.webcrawler.profiler.ProfilingMethodInterceptor.invoke(ProfilingMethodInterceptor.java:33)
	at com.udacity.webcrawler.profiler.$Proxy9.throwSomething(Unknown Source)
	at [[Reflective call: 2 frames collapsed (https://goo.gl/aH3UyP)]].(:0)
	at com.udacity.webcrawler.profiler.ProfilingMethodInterceptor.invoke(ProfilingMethodInterceptor.java:33)
	at com.udacity.webcrawler.profiler.$Proxy9.throwSomething(Unknown Source)
	at [[Reflective call: 2 frames collapsed (https://goo.gl/aH3UyP)]].(:0)
	at com.udacity.webcrawler.profiler.ProfilingMethodInterceptor.invoke(ProfilingMethodInterceptor.java:33)
	at com.udacity.webcrawler.profiler.$Proxy9.throwSomething(Unknown Source)
	at [[Reflective call: 2 frames collapsed (https://goo.gl/aH3UyP)]].(:0)
	at com.udacity.webcrawler.profiler.ProfilingMethodInterceptor.invoke(ProfilingMethodInterceptor.java:33)
	at com.udacity.webcrawler.profiler.$Proxy9.throwSomething(Unknown Source)
	at [[Reflective call: 2 frames collapsed (https://goo.gl/aH3UyP)]].(:0)
	at com.udacity.webcrawler.profiler.ProfilingMethodInterceptor.invoke(ProfilingMethodInterceptor.java:33)
	at com.udacity.webcrawler.profiler.$Proxy9.throwSomething(Unknown Source)
	at [[Reflective call: 2 frames collapsed (https://goo.gl/aH3UyP)]].(:0)
	at com.udacity.webcrawler.profiler.ProfilingMethodInterceptor.invoke(ProfilingMethodInterceptor.java:33)
	at com.udacity.webcrawler.profiler.$Proxy9.throwSomething(Unknown Source)
	at [[Reflective call: 2 frames collapsed (https://goo.gl/aH3UyP)]].(:0)
	at com.udacity.webcrawler.profiler.ProfilingMethodInterceptor.invoke(ProfilingMethodInterceptor.java:33)
	at com.udacity.webcrawler.profiler.$Proxy9.throwSomething(Unknown Source)
	at [[Reflective call: 2 frames collapsed (https://goo.gl/aH3UyP)]].(:0)
	at com.udacity.webcrawler.profiler.ProfilingMethodInterceptor.invoke(ProfilingMethodInterceptor.java:33)
	at com.udacity.webcrawler.profiler.$Proxy9.throwSomething(Unknown Source)
	at [[Reflective call: 2 frames collapsed (https://goo.gl/aH3UyP)]].(:0)
	at com.udacity.webcrawler.profiler.ProfilingMethodInterceptor.invoke(ProfilingMethodInterceptor.java:33)
	at com.udacity.webcrawler.profiler.$Proxy9.throwSomething(Unknown Source)
	at [[Reflective call: 2 frames collapsed (https://goo.gl/aH3UyP)]].(:0)
	at com.udacity.webcrawler.profiler.ProfilingMethodInterceptor.invoke(ProfilingMethodInterceptor.java:33)
	at com.udacity.webcrawler.profiler.$Proxy9.throwSomething(Unknown Source)
	at [[Reflective call: 2 frames collapsed (https://goo.gl/aH3UyP)]].(:0)
	at com.udacity.webcrawler.profiler.ProfilingMethodInterceptor.invoke(ProfilingMethodInterceptor.java:33)
	at com.udacity.webcrawler.profiler.$Proxy9.throwSomething(Unknown Source)
	at [[Reflective call: 2 frames collapsed (https://goo.gl/aH3UyP)]].(:0)
	at com.udacity.webcrawler.profiler.ProfilingMethodInterceptor.invoke(ProfilingMethodInterceptor.java:33)
	at com.udacity.webcrawler.profiler.$Proxy9.throwSomething(Unknown Source)
	at [[Reflective call: 2 frames collapsed (https://goo.gl/aH3UyP)]].(:0)
	at com.udacity.webcrawler.profiler.ProfilingMethodInterceptor.invoke(ProfilingMethodInterceptor.java:33)
	at com.udacity.webcrawler.profiler.$Proxy9.throwSomething(Unknown Source)
	at [[Reflective call: 2 frames collapsed (https://goo.gl/aH3UyP)]].(:0)
	at com.udacity.webcrawler.profiler.ProfilingMethodInterceptor.invoke(ProfilingMethodInterceptor.java:33)
	at com.udacity.webcrawler.profiler.$Proxy9.throwSomething(Unknown Source)
	at [[Reflective call: 2 frames collapsed (https://goo.gl/aH3UyP)]].(:0)
	at com.udacity.webcrawler.profiler.ProfilingMethodInterceptor.invoke(ProfilingMethodInterceptor.java:33)
	at com.udacity.webcrawler.profiler.$Proxy9.throwSomething(Unknown Source)
	at [[Reflective call: 2 frames collapsed (https://goo.gl/aH3UyP)]].(:0)
	at com.udacity.webcrawler.profiler.ProfilingMethodInterceptor.invoke(ProfilingMethodInterceptor.java:33)
	at com.udacity.webcrawler.profiler.$Proxy9.throwSomething(Unknown Source)
	at [[Reflective call: 2 frames collapsed (https://goo.gl/aH3UyP)]].(:0)
	at com.udacity.webcrawler.profiler.ProfilingMethodInterceptor.invoke(ProfilingMethodInterceptor.java:33)
	at com.udacity.webcrawler.profiler.$Proxy9.throwSomething(Unknown Source)
	at [[Reflective call: 2 frames collapsed (https://goo.gl/aH3UyP)]].(:0)
	at com.udacity.webcrawler.profiler.ProfilingMethodInterceptor.invoke(ProfilingMethodInterceptor.java:33)
	at com.udacity.webcrawler.profiler.$Proxy9.throwSomething(Unknown Source)
	at [[Reflective call: 2 frames collapsed (https://goo.gl/aH3UyP)]].(:0)
	at com.udacity.webcrawler.profiler.ProfilingMethodInterceptor.invoke(ProfilingMethodInterceptor.java:33)
	at com.udacity.webcrawler.profiler.$Proxy9.throwSomething(Unknown Source)
	at [[Reflective call: 2 frames collapsed (https://goo.gl/aH3UyP)]].(:0)
	at com.udacity.webcrawler.profiler.ProfilingMethodInterceptor.invoke(ProfilingMethodInterceptor.java:33)
	at com.udacity.webcrawler.profiler.$Proxy9.throwSomething(Unknown Source)
	at [[Reflective call: 2 frames collapsed (https://goo.gl/aH3UyP)]].(:0)
	at com.udacity.webcrawler.profiler.ProfilingMethodInterceptor.invoke(ProfilingMethodInterceptor.java:33)
	at com.udacity.webcrawler.profiler.$Proxy9.throwSomething(Unknown Source)
	at [[Reflective call: 2 frames collapsed (https://goo.gl/aH3UyP)]].(:0)
	at com.udacity.webcrawler.profiler.ProfilingMethodInterceptor.invoke(ProfilingMethodInterceptor.java:33)
	at com.udacity.webcrawler.profiler.$Proxy9.throwSomething(Unknown Source)
	at [[Reflective call: 2 frames collapsed (https://goo.gl/aH3UyP)]].(:0)
	at com.udacity.webcrawler.profiler.ProfilingMethodInterceptor.invoke(ProfilingMethodInterceptor.java:33)
	at com.udacity.webcrawler.profiler.$Proxy9.throwSomething(Unknown Source)
	at [[Reflective call: 2 frames collapsed (https://goo.gl/aH3UyP)]].(:0)
	at com.udacity.webcrawler.profiler.ProfilingMethodInterceptor.invoke(ProfilingMethodInterceptor.java:33)
	at com.udacity.webcrawler.profiler.$Proxy9.throwSomething(Unknown Source)
	at [[Reflective call: 2 frames collapsed (https://goo.gl/aH3UyP)]].(:0)
	at com.udacity.webcrawler.profiler.ProfilingMethodInterceptor.invoke(ProfilingMethodInterceptor.java:33)
	at com.udacity.webcrawler.profiler.$Proxy9.throwSomething(Unknown Source)
	at [[Reflective call: 2 frames collapsed (https://goo.gl/aH3UyP)]].(:0)
	at com.udacity.webcrawler.profiler.ProfilingMethodInterceptor.invoke(ProfilingMethodInterceptor.java:33)
	at com.udacity.webcrawler.profiler.$Proxy9.throwSomething(Unknown Source)
	at [[Reflective call: 2 frames collapsed (https://goo.gl/aH3UyP)]].(:0)
	at com.udacity.webcrawler.profiler.ProfilingMethodInterceptor.invoke(ProfilingMethodInterceptor.java:33)
	at com.udacity.webcrawler.profiler.$Proxy9.throwSomething(Unknown Source)
	at [[Reflective call: 2 frames collapsed (https://goo.gl/aH3UyP)]].(:0)
	at com.udacity.webcrawler.profiler.ProfilingMethodInterceptor.invoke(ProfilingMethodInterceptor.java:33)
	at com.udacity.webcrawler.profiler.$Proxy9.throwSomething(Unknown Source)
	at [[Reflective call: 2 frames collapsed (https://goo.gl/aH3UyP)]].(:0)
	at com.udacity.webcrawler.profiler.ProfilingMethodInterceptor.invoke(ProfilingMethodInterceptor.java:33)
	at com.udacity.webcrawler.profiler.$Proxy9.throwSomething(Unknown Source)
	at [[Reflective call: 2 frames collapsed (https://goo.gl/aH3UyP)]].(:0)
	at com.udacity.webcrawler.profiler.ProfilingMethodInterceptor.invoke(ProfilingMethodInterceptor.java:33)
	at com.udacity.webcrawler.profiler.$Proxy9.throwSomething(Unknown Source)
	at [[Reflective call: 2 frames collapsed (https://goo.gl/aH3UyP)]].(:0)
	at com.udacity.webcrawler.profiler.ProfilingMethodInterceptor.invoke(ProfilingMethodInterceptor.java:33)
	at com.udacity.webcrawler.profiler.$Proxy9.throwSomething(Unknown Source)
	at [[Reflective call: 2 frames collapsed (https://goo.gl/aH3UyP)]].(:0)
	at com.udacity.webcrawler.profiler.ProfilingMethodInterceptor.invoke(ProfilingMethodInterceptor.java:33)
	at com.udacity.webcrawler.profiler.$Proxy9.throwSomething(Unknown Source)
	at [[Reflective call: 2 frames collapsed (https://goo.gl/aH3UyP)]].(:0)
	at com.udacity.webcrawler.profiler.ProfilingMethodInterceptor.invoke(ProfilingMethodInterceptor.java:33)
	at com.udacity.webcrawler.profiler.$Proxy9.throwSomething(Unknown Source)
	at [[Reflective call: 2 frames collapsed (https://goo.gl/aH3UyP)]].(:0)
	at com.udacity.webcrawler.profiler.ProfilingMethodInterceptor.invoke(ProfilingMethodInterceptor.java:33)
	at com.udacity.webcrawler.profiler.$Proxy9.throwSomething(Unknown Source)
	at [[Reflective call: 2 frames collapsed (https://goo.gl/aH3UyP)]].(:0)
	at com.udacity.webcrawler.profiler.ProfilingMethodInterceptor.invoke(ProfilingMethodInterceptor.java:33)
	at com.udacity.webcrawler.profiler.$Proxy9.throwSomething(Unknown Source)
	at [[Reflective call: 2 frames collapsed (https://goo.gl/aH3UyP)]].(:0)
	at com.udacity.webcrawler.profiler.ProfilingMethodInterceptor.invoke(ProfilingMethodInterceptor.java:33)
	at com.udacity.webcrawler.profiler.$Proxy9.throwSomething(Unknown Source)
	at [[Reflective call: 2 frames collapsed (https://goo.gl/aH3UyP)]].(:0)
	at com.udacity.webcrawler.profiler.ProfilingMethodInterceptor.invoke(ProfilingMethodInterceptor.java:33)
	at com.udacity.webcrawler.profiler.$Proxy9.throwSomething(Unknown Source)
	at [[Reflective call: 2 frames collapsed (https://goo.gl/aH3UyP)]].(:0)
	at com.udacity.webcrawler.profiler.ProfilingMethodInterceptor.invoke(ProfilingMethodInterceptor.java:33)
	at com.udacity.webcrawler.profiler.$Proxy9.throwSomething(Unknown Source)
	at [[Reflective call: 2 frames collapsed (https://goo.gl/aH3UyP)]].(:0)
	at com.udacity.webcrawler.profiler.ProfilingMethodInterceptor.invoke(ProfilingMethodInterceptor.java:33)
	at com.udacity.webcrawler.profiler.$Proxy9.throwSomething(Unknown Source)
	at [[Reflective call: 2 frames collapsed (https://goo.gl/aH3UyP)]].(:0)
	at com.udacity.webcrawler.profiler.ProfilingMethodInterceptor.invoke(ProfilingMethodInterceptor.java:33)
	at com.udacity.webcrawler.profiler.$Proxy9.throwSomething(Unknown Source)
	at [[Reflective call: 2 frames collapsed (https://goo.gl/aH3UyP)]].(:0)
	at com.udacity.webcrawler.profiler.ProfilingMethodInterceptor.invoke(ProfilingMethodInterceptor.java:33)
	at com.udacity.webcrawler.profiler.$Proxy9.throwSomething(Unknown Source)
	at [[Reflective call: 2 frames collapsed (https://goo.gl/aH3UyP)]].(:0)
	at com.udacity.webcrawler.profiler.ProfilingMethodInterceptor.invoke(ProfilingMethodInterceptor.java:33)
	at com.udacity.webcrawler.profiler.$Proxy9.throwSomething(Unknown Source)
	at [[Reflective call: 2 frames collapsed (https://goo.gl/aH3UyP)]].(:0)
	at com.udacity.webcrawler.profiler.ProfilingMethodInterceptor.invoke(ProfilingMethodInterceptor.java:33)
	at com.udacity.webcrawler.profiler.$Proxy9.throwSomething(Unknown Source)
	at [[Reflective call: 2 frames collapsed (https://goo.gl/aH3UyP)]].(:0)
	at com.udacity.webcrawler.profiler.ProfilingMethodInterceptor.invoke(ProfilingMethodInterceptor.java:33)
	at com.udacity.webcrawler.profiler.$Proxy9.throwSomething(Unknown Source)
	at [[Reflective call: 2 frames collapsed (https://goo.gl/aH3UyP)]].(:0)
	at com.udacity.webcrawler.profiler.ProfilingMethodInterceptor.invoke(ProfilingMethodInterceptor.java:33)
	at com.udacity.webcrawler.profiler.$Proxy9.throwSomething(Unknown Source)
	at [[Reflective call: 2 frames collapsed (https://goo.gl/aH3UyP)]].(:0)
	at com.udacity.webcrawler.profiler.ProfilingMethodInterceptor.invoke(ProfilingMethodInterceptor.java:33)
	at com.udacity.webcrawler.profiler.$Proxy9.throwSomething(Unknown Source)
	at [[Reflective call: 2 frames collapsed (https://goo.gl/aH3UyP)]].(:0)
	at com.udacity.webcrawler.profiler.ProfilingMethodInterceptor.invoke(ProfilingMethodInterceptor.java:33)
	at com.udacity.webcrawler.profiler.$Proxy9.throwSomething(Unknown Source)
	at [[Reflective call: 2 frames collapsed (https://goo.gl/aH3UyP)]].(:0)
	at com.udacity.webcrawler.profiler.ProfilingMethodInterceptor.invoke(ProfilingMethodInterceptor.java:33)
	at com.udacity.webcrawler.profiler.$Proxy9.throwSomething(Unknown Source)
	at [[Reflective call: 2 frames collapsed (https://goo.gl/aH3UyP)]].(:0)
	at com.udacity.webcrawler.profiler.ProfilingMethodInterceptor.invoke(ProfilingMethodInterceptor.java:33)
	at com.udacity.webcrawler.profiler.$Proxy9.throwSomething(Unknown Source)
	at [[Reflective call: 2 frames collapsed (https://goo.gl/aH3UyP)]].(:0)
	at com.udacity.webcrawler.profiler.ProfilingMethodInterceptor.invoke(ProfilingMethodInterceptor.java:33)
	at com.udacity.webcrawler.profiler.$Proxy9.throwSomething(Unknown Source)
	at [[Reflective call: 2 frames collapsed (https://goo.gl/aH3UyP)]].(:0)
	at com.udacity.webcrawler.profiler.ProfilingMethodInterceptor.invoke(ProfilingMethodInterceptor.java:33)
	at com.udacity.webcrawler.profiler.$Proxy9.throwSomething(Unknown Source)
	at [[Reflective call: 2 frames collapsed (https://goo.gl/aH3UyP)]].(:0)
	at com.udacity.webcrawler.profiler.ProfilingMethodInterceptor.invoke(ProfilingMethodInterceptor.java:33)
	at com.udacity.webcrawler.profiler.$Proxy9.throwSomething(Unknown Source)
	at [[Reflective call: 2 frames collapsed (https://goo.gl/aH3UyP)]].(:0)
	at com.udacity.webcrawler.profiler.ProfilingMethodInterceptor.invoke(ProfilingMethodInterceptor.java:33)
	at com.udacity.webcrawler.profiler.$Proxy9.throwSomething(Unknown Source)
	at [[Reflective call: 2 frames collapsed (https://goo.gl/aH3UyP)]].(:0)
	at com.udacity.webcrawler.profiler.ProfilingMethodInterceptor.invoke(ProfilingMethodInterceptor.java:33)
	at com.udacity.webcrawler.profiler.$Proxy9.throwSomething(Unknown Source)
	at [[Reflective call: 2 frames collapsed (https://goo.gl/aH3UyP)]].(:0)
	at com.udacity.webcrawler.profiler.ProfilingMethodInterceptor.invoke(ProfilingMethodInterceptor.java:33)
	at com.udacity.webcrawler.profiler.$Proxy9.throwSomething(Unknown Source)
	at [[Reflective call: 2 frames collapsed (https://goo.gl/aH3UyP)]].(:0)
	at com.udacity.webcrawler.profiler.ProfilingMethodInterceptor.invoke(ProfilingMethodInterceptor.java:33)
	at com.udacity.webcrawler.profiler.$Proxy9.throwSomething(Unknown Source)
	at [[Reflective call: 2 frames collapsed (https://goo.gl/aH3UyP)]].(:0)
	at com.udacity.webcrawler.profiler.ProfilingMethodInterceptor.invoke(ProfilingMethodInterceptor.java:33)
	at com.udacity.webcrawler.profiler.$Proxy9.throwSomething(Unknown Source)
	at [[Reflective call: 2 frames collapsed (https://goo.gl/aH3UyP)]].(:0)
	at com.udacity.webcrawler.profiler.ProfilingMethodInterceptor.invoke(ProfilingMethodInterceptor.java:33)
	at com.udacity.webcrawler.profiler.$Proxy9.throwSomething(Unknown Source)
	at [[Reflective call: 2 frames collapsed (https://goo.gl/aH3UyP)]].(:0)
	at com.udacity.webcrawler.profiler.ProfilingMethodInterceptor.invoke(ProfilingMethodInterceptor.java:33)
	at com.udacity.webcrawler.profiler.$Proxy9.throwSomething(Unknown Source)
	at [[Reflective call: 2 frames collapsed (https://goo.gl/aH3UyP)]].(:0)
	at com.udacity.webcrawler.profiler.ProfilingMethodInterceptor.invoke(ProfilingMethodInterceptor.java:33)
	at com.udacity.webcrawler.profiler.$Proxy9.throwSomething(Unknown Source)
	at [[Reflective call: 2 frames collapsed (https://goo.gl/aH3UyP)]].(:0)
	at com.udacity.webcrawler.profiler.ProfilingMethodInterceptor.invoke(ProfilingMethodInterceptor.java:33)
	at com.udacity.webcrawler.profiler.$Proxy9.throwSomething(Unknown Source)
	at [[Reflective call: 2 frames collapsed (https://goo.gl/aH3UyP)]].(:0)
	at com.udacity.webcrawler.profiler.ProfilingMethodInterceptor.invoke(ProfilingMethodInterceptor.java:33)
	at com.udacity.webcrawler.profiler.$Proxy9.throwSomething(Unknown Source)
	at [[Reflective call: 2 frames collapsed (https://goo.gl/aH3UyP)]].(:0)
	at com.udacity.webcrawler.profiler.ProfilingMethodInterceptor.invoke(ProfilingMethodInterceptor.java:33)
	at com.udacity.webcrawler.profiler.$Proxy9.throwSomething(Unknown Source)
	at [[Reflective call: 2 frames collapsed (https://goo.gl/aH3UyP)]].(:0)
	at com.udacity.webcrawler.profiler.ProfilingMethodInterceptor.invoke(ProfilingMethodInterceptor.java:33)
	at com.udacity.webcrawler.profiler.$Proxy9.throwSomething(Unknown Source)
	at [[Reflective call: 2 frames collapsed (https://goo.gl/aH3UyP)]].(:0)
	at com.udacity.webcrawler.profiler.ProfilingMethodInterceptor.invoke(ProfilingMethodInterceptor.java:33)
	at com.udacity.webcrawler.profiler.$Proxy9.throwSomething(Unknown Source)
	at [[Reflective call: 2 frames collapsed (https://goo.gl/aH3UyP)]].(:0)
	at com.udacity.webcrawler.profiler.ProfilingMethodInterceptor.invoke(ProfilingMethodInterceptor.java:33)
	at com.udacity.webcrawler.profiler.$Proxy9.throwSomething(Unknown Source)
	at [[Reflective call: 2 frames collapsed (https://goo.gl/aH3UyP)]].(:0)
	at com.udacity.webcrawler.profiler.ProfilingMethodInterceptor.invoke(ProfilingMethodInterceptor.java:33)
	at com.udacity.webcrawler.profiler.$Proxy9.throwSomething(Unknown Source)
	at [[Reflective call: 2 frames collapsed (https://goo.gl/aH3UyP)]].(:0)
	at com.udacity.webcrawler.profiler.ProfilingMethodInterceptor.invoke(ProfilingMethodInterceptor.java:33)
	at com.udacity.webcrawler.profiler.$Proxy9.throwSomething(Unknown Source)
	at [[Reflective call: 2 frames collapsed (https://goo.gl/aH3UyP)]].(:0)
	at com.udacity.webcrawler.profiler.ProfilingMethodInterceptor.invoke(ProfilingMethodInterceptor.java:33)
	at com.udacity.webcrawler.profiler.$Proxy9.throwSomething(Unknown Source)
	at [[Reflective call: 2 frames collapsed (https://goo.gl/aH3UyP)]].(:0)
	at com.udacity.webcrawler.profiler.ProfilingMethodInterceptor.invoke(ProfilingMethodInterceptor.java:33)
	at com.udacity.webcrawler.profiler.$Proxy9.throwSomething(Unknown Source)
	at [[Reflective call: 2 frames collapsed (https://goo.gl/aH3UyP)]].(:0)
	at com.udacity.webcrawler.profiler.ProfilingMethodInterceptor.invoke(ProfilingMethodInterceptor.java:33)
	at com.udacity.webcrawler.profiler.$Proxy9.throwSomething(Unknown Source)
	at [[Reflective call: 2 frames collapsed (https://goo.gl/aH3UyP)]].(:0)
	at com.udacity.webcrawler.profiler.ProfilingMethodInterceptor.invoke(ProfilingMethodInterceptor.java:33)
	at com.udacity.webcrawler.profiler.$Proxy9.throwSomething(Unknown Source)
	at [[Reflective call: 2 frames collapsed (https://goo.gl/aH3UyP)]].(:0)
	at com.udacity.webcrawler.profiler.ProfilingMethodInterceptor.invoke(ProfilingMethodInterceptor.java:33)
	at com.udacity.webcrawler.profiler.$Proxy9.throwSomething(Unknown Source)
	at [[Reflective call: 2 frames collapsed (https://goo.gl/aH3UyP)]].(:0)
	at com.udacity.webcrawler.profiler.ProfilingMethodInterceptor.invoke(ProfilingMethodInterceptor.java:33)
	at com.udacity.webcrawler.profiler.$Proxy9.throwSomething(Unknown Source)
	at [[Reflective call: 2 frames collapsed (https://goo.gl/aH3UyP)]].(:0)
	at com.udacity.webcrawler.profiler.ProfilingMethodInterceptor.invoke(ProfilingMethodInterceptor.java:33)
	at com.udacity.webcrawler.profiler.$Proxy9.throwSomething(Unknown Source)
]]></failure>
    <system-out><![CDATA[java.lang.StackOverflowError
java.lang.StackOverflowError
java.lang.StackOverflowError
java.lang.StackOverflowError
java.lang.StackOverflowError
java.lang.StackOverflowError
java.lang.StackOverflowError
java.lang.StackOverflowError
java.lang.StackOverflowError
java.lang.StackOverflowError
java.lang.StackOverflowError
java.lang.StackOverflowError
java.lang.StackOverflowError
java.lang.StackOverflowError
java.lang.StackOverflowError
java.lang.StackOverflowError
java.lang.StackOverflowError
java.lang.StackOverflowError
java.lang.StackOverflowError
java.lang.StackOverflowError
java.lang.StackOverflowError
java.lang.StackOverflowError
java.lang.StackOverflowError
java.lang.StackOverflowError
java.lang.StackOverflowError
java.lang.StackOverflowError
java.lang.StackOverflowError
java.lang.StackOverflowError
java.lang.StackOverflowError
java.lang.StackOverflowError
java.lang.StackOverflowError
java.lang.StackOverflowError
java.lang.StackOverflowError
java.lang.StackOverflowError
java.lang.StackOverflowError
java.lang.StackOverflowError
java.lang.StackOverflowError
java.lang.StackOverflowError
java.lang.StackOverflowError
java.lang.StackOverflowError
java.lang.StackOverflowError
java.lang.StackOverflowError
java.lang.StackOverflowError
java.lang.StackOverflowError
java.lang.StackOverflowError
java.lang.StackOverflowError
java.lang.StackOverflowError
java.lang.StackOverflowError
java.lang.StackOverflowError
java.lang.StackOverflowError
java.lang.StackOverflowError
java.lang.StackOverflowError
java.lang.StackOverflowError
java.lang.StackOverflowError
java.lang.StackOverflowError
java.lang.StackOverflowError
java.lang.StackOverflowError
java.lang.StackOverflowError
java.lang.StackOverflowError
java.lang.StackOverflowError
java.lang.StackOverflowError
java.lang.StackOverflowError
java.lang.StackOverflowError
java.lang.StackOverflowError
java.lang.StackOverflowError
java.lang.StackOverflowError
java.lang.StackOverflowError
java.lang.StackOverflowError
java.lang.StackOverflowError
java.lang.StackOverflowError
java.lang.StackOverflowError
java.lang.StackOverflowError
java.lang.StackOverflowError
java.lang.StackOverflowError
java.lang.StackOverflowError
java.lang.StackOverflowError
java.lang.StackOverflowError
java.lang.StackOverflowError
java.lang.StackOverflowError
java.lang.StackOverflowError
java.lang.StackOverflowError
java.lang.StackOverflowError
java.lang.StackOverflowError
java.lang.StackOverflowError
java.lang.StackOverflowError
java.lang.StackOverflowError
java.lang.StackOverflowError
java.lang.StackOverflowError
java.lang.StackOverflowError
java.lang.StackOverflowError
java.lang.StackOverflowError
java.lang.StackOverflowError
java.lang.StackOverflowError
java.lang.StackOverflowError
java.lang.StackOverflowError
java.lang.StackOverflowError
java.lang.StackOverflowError
java.lang.StackOverflowError
java.lang.StackOverflowError
java.lang.StackOverflowError
java.lang.StackOverflowError
java.lang.StackOverflowError
java.lang.StackOverflowError
java.lang.StackOverflowError
java.lang.StackOverflowError
java.lang.StackOverflowError
java.lang.StackOverflowError
java.lang.StackOverflowError
java.lang.StackOverflowError
java.lang.StackOverflowError
java.lang.StackOverflowError
java.lang.StackOverflowError
java.lang.StackOverflowError
java.lang.StackOverflowError
java.lang.StackOverflowError
java.lang.StackOverflowError
java.lang.StackOverflowError
java.lang.StackOverflowError
java.lang.StackOverflowError
java.lang.StackOverflowError
java.lang.StackOverflowError
java.lang.StackOverflowError
java.lang.StackOverflowError
java.lang.StackOverflowError
java.lang.StackOverflowError
java.lang.StackOverflowError
java.lang.StackOverflowError
java.lang.StackOverflowError
java.lang.StackOverflowError
java.lang.StackOverflowError
java.lang.StackOverflowError
java.lang.StackOverflowError
java.lang.StackOverflowError
java.lang.StackOverflowError
java.lang.StackOverflowError
java.lang.StackOverflowError
java.lang.StackOverflowError
java.lang.StackOverflowError
java.lang.StackOverflowError
java.lang.StackOverflowError
java.lang.StackOverflowError
java.lang.StackOverflowError
java.lang.StackOverflowError
java.lang.StackOverflowError
java.lang.StackOverflowError
java.lang.StackOverflowError
java.lang.StackOverflowError
java.lang.StackOverflowError
java.lang.StackOverflowError
java.lang.StackOverflowError
java.lang.StackOverflowError
java.lang.StackOverflowError
java.lang.StackOverflowError
java.lang.StackOverflowError
java.lang.StackOverflowError
java.lang.StackOverflowError
java.lang.StackOverflowError
java.lang.StackOverflowError
java.lang.StackOverflowError
java.lang.StackOverflowError
java.lang.StackOverflowError
java.lang.StackOverflowError
java.lang.StackOverflowError
java.lang.StackOverflowError
java.lang.StackOverflowError
java.lang.StackOverflowError
java.lang.StackOverflowError
java.lang.StackOverflowError
java.lang.StackOverflowError
java.lang.StackOverflowError
java.lang.StackOverflowError
java.lang.StackOverflowError
java.lang.StackOverflowError
java.lang.StackOverflowError
java.lang.StackOverflowError
java.lang.StackOverflowError
java.lang.StackOverflowError
java.lang.StackOverflowError
java.lang.StackOverflowError
java.lang.StackOverflowError
java.lang.StackOverflowError
java.lang.StackOverflowError
java.lang.StackOverflowError
java.lang.StackOverflowError
java.lang.StackOverflowError
java.lang.StackOverflowError
java.lang.StackOverflowError
java.lang.StackOverflowError
java.lang.StackOverflowError
java.lang.StackOverflowError
java.lang.StackOverflowError
java.lang.StackOverflowError
java.lang.StackOverflowError
java.lang.StackOverflowError
java.lang.StackOverflowError
java.lang.StackOverflowError
java.lang.StackOverflowError
java.lang.StackOverflowError
java.lang.StackOverflowError
java.lang.StackOverflowError
java.lang.StackOverflowError
java.lang.StackOverflowError
java.lang.StackOverflowError
java.lang.StackOverflowError
java.lang.StackOverflowError
java.lang.StackOverflowError
java.lang.StackOverflowError
java.lang.StackOverflowError
java.lang.StackOverflowError
java.lang.StackOverflowError
java.lang.StackOverflowError
java.lang.StackOverflowError
java.lang.StackOverflowError
java.lang.StackOverflowError
java.lang.StackOverflowError
java.lang.StackOverflowError
java.lang.StackOverflowError
java.lang.StackOverflowError
java.lang.StackOverflowError
java.lang.StackOverflowError
java.lang.StackOverflowError
java.lang.StackOverflowError
java.lang.StackOverflowError
java.lang.StackOverflowError
java.lang.StackOverflowError
java.lang.StackOverflowError
java.lang.StackOverflowError
java.lang.StackOverflowError
java.lang.StackOverflowError
java.lang.StackOverflowError
java.lang.StackOverflowError
java.lang.StackOverflowError
java.lang.StackOverflowError
java.lang.StackOverflowError
java.lang.StackOverflowError
java.lang.StackOverflowError
java.lang.StackOverflowError
java.lang.StackOverflowError
java.lang.StackOverflowError
java.lang.StackOverflowError
java.lang.StackOverflowError
java.lang.StackOverflowError
java.lang.StackOverflowError
java.lang.StackOverflowError
java.lang.StackOverflowError
java.lang.StackOverflowError
java.lang.StackOverflowError
java.lang.StackOverflowError
java.lang.StackOverflowError
java.lang.StackOverflowError
java.lang.StackOverflowError
java.lang.StackOverflowError
java.lang.StackOverflowError
java.lang.StackOverflowError
java.lang.StackOverflowError
java.lang.StackOverflowError
java.lang.StackOverflowError
java.lang.StackOverflowError
java.lang.StackOverflowError
java.lang.StackOverflowError
java.lang.StackOverflowError
java.lang.StackOverflowError
java.lang.StackOverflowError
java.lang.StackOverflowError
java.lang.StackOverflowError
java.lang.StackOverflowError
java.lang.StackOverflowError
java.lang.StackOverflowError
java.lang.StackOverflowError
java.lang.StackOverflowError
java.lang.StackOverflowError
java.lang.StackOverflowError
java.lang.StackOverflowError
java.lang.StackOverflowError
java.lang.StackOverflowError
java.lang.StackOverflowError
java.lang.StackOverflowError
java.lang.StackOverflowError
java.lang.StackOverflowError
java.lang.StackOverflowError
java.lang.StackOverflowError
java.lang.StackOverflowError
java.lang.StackOverflowError
java.lang.StackOverflowError
java.lang.StackOverflowError
java.lang.StackOverflowError
java.lang.StackOverflowError
java.lang.StackOverflowError
java.lang.StackOverflowError
java.lang.StackOverflowError
java.lang.StackOverflowError
java.lang.StackOverflowError
java.lang.StackOverflowError
java.lang.StackOverflowError
java.lang.StackOverflowError
java.lang.StackOverflowError
java.lang.StackOverflowError
java.lang.StackOverflowError
java.lang.StackOverflowError
java.lang.StackOverflowError
java.lang.StackOverflowError
java.lang.StackOverflowError
java.lang.StackOverflowError
java.lang.StackOverflowError
java.lang.StackOverflowError
java.lang.StackOverflowError
java.lang.StackOverflowError
java.lang.StackOverflowError
java.lang.StackOverflowError
java.lang.StackOverflowError
java.lang.StackOverflowError
java.lang.StackOverflowError
java.lang.StackOverflowError
java.lang.StackOverflowError
java.lang.StackOverflowError
java.lang.StackOverflowError
java.lang.StackOverflowError
java.lang.StackOverflowError
java.lang.StackOverflowError
java.lang.StackOverflowError
java.lang.StackOverflowError
java.lang.StackOverflowError
java.lang.StackOverflowError
java.lang.StackOverflowError
java.lang.StackOverflowError
java.lang.StackOverflowError
java.lang.StackOverflowError
java.lang.StackOverflowError
java.lang.StackOverflowError
java.lang.StackOverflowError
java.lang.StackOverflowError
java.lang.StackOverflowError
java.lang.StackOverflowError
java.lang.StackOverflowError
java.lang.StackOverflowError
java.lang.StackOverflowError
java.lang.StackOverflowError
java.lang.StackOverflowError
java.lang.StackOverflowError
java.lang.StackOverflowError
java.lang.StackOverflowError
java.lang.StackOverflowError
java.lang.StackOverflowError
java.lang.StackOverflowError
java.lang.StackOverflowError
java.lang.StackOverflowError
java.lang.StackOverflowError
java.lang.StackOverflowError
java.lang.StackOverflowError
java.lang.StackOverflowError
java.lang.StackOverflowError
java.lang.StackOverflowError
java.lang.StackOverflowError
java.lang.StackOverflowError
java.lang.StackOverflowError
java.lang.StackOverflowError
java.lang.StackOverflowError
java.lang.StackOverflowError
java.lang.StackOverflowError
java.lang.StackOverflowError
java.lang.StackOverflowError
java.lang.StackOverflowError
java.lang.StackOverflowError
java.lang.StackOverflowError
java.lang.StackOverflowError
java.lang.StackOverflowError
java.lang.StackOverflowError
java.lang.StackOverflowError
java.lang.StackOverflowError
java.lang.StackOverflowError
java.lang.StackOverflowError
java.lang.StackOverflowError
java.lang.StackOverflowError
java.lang.StackOverflowError
java.lang.StackOverflowError
java.lang.StackOverflowError
java.lang.StackOverflowError
java.lang.StackOverflowError
java.lang.StackOverflowError
java.lang.StackOverflowError
java.lang.StackOverflowError
java.lang.StackOverflowError
java.lang.StackOverflowError
java.lang.StackOverflowError
java.lang.StackOverflowError
java.lang.StackOverflowError
java.lang.StackOverflowError
java.lang.StackOverflowError
java.lang.StackOverflowError
java.lang.StackOverflowError
java.lang.StackOverflowError
java.lang.StackOverflowError
java.lang.StackOverflowError
java.lang.StackOverflowError
java.lang.StackOverflowError
java.lang.StackOverflowError
java.lang.StackOverflowError
java.lang.StackOverflowError
java.lang.StackOverflowError
java.lang.StackOverflowError
java.lang.StackOverflowError
java.lang.StackOverflowError
java.lang.StackOverflowError
java.lang.StackOverflowError
java.lang.StackOverflowError
java.lang.StackOverflowError
java.lang.StackOverflowError
java.lang.StackOverflowError
java.lang.StackOverflowError
java.lang.StackOverflowError
java.lang.StackOverflowError
java.lang.StackOverflowError
java.lang.StackOverflowError
java.lang.StackOverflowError
java.lang.StackOverflowError
java.lang.StackOverflowError
java.lang.StackOverflowError
java.lang.StackOverflowError
java.lang.StackOverflowError
java.lang.StackOverflowError
java.lang.StackOverflowError
java.lang.StackOverflowError
java.lang.StackOverflowError
java.lang.StackOverflowError
java.lang.StackOverflowError
java.lang.StackOverflowError
java.lang.StackOverflowError
java.lang.StackOverflowError
java.lang.StackOverflowError
java.lang.StackOverflowError
java.lang.StackOverflowError
java.lang.StackOverflowError
java.lang.StackOverflowError
java.lang.StackOverflowError
java.lang.StackOverflowError
java.lang.StackOverflowError
java.lang.StackOverflowError
java.lang.StackOverflowError
java.lang.StackOverflowError
java.lang.StackOverflowError
java.lang.StackOverflowError
java.lang.StackOverflowError
java.lang.StackOverflowError
java.lang.StackOverflowError
java.lang.StackOverflowError
java.lang.StackOverflowError
java.lang.StackOverflowError
java.lang.StackOverflowError
java.lang.StackOverflowError
java.lang.StackOverflowError
java.lang.StackOverflowError
java.lang.StackOverflowError
java.lang.StackOverflowError
java.lang.StackOverflowError
java.lang.StackOverflowError
java.lang.StackOverflowError
java.lang.StackOverflowError
java.lang.StackOverflowError
java.lang.StackOverflowError
java.lang.StackOverflowError
java.lang.StackOverflowError
java.lang.StackOverflowError
java.lang.StackOverflowError
java.lang.StackOverflowError
java.lang.StackOverflowError
java.lang.StackOverflowError
java.lang.StackOverflowError
java.lang.StackOverflowError
java.lang.StackOverflowError
java.lang.StackOverflowError
java.lang.StackOverflowError
java.lang.StackOverflowError
java.lang.StackOverflowError
java.lang.StackOverflowError
java.lang.StackOverflowError
java.lang.StackOverflowError
java.lang.StackOverflowError
java.lang.StackOverflowError
java.lang.StackOverflowError
java.lang.StackOverflowError
java.lang.StackOverflowError
java.lang.StackOverflowError
java.lang.StackOverflowError
java.lang.StackOverflowError
java.lang.StackOverflowError
java.lang.StackOverflowError
java.lang.StackOverflowError
java.lang.StackOverflowError
java.lang.StackOverflowError
java.lang.StackOverflowError
java.lang.StackOverflowError
java.lang.StackOverflowError
java.lang.StackOverflowError
java.lang.StackOverflowError
java.lang.StackOverflowError
java.lang.StackOverflowError
java.lang.StackOverflowError
java.lang.StackOverflowError
java.lang.StackOverflowError
java.lang.StackOverflowError
java.lang.StackOverflowError
java.lang.StackOverflowError
java.lang.StackOverflowError
java.lang.StackOverflowError
java.lang.StackOverflowError
java.lang.StackOverflowError
java.lang.StackOverflowError
java.lang.StackOverflowError
java.lang.StackOverflowError
java.lang.StackOverflowError
java.lang.StackOverflowError
java.lang.StackOverflowError
java.lang.StackOverflowError
java.lang.StackOverflowError
java.lang.StackOverflowError
java.lang.StackOverflowError
java.lang.StackOverflowError
java.lang.StackOverflowError
java.lang.StackOverflowError
java.lang.StackOverflowError
java.lang.StackOverflowError
java.lang.StackOverflowError
java.lang.StackOverflowError
java.lang.StackOverflowError
java.lang.StackOverflowError
java.lang.StackOverflowError
java.lang.StackOverflowError
java.lang.StackOverflowError
java.lang.StackOverflowError
java.lang.StackOverflowError
java.lang.StackOverflowError
java.lang.StackOverflowError
java.lang.StackOverflowError
java.lang.StackOverflowError
java.lang.StackOverflowError
java.lang.StackOverflowError
java.lang.StackOverflowError
java.lang.StackOverflowError
java.lang.StackOverflowError
java.lang.StackOverflowError
java.lang.StackOverflowError
java.lang.StackOverflowError
java.lang.StackOverflowError
java.lang.StackOverflowError
java.lang.StackOverflowError
java.lang.StackOverflowError
java.lang.StackOverflowError
java.lang.StackOverflowError
java.lang.StackOverflowError
java.lang.StackOverflowError
java.lang.StackOverflowError
java.lang.StackOverflowError
java.lang.StackOverflowError
java.lang.StackOverflowError
java.lang.StackOverflowError
java.lang.StackOverflowError
java.lang.StackOverflowError
java.lang.StackOverflowError
java.lang.StackOverflowError
java.lang.StackOverflowError
java.lang.StackOverflowError
java.lang.StackOverflowError
java.lang.StackOverflowError
java.lang.StackOverflowError
java.lang.StackOverflowError
java.lang.StackOverflowError
java.lang.StackOverflowError
java.lang.StackOverflowError
java.lang.StackOverflowError
java.lang.StackOverflowError
java.lang.StackOverflowError
java.lang.StackOverflowError
java.lang.StackOverflowError
java.lang.StackOverflowError
java.lang.StackOverflowError
java.lang.StackOverflowError
java.lang.StackOverflowError
java.lang.StackOverflowError
java.lang.StackOverflowError
java.lang.StackOverflowError
java.lang.StackOverflowError
java.lang.StackOverflowError
java.lang.StackOverflowError
java.lang.StackOverflowError
java.lang.StackOverflowError
java.lang.StackOverflowError
java.lang.StackOverflowError
java.lang.StackOverflowError
java.lang.StackOverflowError
java.lang.StackOverflowError
java.lang.StackOverflowError
java.lang.StackOverflowError
java.lang.StackOverflowError
java.lang.StackOverflowError
java.lang.StackOverflowError
java.lang.StackOverflowError
java.lang.StackOverflowError
java.lang.StackOverflowError
java.lang.StackOverflowError
java.lang.StackOverflowError
java.lang.StackOverflowError
java.lang.StackOverflowError
java.lang.StackOverflowError
java.lang.StackOverflowError
java.lang.StackOverflowError
java.lang.StackOverflowError
java.lang.StackOverflowError
java.lang.StackOverflowError
java.lang.StackOverflowError
java.lang.StackOverflowError
java.lang.StackOverflowError
java.lang.StackOverflowError
java.lang.StackOverflowError
java.lang.StackOverflowError
java.lang.StackOverflowError
java.lang.StackOverflowError
java.lang.StackOverflowError
java.lang.StackOverflowError
java.lang.StackOverflowError
java.lang.StackOverflowError
java.lang.StackOverflowError
java.lang.StackOverflowError
java.lang.StackOverflowError
java.lang.StackOverflowError
java.lang.StackOverflowError
java.lang.StackOverflowError
java.lang.StackOverflowError
java.lang.StackOverflowError
java.lang.StackOverflowError
java.lang.StackOverflowError
java.lang.StackOverflowError
java.lang.StackOverflowError
java.lang.StackOverflowError
java.lang.StackOverflowError
java.lang.StackOverflowError
java.lang.StackOverflowError
java.lang.StackOverflowError
java.lang.StackOverflowError
java.lang.StackOverflowError
java.lang.StackOverflowError
java.lang.StackOverflowError
java.lang.StackOverflowError
java.lang.StackOverflowError
java.lang.StackOverflowError
java.lang.StackOverflowError
java.lang.StackOverflowError
java.lang.StackOverflowError
java.lang.StackOverflowError
java.lang.StackOverflowError
java.lang.StackOverflowError
java.lang.StackOverflowError
java.lang.StackOverflowError
java.lang.StackOverflowError
java.lang.StackOverflowError
java.lang.StackOverflowError
java.lang.StackOverflowError
java.lang.StackOverflowError
java.lang.StackOverflowError
java.lang.StackOverflowError
java.lang.StackOverflowError
java.lang.StackOverflowError
java.lang.StackOverflowError
java.lang.StackOverflowError
java.lang.StackOverflowError
java.lang.StackOverflowError
java.lang.StackOverflowError
java.lang.StackOverflowError
java.lang.StackOverflowError
java.lang.StackOverflowError
java.lang.StackOverflowError
java.lang.StackOverflowError
java.lang.StackOverflowError
java.lang.StackOverflowError
java.lang.StackOverflowError
java.lang.StackOverflowError
java.lang.StackOverflowError
java.lang.StackOverflowError
java.lang.StackOverflowError
java.lang.StackOverflowError
java.lang.StackOverflowError
java.lang.StackOverflowError
java.lang.StackOverflowError
java.lang.StackOverflowError
java.lang.StackOverflowError
java.lang.StackOverflowError
java.lang.StackOverflowError
java.lang.StackOverflowError
java.lang.StackOverflowError
java.lang.StackOverflowError
java.lang.StackOverflowError
java.lang.StackOverflowError
java.lang.StackOverflowError
java.lang.StackOverflowError
java.lang.StackOverflowError
java.lang.StackOverflowError
java.lang.StackOverflowError
java.lang.StackOverflowError
java.lang.StackOverflowError
java.lang.StackOverflowError
java.lang.StackOverflowError
java.lang.StackOverflowError
java.lang.StackOverflowError
java.lang.StackOverflowError
java.lang.StackOverflowError
java.lang.StackOverflowError
java.lang.StackOverflowError
java.lang.StackOverflowError
java.lang.StackOverflowError
java.lang.StackOverflowError
java.lang.StackOverflowError
java.lang.StackOverflowError
java.lang.StackOverflowError
java.lang.StackOverflowError
java.lang.StackOverflowError
java.lang.StackOverflowError
java.lang.StackOverflowError
java.lang.StackOverflowError
java.lang.StackOverflowError
java.lang.StackOverflowError
java.lang.StackOverflowError
java.lang.StackOverflowError
java.lang.StackOverflowError
java.lang.StackOverflowError
java.lang.StackOverflowError
java.lang.StackOverflowError
java.lang.StackOverflowError
java.lang.StackOverflowError
java.lang.StackOverflowError
java.lang.StackOverflowError
java.lang.StackOverflowError
java.lang.StackOverflowError
java.lang.StackOverflowError
java.lang.StackOverflowError
java.lang.StackOverflowError
java.lang.StackOverflowError
java.lang.StackOverflowError
java.lang.StackOverflowError
java.lang.StackOverflowError
java.lang.StackOverflowError
java.lang.StackOverflowError
java.lang.StackOverflowError
java.lang.StackOverflowError
java.lang.StackOverflowError
java.lang.StackOverflowError
java.lang.StackOverflowError
java.lang.StackOverflowError
java.lang.StackOverflowError
java.lang.StackOverflowError
java.lang.StackOverflowError
java.lang.StackOverflowError
java.lang.StackOverflowError
java.lang.StackOverflowError
java.lang.StackOverflowError
java.lang.StackOverflowError
java.lang.StackOverflowError
java.lang.StackOverflowError
java.lang.StackOverflowError
java.lang.StackOverflowError
java.lang.StackOverflowError
java.lang.StackOverflowError
java.lang.StackOverflowError
java.lang.StackOverflowError
java.lang.StackOverflowError
java.lang.StackOverflowError
java.lang.StackOverflowError
java.lang.StackOverflowError
java.lang.StackOverflowError
java.lang.StackOverflowError
java.lang.StackOverflowError
java.lang.StackOverflowError
java.lang.StackOverflowError
java.lang.StackOverflowError
java.lang.StackOverflowError
java.lang.StackOverflowError
java.lang.StackOverflowError
java.lang.StackOverflowError
java.lang.StackOverflowError
java.lang.StackOverflowError
java.lang.StackOverflowError
java.lang.StackOverflowError
java.lang.StackOverflowError
java.lang.StackOverflowError
java.lang.StackOverflowError
java.lang.StackOverflowError
java.lang.StackOverflowError
java.lang.StackOverflowError
java.lang.StackOverflowError
java.lang.StackOverflowError
java.lang.StackOverflowError
java.lang.StackOverflowError
java.lang.StackOverflowError
java.lang.StackOverflowError
java.lang.StackOverflowError
java.lang.StackOverflowError
java.lang.StackOverflowError
java.lang.StackOverflowError
java.lang.StackOverflowError
java.lang.StackOverflowError
java.lang.StackOverflowError
java.lang.StackOverflowError
java.lang.StackOverflowError
java.lang.StackOverflowError
java.lang.StackOverflowError
java.lang.StackOverflowError
java.lang.StackOverflowError
java.lang.StackOverflowError
java.lang.StackOverflowError
java.lang.StackOverflowError
java.lang.StackOverflowError
java.lang.StackOverflowError
java.lang.StackOverflowError
java.lang.StackOverflowError
java.lang.StackOverflowError
java.lang.StackOverflowError
java.lang.StackOverflowError
java.lang.StackOverflowError
java.lang.StackOverflowError
java.lang.StackOverflowError
java.lang.StackOverflowError
java.lang.StackOverflowError
java.lang.StackOverflowError
java.lang.StackOverflowError
java.lang.StackOverflowError
java.lang.StackOverflowError
java.lang.StackOverflowError
java.lang.StackOverflowError
java.lang.StackOverflowError
java.lang.StackOverflowError
java.lang.StackOverflowError
java.lang.StackOverflowError
java.lang.StackOverflowError
java.lang.StackOverflowError
java.lang.StackOverflowError
java.lang.StackOverflowError
java.lang.StackOverflowError
java.lang.StackOverflowError
java.lang.StackOverflowError
java.lang.StackOverflowError
java.lang.StackOverflowError
java.lang.StackOverflowError
java.lang.StackOverflowError
java.lang.StackOverflowError
java.lang.StackOverflowError
java.lang.StackOverflowError
java.lang.StackOverflowError
java.lang.StackOverflowError
java.lang.StackOverflowError
java.lang.StackOverflowError
java.lang.StackOverflowError
java.lang.StackOverflowError
java.lang.StackOverflowError
java.lang.StackOverflowError
java.lang.StackOverflowError
java.lang.StackOverflowError
java.lang.StackOverflowError
java.lang.StackOverflowError
java.lang.StackOverflowError
java.lang.StackOverflowError
java.lang.StackOverflowError
java.lang.StackOverflowError
java.lang.StackOverflowError
java.lang.StackOverflowError
java.lang.StackOverflowError
java.lang.StackOverflowError
java.lang.StackOverflowError
java.lang.StackOverflowError
java.lang.StackOverflowError
java.lang.StackOverflowError
java.lang.StackOverflowError
java.lang.StackOverflowError
java.lang.StackOverflowError
java.lang.StackOverflowError
java.lang.StackOverflowError
java.lang.StackOverflowError
java.lang.StackOverflowError
java.lang.StackOverflowError
]]></system-out>
  </testcase>
  <testcase name="testHashCode" classname="com.udacity.webcrawler.profiler.ProfilerImplTest" time="0.002">
    <error type="java.lang.IllegalArgumentException"><![CDATA[java.lang.IllegalArgumentException: Method is not annotated with @Profiled
	at com.udacity.webcrawler.profiler.ProfilingMethodInterceptor.invoke(ProfilingMethodInterceptor.java:43)
	at com.udacity.webcrawler.profiler.$Proxy9.hashCode(Unknown Source)
	at com.udacity.webcrawler.profiler.ProfilerImplTest.testHashCode(ProfilerImplTest.java:42)
	at java.base/jdk.internal.reflect.DirectMethodHandleAccessor.invoke(DirectMethodHandleAccessor.java:104)
	at java.base/java.lang.reflect.Method.invoke(Method.java:578)
	at org.junit.platform.commons.util.ReflectionUtils.invokeMethod(ReflectionUtils.java:725)
	at org.junit.jupiter.engine.execution.MethodInvocation.proceed(MethodInvocation.java:60)
	at org.junit.jupiter.engine.execution.InvocationInterceptorChain$ValidatingInvocation.proceed(InvocationInterceptorChain.java:131)
	at org.junit.jupiter.engine.extension.TimeoutExtension.intercept(TimeoutExtension.java:149)
	at org.junit.jupiter.engine.extension.TimeoutExtension.interceptTestableMethod(TimeoutExtension.java:140)
	at org.junit.jupiter.engine.extension.TimeoutExtension.interceptTestMethod(TimeoutExtension.java:84)
	at org.junit.jupiter.engine.execution.ExecutableInvoker$ReflectiveInterceptorCall.lambda$ofVoidMethod$0(ExecutableInvoker.java:115)
	at org.junit.jupiter.engine.execution.ExecutableInvoker.lambda$invoke$0(ExecutableInvoker.java:105)
	at org.junit.jupiter.engine.execution.InvocationInterceptorChain$InterceptedInvocation.proceed(InvocationInterceptorChain.java:106)
	at org.junit.jupiter.engine.execution.InvocationInterceptorChain.proceed(InvocationInterceptorChain.java:64)
	at org.junit.jupiter.engine.execution.InvocationInterceptorChain.chainAndInvoke(InvocationInterceptorChain.java:45)
	at org.junit.jupiter.engine.execution.InvocationInterceptorChain.invoke(InvocationInterceptorChain.java:37)
	at org.junit.jupiter.engine.execution.ExecutableInvoker.invoke(ExecutableInvoker.java:104)
	at org.junit.jupiter.engine.execution.ExecutableInvoker.invoke(ExecutableInvoker.java:98)
	at org.junit.jupiter.engine.descriptor.TestMethodTestDescriptor.lambda$invokeTestMethod$7(TestMethodTestDescriptor.java:214)
	at org.junit.platform.engine.support.hierarchical.ThrowableCollector.execute(ThrowableCollector.java:73)
	at org.junit.jupiter.engine.descriptor.TestMethodTestDescriptor.invokeTestMethod(TestMethodTestDescriptor.java:210)
	at org.junit.jupiter.engine.descriptor.TestMethodTestDescriptor.execute(TestMethodTestDescriptor.java:135)
	at org.junit.jupiter.engine.descriptor.TestMethodTestDescriptor.execute(TestMethodTestDescriptor.java:66)
	at org.junit.platform.engine.support.hierarchical.NodeTestTask.lambda$executeRecursively$6(NodeTestTask.java:151)
	at org.junit.platform.engine.support.hierarchical.ThrowableCollector.execute(ThrowableCollector.java:73)
	at org.junit.platform.engine.support.hierarchical.NodeTestTask.lambda$executeRecursively$8(NodeTestTask.java:141)
	at org.junit.platform.engine.support.hierarchical.Node.around(Node.java:137)
	at org.junit.platform.engine.support.hierarchical.NodeTestTask.lambda$executeRecursively$9(NodeTestTask.java:139)
	at org.junit.platform.engine.support.hierarchical.ThrowableCollector.execute(ThrowableCollector.java:73)
	at org.junit.platform.engine.support.hierarchical.NodeTestTask.executeRecursively(NodeTestTask.java:138)
	at org.junit.platform.engine.support.hierarchical.NodeTestTask.execute(NodeTestTask.java:95)
	at java.base/java.util.ArrayList.forEach(ArrayList.java:1511)
	at org.junit.platform.engine.support.hierarchical.SameThreadHierarchicalTestExecutorService.invokeAll(SameThreadHierarchicalTestExecutorService.java:41)
	at org.junit.platform.engine.support.hierarchical.NodeTestTask.lambda$executeRecursively$6(NodeTestTask.java:155)
	at org.junit.platform.engine.support.hierarchical.ThrowableCollector.execute(ThrowableCollector.java:73)
	at org.junit.platform.engine.support.hierarchical.NodeTestTask.lambda$executeRecursively$8(NodeTestTask.java:141)
	at org.junit.platform.engine.support.hierarchical.Node.around(Node.java:137)
	at org.junit.platform.engine.support.hierarchical.NodeTestTask.lambda$executeRecursively$9(NodeTestTask.java:139)
	at org.junit.platform.engine.support.hierarchical.ThrowableCollector.execute(ThrowableCollector.java:73)
	at org.junit.platform.engine.support.hierarchical.NodeTestTask.executeRecursively(NodeTestTask.java:138)
	at org.junit.platform.engine.support.hierarchical.NodeTestTask.execute(NodeTestTask.java:95)
	at java.base/java.util.ArrayList.forEach(ArrayList.java:1511)
	at org.junit.platform.engine.support.hierarchical.SameThreadHierarchicalTestExecutorService.invokeAll(SameThreadHierarchicalTestExecutorService.java:41)
	at org.junit.platform.engine.support.hierarchical.NodeTestTask.lambda$executeRecursively$6(NodeTestTask.java:155)
	at org.junit.platform.engine.support.hierarchical.ThrowableCollector.execute(ThrowableCollector.java:73)
	at org.junit.platform.engine.support.hierarchical.NodeTestTask.lambda$executeRecursively$8(NodeTestTask.java:141)
	at org.junit.platform.engine.support.hierarchical.Node.around(Node.java:137)
	at org.junit.platform.engine.support.hierarchical.NodeTestTask.lambda$executeRecursively$9(NodeTestTask.java:139)
	at org.junit.platform.engine.support.hierarchical.ThrowableCollector.execute(ThrowableCollector.java:73)
	at org.junit.platform.engine.support.hierarchical.NodeTestTask.executeRecursively(NodeTestTask.java:138)
	at org.junit.platform.engine.support.hierarchical.NodeTestTask.execute(NodeTestTask.java:95)
	at org.junit.platform.engine.support.hierarchical.SameThreadHierarchicalTestExecutorService.submit(SameThreadHierarchicalTestExecutorService.java:35)
	at org.junit.platform.engine.support.hierarchical.HierarchicalTestExecutor.execute(HierarchicalTestExecutor.java:57)
	at org.junit.platform.engine.support.hierarchical.HierarchicalTestEngine.execute(HierarchicalTestEngine.java:54)
	at org.junit.platform.launcher.core.DefaultLauncher.execute(DefaultLauncher.java:220)
	at org.junit.platform.launcher.core.DefaultLauncher.lambda$execute$6(DefaultLauncher.java:188)
	at org.junit.platform.launcher.core.DefaultLauncher.withInterceptedStreams(DefaultLauncher.java:202)
	at org.junit.platform.launcher.core.DefaultLauncher.execute(DefaultLauncher.java:181)
	at org.junit.platform.launcher.core.DefaultLauncher.execute(DefaultLauncher.java:128)
	at org.apache.maven.surefire.junitplatform.JUnitPlatformProvider.execute(JUnitPlatformProvider.java:188)
	at org.apache.maven.surefire.junitplatform.JUnitPlatformProvider.invokeAllTests(JUnitPlatformProvider.java:154)
	at org.apache.maven.surefire.junitplatform.JUnitPlatformProvider.invoke(JUnitPlatformProvider.java:128)
	at org.apache.maven.surefire.booter.ForkedBooter.runSuitesInProcess(ForkedBooter.java:428)
	at org.apache.maven.surefire.booter.ForkedBooter.execute(ForkedBooter.java:162)
	at org.apache.maven.surefire.booter.ForkedBooter.run(ForkedBooter.java:562)
	at org.apache.maven.surefire.booter.ForkedBooter.main(ForkedBooter.java:548)
]]></error>
  </testcase>
  <testcase name="testEquals" classname="com.udacity.webcrawler.profiler.ProfilerImplTest" time="0.001">
    <error type="java.lang.IllegalArgumentException"><![CDATA[java.lang.IllegalArgumentException: Method is not annotated with @Profiled
	at com.udacity.webcrawler.profiler.ProfilingMethodInterceptor.invoke(ProfilingMethodInterceptor.java:43)
	at com.udacity.webcrawler.profiler.$Proxy9.equals(Unknown Source)
	at com.google.common.truth.Subject.compareForEquality(Subject.java:243)
	at com.google.common.truth.Subject.standardIsEqualTo(Subject.java:173)
	at com.google.common.truth.Subject.isEqualTo(Subject.java:169)
	at com.udacity.webcrawler.profiler.ProfilerImplTest.testEquals(ProfilerImplTest.java:52)
	at java.base/jdk.internal.reflect.DirectMethodHandleAccessor.invoke(DirectMethodHandleAccessor.java:104)
	at java.base/java.lang.reflect.Method.invoke(Method.java:578)
	at org.junit.platform.commons.util.ReflectionUtils.invokeMethod(ReflectionUtils.java:725)
	at org.junit.jupiter.engine.execution.MethodInvocation.proceed(MethodInvocation.java:60)
	at org.junit.jupiter.engine.execution.InvocationInterceptorChain$ValidatingInvocation.proceed(InvocationInterceptorChain.java:131)
	at org.junit.jupiter.engine.extension.TimeoutExtension.intercept(TimeoutExtension.java:149)
	at org.junit.jupiter.engine.extension.TimeoutExtension.interceptTestableMethod(TimeoutExtension.java:140)
	at org.junit.jupiter.engine.extension.TimeoutExtension.interceptTestMethod(TimeoutExtension.java:84)
	at org.junit.jupiter.engine.execution.ExecutableInvoker$ReflectiveInterceptorCall.lambda$ofVoidMethod$0(ExecutableInvoker.java:115)
	at org.junit.jupiter.engine.execution.ExecutableInvoker.lambda$invoke$0(ExecutableInvoker.java:105)
	at org.junit.jupiter.engine.execution.InvocationInterceptorChain$InterceptedInvocation.proceed(InvocationInterceptorChain.java:106)
	at org.junit.jupiter.engine.execution.InvocationInterceptorChain.proceed(InvocationInterceptorChain.java:64)
	at org.junit.jupiter.engine.execution.InvocationInterceptorChain.chainAndInvoke(InvocationInterceptorChain.java:45)
	at org.junit.jupiter.engine.execution.InvocationInterceptorChain.invoke(InvocationInterceptorChain.java:37)
	at org.junit.jupiter.engine.execution.ExecutableInvoker.invoke(ExecutableInvoker.java:104)
	at org.junit.jupiter.engine.execution.ExecutableInvoker.invoke(ExecutableInvoker.java:98)
	at org.junit.jupiter.engine.descriptor.TestMethodTestDescriptor.lambda$invokeTestMethod$7(TestMethodTestDescriptor.java:214)
	at org.junit.platform.engine.support.hierarchical.ThrowableCollector.execute(ThrowableCollector.java:73)
	at org.junit.jupiter.engine.descriptor.TestMethodTestDescriptor.invokeTestMethod(TestMethodTestDescriptor.java:210)
	at org.junit.jupiter.engine.descriptor.TestMethodTestDescriptor.execute(TestMethodTestDescriptor.java:135)
	at org.junit.jupiter.engine.descriptor.TestMethodTestDescriptor.execute(TestMethodTestDescriptor.java:66)
	at org.junit.platform.engine.support.hierarchical.NodeTestTask.lambda$executeRecursively$6(NodeTestTask.java:151)
	at org.junit.platform.engine.support.hierarchical.ThrowableCollector.execute(ThrowableCollector.java:73)
	at org.junit.platform.engine.support.hierarchical.NodeTestTask.lambda$executeRecursively$8(NodeTestTask.java:141)
	at org.junit.platform.engine.support.hierarchical.Node.around(Node.java:137)
	at org.junit.platform.engine.support.hierarchical.NodeTestTask.lambda$executeRecursively$9(NodeTestTask.java:139)
	at org.junit.platform.engine.support.hierarchical.ThrowableCollector.execute(ThrowableCollector.java:73)
	at org.junit.platform.engine.support.hierarchical.NodeTestTask.executeRecursively(NodeTestTask.java:138)
	at org.junit.platform.engine.support.hierarchical.NodeTestTask.execute(NodeTestTask.java:95)
	at java.base/java.util.ArrayList.forEach(ArrayList.java:1511)
	at org.junit.platform.engine.support.hierarchical.SameThreadHierarchicalTestExecutorService.invokeAll(SameThreadHierarchicalTestExecutorService.java:41)
	at org.junit.platform.engine.support.hierarchical.NodeTestTask.lambda$executeRecursively$6(NodeTestTask.java:155)
	at org.junit.platform.engine.support.hierarchical.ThrowableCollector.execute(ThrowableCollector.java:73)
	at org.junit.platform.engine.support.hierarchical.NodeTestTask.lambda$executeRecursively$8(NodeTestTask.java:141)
	at org.junit.platform.engine.support.hierarchical.Node.around(Node.java:137)
	at org.junit.platform.engine.support.hierarchical.NodeTestTask.lambda$executeRecursively$9(NodeTestTask.java:139)
	at org.junit.platform.engine.support.hierarchical.ThrowableCollector.execute(ThrowableCollector.java:73)
	at org.junit.platform.engine.support.hierarchical.NodeTestTask.executeRecursively(NodeTestTask.java:138)
	at org.junit.platform.engine.support.hierarchical.NodeTestTask.execute(NodeTestTask.java:95)
	at java.base/java.util.ArrayList.forEach(ArrayList.java:1511)
	at org.junit.platform.engine.support.hierarchical.SameThreadHierarchicalTestExecutorService.invokeAll(SameThreadHierarchicalTestExecutorService.java:41)
	at org.junit.platform.engine.support.hierarchical.NodeTestTask.lambda$executeRecursively$6(NodeTestTask.java:155)
	at org.junit.platform.engine.support.hierarchical.ThrowableCollector.execute(ThrowableCollector.java:73)
	at org.junit.platform.engine.support.hierarchical.NodeTestTask.lambda$executeRecursively$8(NodeTestTask.java:141)
	at org.junit.platform.engine.support.hierarchical.Node.around(Node.java:137)
	at org.junit.platform.engine.support.hierarchical.NodeTestTask.lambda$executeRecursively$9(NodeTestTask.java:139)
	at org.junit.platform.engine.support.hierarchical.ThrowableCollector.execute(ThrowableCollector.java:73)
	at org.junit.platform.engine.support.hierarchical.NodeTestTask.executeRecursively(NodeTestTask.java:138)
	at org.junit.platform.engine.support.hierarchical.NodeTestTask.execute(NodeTestTask.java:95)
	at org.junit.platform.engine.support.hierarchical.SameThreadHierarchicalTestExecutorService.submit(SameThreadHierarchicalTestExecutorService.java:35)
	at org.junit.platform.engine.support.hierarchical.HierarchicalTestExecutor.execute(HierarchicalTestExecutor.java:57)
	at org.junit.platform.engine.support.hierarchical.HierarchicalTestEngine.execute(HierarchicalTestEngine.java:54)
	at org.junit.platform.launcher.core.DefaultLauncher.execute(DefaultLauncher.java:220)
	at org.junit.platform.launcher.core.DefaultLauncher.lambda$execute$6(DefaultLauncher.java:188)
	at org.junit.platform.launcher.core.DefaultLauncher.withInterceptedStreams(DefaultLauncher.java:202)
	at org.junit.platform.launcher.core.DefaultLauncher.execute(DefaultLauncher.java:181)
	at org.junit.platform.launcher.core.DefaultLauncher.execute(DefaultLauncher.java:128)
	at org.apache.maven.surefire.junitplatform.JUnitPlatformProvider.execute(JUnitPlatformProvider.java:188)
	at org.apache.maven.surefire.junitplatform.JUnitPlatformProvider.invokeAllTests(JUnitPlatformProvider.java:154)
	at org.apache.maven.surefire.junitplatform.JUnitPlatformProvider.invoke(JUnitPlatformProvider.java:128)
	at org.apache.maven.surefire.booter.ForkedBooter.runSuitesInProcess(ForkedBooter.java:428)
	at org.apache.maven.surefire.booter.ForkedBooter.execute(ForkedBooter.java:162)
	at org.apache.maven.surefire.booter.ForkedBooter.run(ForkedBooter.java:562)
	at org.apache.maven.surefire.booter.ForkedBooter.main(ForkedBooter.java:548)
]]></error>
  </testcase>
</testsuite>