<?xml version="1.0" encoding="UTF-8"?>
<testsuite xmlns:xsi="http://www.w3.org/2001/XMLSchema-instance" xsi:noNamespaceSchemaLocation="https://maven.apache.org/surefire/maven-surefire-plugin/xsd/surefire-test-report-3.0.xsd" version="3.0" name="com.udacity.webcrawler.WordCountsTest" time="0.004" tests="2" errors="0" skipped="0" failures="0">
  <properties>
    <property name="java.specification.version" value="19"/>
    <property name="sun.cpu.isalist" value="amd64"/>
    <property name="sun.jnu.encoding" value="Cp1252"/>
    <property name="java.class.path" value="C:\Users\Monica Kumaran\Documents\Projects\parallel-web-crawler\target\test-classes;C:\Users\Monica Kumaran\Documents\Projects\parallel-web-crawler\target\classes;C:\Users\Monica Kumaran\.m2\repository\com\google\inject\guice\5.1.0\guice-5.1.0.jar;C:\Users\Monica Kumaran\.m2\repository\aopalliance\aopalliance\1.0\aopalliance-1.0.jar;C:\Users\Monica Kumaran\.m2\repository\com\google\guava\guava\30.1-jre\guava-30.1-jre.jar;C:\Users\Monica Kumaran\.m2\repository\com\google\guava\failureaccess\1.0.1\failureaccess-1.0.1.jar;C:\Users\Monica Kumaran\.m2\repository\com\google\guava\listenablefuture\9999.0-empty-to-avoid-conflict-with-guava\listenablefuture-9999.0-empty-to-avoid-conflict-with-guava.jar;C:\Users\Monica Kumaran\.m2\repository\com\google\code\findbugs\jsr305\3.0.2\jsr305-3.0.2.jar;C:\Users\Monica Kumaran\.m2\repository\com\google\j2objc\j2objc-annotations\1.3\j2objc-annotations-1.3.jar;C:\Users\Monica Kumaran\.m2\repository\javax\inject\javax.inject\1\javax.inject-1.jar;C:\Users\Monica Kumaran\.m2\repository\com\fasterxml\jackson\core\jackson-core\2.13.3\jackson-core-2.13.3.jar;C:\Users\Monica Kumaran\.m2\repository\com\fasterxml\jackson\core\jackson-databind\2.13.3\jackson-databind-2.13.3.jar;C:\Users\Monica Kumaran\.m2\repository\com\fasterxml\jackson\core\jackson-annotations\2.13.3\jackson-annotations-2.13.3.jar;C:\Users\Monica Kumaran\.m2\repository\org\jsoup\jsoup\1.14.3\jsoup-1.14.3.jar;C:\Users\Monica Kumaran\.m2\repository\com\google\truth\truth\1.1.3\truth-1.1.3.jar;C:\Users\Monica Kumaran\.m2\repository\org\checkerframework\checker-qual\3.13.0\checker-qual-3.13.0.jar;C:\Users\Monica Kumaran\.m2\repository\junit\junit\4.13.2\junit-4.13.2.jar;C:\Users\Monica Kumaran\.m2\repository\org\hamcrest\hamcrest-core\1.3\hamcrest-core-1.3.jar;C:\Users\Monica Kumaran\.m2\repository\com\google\auto\value\auto-value-annotations\1.8.1\auto-value-annotations-1.8.1.jar;C:\Users\Monica Kumaran\.m2\repository\com\google\errorprone\error_prone_annotations\2.7.1\error_prone_annotations-2.7.1.jar;C:\Users\Monica Kumaran\.m2\repository\org\ow2\asm\asm\9.1\asm-9.1.jar;C:\Users\Monica Kumaran\.m2\repository\org\junit\jupiter\junit-jupiter\5.8.2\junit-jupiter-5.8.2.jar;C:\Users\Monica Kumaran\.m2\repository\org\junit\jupiter\junit-jupiter-api\5.8.2\junit-jupiter-api-5.8.2.jar;C:\Users\Monica Kumaran\.m2\repository\org\opentest4j\opentest4j\1.2.0\opentest4j-1.2.0.jar;C:\Users\Monica Kumaran\.m2\repository\org\junit\platform\junit-platform-commons\1.8.2\junit-platform-commons-1.8.2.jar;C:\Users\Monica Kumaran\.m2\repository\org\apiguardian\apiguardian-api\1.1.2\apiguardian-api-1.1.2.jar;C:\Users\Monica Kumaran\.m2\repository\org\junit\jupiter\junit-jupiter-params\5.8.2\junit-jupiter-params-5.8.2.jar;C:\Users\Monica Kumaran\.m2\repository\org\junit\jupiter\junit-jupiter-engine\5.8.2\junit-jupiter-engine-5.8.2.jar;C:\Users\Monica Kumaran\.m2\repository\org\junit\platform\junit-platform-engine\1.8.2\junit-platform-engine-1.8.2.jar;"/>
    <property name="java.vm.vendor" value="Oracle Corporation"/>
    <property name="sun.arch.data.model" value="64"/>
    <property name="testDataDir" value="C:\Users\Monica Kumaran\Documents\Projects\parallel-web-crawler/src/test/data"/>
    <property name="user.variant" value=""/>
    <property name="java.vendor.url" value="https://java.oracle.com/"/>
    <property name="user.timezone" value="America/Los_Angeles"/>
    <property name="os.name" value="Windows 11"/>
    <property name="java.vm.specification.version" value="19"/>
    <property name="crawlerImplementations" value="com.udacity.webcrawler.SequentialWebCrawler&#10;                                com.udacity.webcrawler.ParallelWebCrawler"/>
    <property name="sun.java.launcher" value="SUN_STANDARD"/>
    <property name="user.country" value="US"/>
    <property name="sun.boot.library.path" value="C:\Program Files\Java\jdk-19\bin"/>
    <property name="sun.java.command" value="C:\Users\Monica Kumaran\AppData\Local\Temp\surefire8470756847813183789\surefirebooter4749759160899147659.jar C:\Users\Monica Kumaran\AppData\Local\Temp\surefire8470756847813183789 2023-01-25T20-49-17_269-jvmRun1 surefire16172900754366647663tmp surefire_012037257541744791882tmp"/>
    <property name="jdk.debug" value="release"/>
    <property name="surefire.test.class.path" value="C:\Users\Monica Kumaran\Documents\Projects\parallel-web-crawler\target\test-classes;C:\Users\Monica Kumaran\Documents\Projects\parallel-web-crawler\target\classes;C:\Users\Monica Kumaran\.m2\repository\com\google\inject\guice\5.1.0\guice-5.1.0.jar;C:\Users\Monica Kumaran\.m2\repository\aopalliance\aopalliance\1.0\aopalliance-1.0.jar;C:\Users\Monica Kumaran\.m2\repository\com\google\guava\guava\30.1-jre\guava-30.1-jre.jar;C:\Users\Monica Kumaran\.m2\repository\com\google\guava\failureaccess\1.0.1\failureaccess-1.0.1.jar;C:\Users\Monica Kumaran\.m2\repository\com\google\guava\listenablefuture\9999.0-empty-to-avoid-conflict-with-guava\listenablefuture-9999.0-empty-to-avoid-conflict-with-guava.jar;C:\Users\Monica Kumaran\.m2\repository\com\google\code\findbugs\jsr305\3.0.2\jsr305-3.0.2.jar;C:\Users\Monica Kumaran\.m2\repository\com\google\j2objc\j2objc-annotations\1.3\j2objc-annotations-1.3.jar;C:\Users\Monica Kumaran\.m2\repository\javax\inject\javax.inject\1\javax.inject-1.jar;C:\Users\Monica Kumaran\.m2\repository\com\fasterxml\jackson\core\jackson-core\2.13.3\jackson-core-2.13.3.jar;C:\Users\Monica Kumaran\.m2\repository\com\fasterxml\jackson\core\jackson-databind\2.13.3\jackson-databind-2.13.3.jar;C:\Users\Monica Kumaran\.m2\repository\com\fasterxml\jackson\core\jackson-annotations\2.13.3\jackson-annotations-2.13.3.jar;C:\Users\Monica Kumaran\.m2\repository\org\jsoup\jsoup\1.14.3\jsoup-1.14.3.jar;C:\Users\Monica Kumaran\.m2\repository\com\google\truth\truth\1.1.3\truth-1.1.3.jar;C:\Users\Monica Kumaran\.m2\repository\org\checkerframework\checker-qual\3.13.0\checker-qual-3.13.0.jar;C:\Users\Monica Kumaran\.m2\repository\junit\junit\4.13.2\junit-4.13.2.jar;C:\Users\Monica Kumaran\.m2\repository\org\hamcrest\hamcrest-core\1.3\hamcrest-core-1.3.jar;C:\Users\Monica Kumaran\.m2\repository\com\google\auto\value\auto-value-annotations\1.8.1\auto-value-annotations-1.8.1.jar;C:\Users\Monica Kumaran\.m2\repository\com\google\errorprone\error_prone_annotations\2.7.1\error_prone_annotations-2.7.1.jar;C:\Users\Monica Kumaran\.m2\repository\org\ow2\asm\asm\9.1\asm-9.1.jar;C:\Users\Monica Kumaran\.m2\repository\org\junit\jupiter\junit-jupiter\5.8.2\junit-jupiter-5.8.2.jar;C:\Users\Monica Kumaran\.m2\repository\org\junit\jupiter\junit-jupiter-api\5.8.2\junit-jupiter-api-5.8.2.jar;C:\Users\Monica Kumaran\.m2\repository\org\opentest4j\opentest4j\1.2.0\opentest4j-1.2.0.jar;C:\Users\Monica Kumaran\.m2\repository\org\junit\platform\junit-platform-commons\1.8.2\junit-platform-commons-1.8.2.jar;C:\Users\Monica Kumaran\.m2\repository\org\apiguardian\apiguardian-api\1.1.2\apiguardian-api-1.1.2.jar;C:\Users\Monica Kumaran\.m2\repository\org\junit\jupiter\junit-jupiter-params\5.8.2\junit-jupiter-params-5.8.2.jar;C:\Users\Monica Kumaran\.m2\repository\org\junit\jupiter\junit-jupiter-engine\5.8.2\junit-jupiter-engine-5.8.2.jar;C:\Users\Monica Kumaran\.m2\repository\org\junit\platform\junit-platform-engine\1.8.2\junit-platform-engine-1.8.2.jar;"/>
    <property name="sun.cpu.endian" value="little"/>
    <property name="user.home" value="C:\Users\Monica Kumaran"/>
    <property name="user.language" value="en"/>
    <property name="java.specification.vendor" value="Oracle Corporation"/>
    <property name="java.version.date" value="2022-10-18"/>
    <property name="java.home" value="C:\Program Files\Java\jdk-19"/>
    <property name="file.separator" value="\"/>
    <property name="basedir" value="C:\Users\Monica Kumaran\Documents\Projects\parallel-web-crawler"/>
    <property name="java.vm.compressedOopsMode" value="32-bit"/>
    <property name="line.separator" value="&#10;"/>
    <property name="java.vm.specification.vendor" value="Oracle Corporation"/>
    <property name="java.specification.name" value="Java Platform API Specification"/>
    <property name="surefire.real.class.path" value="C:\Users\Monica Kumaran\AppData\Local\Temp\surefire8470756847813183789\surefirebooter4749759160899147659.jar"/>
    <property name="user.script" value=""/>
    <property name="sun.management.compiler" value="HotSpot 64-Bit Tiered Compilers"/>
    <property name="java.runtime.version" value="19.0.1+10-21"/>
    <property name="user.name" value="Monica Kumaran"/>
    <property name="stdout.encoding" value="Cp1252"/>
    <property name="path.separator" value=";"/>
    <property name="os.version" value="10.0"/>
    <property name="java.runtime.name" value="Java(TM) SE Runtime Environment"/>
    <property name="file.encoding" value="UTF-8"/>
    <property name="java.vm.name" value="Java HotSpot(TM) 64-Bit Server VM"/>
    <property name="localRepository" value="C:\Users\Monica Kumaran\.m2\repository"/>
    <property name="java.vendor.url.bug" value="https://bugreport.java.com/bugreport/"/>
    <property name="java.io.tmpdir" value="C:\Users\MONICA~1\AppData\Local\Temp\"/>
    <property name="java.version" value="19.0.1"/>
    <property name="user.dir" value="C:\Users\Monica Kumaran\Documents\Projects\parallel-web-crawler"/>
    <property name="os.arch" value="amd64"/>
    <property name="java.vm.specification.name" value="Java Virtual Machine Specification"/>
    <property name="sun.os.patch.level" value=""/>
    <property name="native.encoding" value="Cp1252"/>
    <property name="java.library.path" value="C:\Program Files\Java\jdk-19\bin;C:\windows\Sun\Java\bin;C:\windows\system32;C:\windows;C:\Program Files\Git\mingw64\bin;C:\Program Files\Git\usr\bin;C:\Users\Monica Kumaran\bin;C:\Program Files\Common Files\Oracle\Java\javapath;C:\windows\system32;C:\windows;C:\windows\System32\Wbem;C:\windows\System32\WindowsPowerShell\v1.0;C:\windows\System32\OpenSSH;C:\Program Files\Git\cmd;C:\Program Files\nodejs;C:\ProgramData\chocolatey\bin;C:\Program Files\Docker\Docker\resources\bin;C:\Program Files\Amazon\AWSCLIV2;C:\Program Files\Go\bin;C:\Users\Monica Kumaran\AppData\Local\Programs\Python\Python36\Scripts;C:\Users\Monica Kumaran\AppData\Local\Programs\Python\Python36;C:\Users\Monica Kumaran\AppData\Local\Programs\Python\Launcher;C:\Users\Monica Kumaran\AppData\Local\Microsoft\WindowsApps;C:\Users\Monica Kumaran\AppData\Local\Programs\Microsoft VS Code\bin;C:\Users\Monica Kumaran\AppData\Roaming\npm;C:\Program Files\PostgreSQL\15\bin;C:\Program Files\PostgreSQL\15\lib;C:\Python311\Lib\site-packages\flask;C:\Python311\Lib\site-packages\flask_sqlalchemy;C:\Python311;C:\Program Files\JetBrains\IntelliJ IDEA Community Edition 2022.3\bin;C:\Program Files\Java\jdk-19\bin;C:\Program Files\apache-maven-3.8.6\bin;C:\Users\Monica Kumaran\AppData\Local\Google\Cloud SDK\google-cloud-sdk\bin;C:\tools\dart-sdk\bin;C:\Users\Monica Kumaran\AppData\Roaming\Pub\Cache\bin;C:\Users\Monica Kumaran\go\bin;."/>
    <property name="java.vm.info" value="mixed mode, sharing"/>
    <property name="stderr.encoding" value="Cp1252"/>
    <property name="java.vendor" value="Oracle Corporation"/>
    <property name="java.vm.version" value="19.0.1+10-21"/>
    <property name="sun.io.unicode.encoding" value="UnicodeLittle"/>
    <property name="java.class.version" value="63.0"/>
  </properties>
  <testcase name="testNotEnoughWords" classname="com.udacity.webcrawler.WordCountsTest" time="0.001"/>
  <testcase name="testBasicOrder" classname="com.udacity.webcrawler.WordCountsTest" time="0"/>
</testsuite>